[17224:16668:0416/150855.555:INFO:chrome_browser_cloud_management_controller.cc(202)] No machine level policy manager exists.
[21988:18932:0416/150856.437:VERBOSE1:viz_main_impl.cc(85)] VizNullHypothesis is disabled (not a warning)
[20212:4684:0416/150856.525:INFO:cpu_info.cc(53)] Available number of cores: 4
[20368:13252:0416/150857.752:INFO:cpu_info.cc(53)] Available number of cores: 4
[13636:14992:0416/150858.910:INFO:cpu_info.cc(53)] Available number of cores: 4
[17224:16668:0416/150859.593:INFO:CONSOLE(693)] "%c%s color:teal;font-size:24px Developing an extension for Meet? An add-on would work better.", source: https://meet.google.com/_/scs/mss-static/_/js/k=boq-rtc.MeetingsUi.en_US.gaPuSYD7VvY.2020.O/am=xroLIJBGAwQAYwEDlAACAASAMgAgUgCBAwEGAHlwAAhgAAAAEICighgDAADgBgAEgY5-AO4yIcUBDA/d=1/excm=_b,_tp,calldesktoppageview/ed=1/dg=0/br=1/wt=2/ujg=1/rs=AL5CKSFM3c0D_Kolug_nqc-y9Njfvbi7Nw/m=_b,_tp?wli=MeetingsUi.CNUHYC6SC00.loadAudioAnalyzer.O%3A%3BMeetingsUi.xii40Mq5ps0.loadAudioEncoder.O%3A%3BMeetingsUi.H1nLoDTpHoA.loadNetEqLyraWrapper.O%3A%3BMeetingsUi.BgSaBhM4mEg.loadNetEqWrapper.O%3A%3B (693)
[17224:16668:0416/150859.601:INFO:CONSOLE(693)] "%c%s color:teal;font-size:16px Extensions frequently cause user issues by altering the page.", source: https://meet.google.com/_/scs/mss-static/_/js/k=boq-rtc.MeetingsUi.en_US.gaPuSYD7VvY.2020.O/am=xroLIJBGAwQAYwEDlAACAASAMgAgUgCBAwEGAHlwAAhgAAAAEICighgDAADgBgAEgY5-AO4yIcUBDA/d=1/excm=_b,_tp,calldesktoppageview/ed=1/dg=0/br=1/wt=2/ujg=1/rs=AL5CKSFM3c0D_Kolug_nqc-y9Njfvbi7Nw/m=_b,_tp?wli=MeetingsUi.CNUHYC6SC00.loadAudioAnalyzer.O%3A%3BMeetingsUi.xii40Mq5ps0.loadAudioEncoder.O%3A%3BMeetingsUi.H1nLoDTpHoA.loadNetEqLyraWrapper.O%3A%3BMeetingsUi.BgSaBhM4mEg.loadNetEqWrapper.O%3A%3B (693)
[17224:16668:0416/150859.601:INFO:CONSOLE(694)] "%c%s font-size:16px https://developers.google.com/meet/add-ons", source: https://meet.google.com/_/scs/mss-static/_/js/k=boq-rtc.MeetingsUi.en_US.gaPuSYD7VvY.2020.O/am=xroLIJBGAwQAYwEDlAACAASAMgAgUgCBAwEGAHlwAAhgAAAAEICighgDAADgBgAEgY5-AO4yIcUBDA/d=1/excm=_b,_tp,calldesktoppageview/ed=1/dg=0/br=1/wt=2/ujg=1/rs=AL5CKSFM3c0D_Kolug_nqc-y9Njfvbi7Nw/m=_b,_tp?wli=MeetingsUi.CNUHYC6SC00.loadAudioAnalyzer.O%3A%3BMeetingsUi.xii40Mq5ps0.loadAudioEncoder.O%3A%3BMeetingsUi.H1nLoDTpHoA.loadNetEqLyraWrapper.O%3A%3BMeetingsUi.BgSaBhM4mEg.loadNetEqWrapper.O%3A%3B (694)
[17224:16668:0416/150859.652:INFO:CONSOLE(624)] "%c%s color: red; background: yellow; font-size: 24px; WARNING!", source: https://meet.google.com/_/scs/mss-static/_/js/k=boq-rtc.MeetingsUi.en_US.gaPuSYD7VvY.2020.O/am=xroLIJBGAwQAYwEDlAACAASAMgAgUgCBAwEGAHlwAAhgAAAAEICighgDAADgBgAEgY5-AO4yIcUBDA/d=1/excm=_b,_tp,calldesktoppageview/ed=1/dg=0/br=1/wt=2/ujg=1/rs=AL5CKSFM3c0D_Kolug_nqc-y9Njfvbi7Nw/m=_b,_tp?wli=MeetingsUi.CNUHYC6SC00.loadAudioAnalyzer.O%3A%3BMeetingsUi.xii40Mq5ps0.loadAudioEncoder.O%3A%3BMeetingsUi.H1nLoDTpHoA.loadNetEqLyraWrapper.O%3A%3BMeetingsUi.BgSaBhM4mEg.loadNetEqWrapper.O%3A%3B (624)
[17224:16668:0416/150859.653:INFO:CONSOLE(624)] "%c%s font-size: 18px; Using this console may allow attackers to impersonate you and steal your information using an attack called Self-XSS.
Do not enter or paste code that you do not understand.", source: https://meet.google.com/_/scs/mss-static/_/js/k=boq-rtc.MeetingsUi.en_US.gaPuSYD7VvY.2020.O/am=xroLIJBGAwQAYwEDlAACAASAMgAgUgCBAwEGAHlwAAhgAAAAEICighgDAADgBgAEgY5-AO4yIcUBDA/d=1/excm=_b,_tp,calldesktoppageview/ed=1/dg=0/br=1/wt=2/ujg=1/rs=AL5CKSFM3c0D_Kolug_nqc-y9Njfvbi7Nw/m=_b,_tp?wli=MeetingsUi.CNUHYC6SC00.loadAudioAnalyzer.O%3A%3BMeetingsUi.xii40Mq5ps0.loadAudioEncoder.O%3A%3BMeetingsUi.H1nLoDTpHoA.loadNetEqLyraWrapper.O%3A%3BMeetingsUi.BgSaBhM4mEg.loadNetEqWrapper.O%3A%3B (624)
[13636:14992:0416/150901.378:INFO:sdp_video_format.cc(292)] Matched SdpVideoFormat Codec name: vp9, parameters: { } with Codec name: VP9, parameters: { profile-id=0 }, scalability_modes: [L1T1, L1T2, L1T3, L2T1, L2T1h, L2T1_KEY, L2T2, L2T2h, L2T2_KEY, L2T2_KEY_SHIFT, L2T3, L2T3h, L2T3_KEY, L3T1, L3T1h, L3T1_KEY, L3T2, L3T2h, L3T2_KEY, L3T3, L3T3h, L3T3_KEY, S2T1, S2T1h, S2T2, S2T2h, S2T3, S2T3h, S3T1, S3T1h, S3T2, S3T2h, S3T3, S3T3h]
[13636:14992:0416/150901.378:INFO:sdp_video_format.cc(292)] Matched SdpVideoFormat Codec name: vp9, parameters: { } with Codec name: VP9, parameters: { profile-id=0 }, scalability_modes: [L1T1, L1T2, L1T3, L2T1, L2T1h, L2T1_KEY, L2T2, L2T2h, L2T2_KEY, L2T2_KEY_SHIFT, L2T3, L2T3h, L2T3_KEY, L3T1, L3T1h, L3T1_KEY, L3T2, L3T2h, L3T2_KEY, L3T3, L3T3h, L3T3_KEY, S2T1, S2T1h, S2T2, S2T2h, S2T3, S2T3h, S3T1, S3T1h, S3T2, S3T2h, S3T3, S3T3h]
[13636:14992:0416/150901.382:INFO:sdp_video_format.cc(292)] Matched SdpVideoFormat Codec name: vp9, parameters: { } with Codec name: VP9, parameters: { profile-id=0 }, scalability_modes: [L1T1, L1T2, L1T3, L2T1, L2T1h, L2T1_KEY, L2T2, L2T2h, L2T2_KEY, L2T2_KEY_SHIFT, L2T3, L2T3h, L2T3_KEY, L3T1, L3T1h, L3T1_KEY, L3T2, L3T2h, L3T2_KEY, L3T3, L3T3h, L3T3_KEY, S2T1, S2T1h, S2T2, S2T2h, S2T3, S2T3h, S3T1, S3T1h, S3T2, S3T2h, S3T3, S3T3h]
[13636:14992:0416/150901.382:INFO:sdp_video_format.cc(292)] Matched SdpVideoFormat Codec name: vp9, parameters: { } with Codec name: VP9, parameters: { profile-id=0 }, scalability_modes: [L1T1, L1T2, L1T3, L2T1, L2T1h, L2T1_KEY, L2T2, L2T2h, L2T2_KEY, L2T2_KEY_SHIFT, L2T3, L2T3h, L2T3_KEY, L3T1, L3T1h, L3T1_KEY, L3T2, L3T2h, L3T2_KEY, L3T3, L3T3h, L3T3_KEY, S2T1, S2T1h, S2T2, S2T2h, S2T3, S2T3h, S3T1, S3T1h, S3T2, S3T2h, S3T3, S3T3h]
[13636:14992:0416/150901.382:INFO:sdp_video_format.cc(292)] Matched SdpVideoFormat Codec name: vp9, parameters: { } with Codec name: VP9, parameters: { profile-id=0 }, scalability_modes: [L1T1, L1T2, L1T3, L2T1, L2T1h, L2T1_KEY, L2T2, L2T2h, L2T2_KEY, L2T2_KEY_SHIFT, L2T3, L2T3h, L2T3_KEY, L3T1, L3T1h, L3T1_KEY, L3T2, L3T2h, L3T2_KEY, L3T3, L3T3h, L3T3_KEY, S2T1, S2T1h, S2T2, S2T2h, S2T3, S2T3h, S3T1, S3T1h, S3T2, S3T2h, S3T3, S3T3h]
[13636:14992:0416/150901.382:INFO:sdp_video_format.cc(292)] Matched SdpVideoFormat Codec name: vp9, parameters: { } with Codec name: VP9, parameters: { profile-id=0 }, scalability_modes: [L1T1, L1T2, L1T3, L2T1, L2T1h, L2T1_KEY, L2T2, L2T2h, L2T2_KEY, L2T2_KEY_SHIFT, L2T3, L2T3h, L2T3_KEY, L3T1, L3T1h, L3T1_KEY, L3T2, L3T2h, L3T2_KEY, L3T3, L3T3h, L3T3_KEY, S2T1, S2T1h, S2T2, S2T2h, S2T3, S2T3h, S3T1, S3T1h, S3T2, S3T2h, S3T3, S3T3h]
[13636:14992:0416/150901.382:INFO:sdp_video_format.cc(292)] Matched SdpVideoFormat Codec name: vp9, parameters: { } with Codec name: VP9, parameters: { profile-id=0 }, scalability_modes: [L1T1, L1T2, L1T3, L2T1, L2T1h, L2T1_KEY, L2T2, L2T2h, L2T2_KEY, L2T2_KEY_SHIFT, L2T3, L2T3h, L2T3_KEY, L3T1, L3T1h, L3T1_KEY, L3T2, L3T2h, L3T2_KEY, L3T3, L3T3h, L3T3_KEY, S2T1, S2T1h, S2T2, S2T2h, S2T3, S2T3h, S3T1, S3T1h, S3T2, S3T2h, S3T3, S3T3h]
[13636:14992:0416/150901.382:INFO:sdp_video_format.cc(292)] Matched SdpVideoFormat Codec name: vp9, parameters: { } with Codec name: VP9, parameters: { profile-id=0 }, scalability_modes: [L1T1, L1T2, L1T3, L2T1, L2T1h, L2T1_KEY, L2T2, L2T2h, L2T2_KEY, L2T2_KEY_SHIFT, L2T3, L2T3h, L2T3_KEY, L3T1, L3T1h, L3T1_KEY, L3T2, L3T2h, L3T2_KEY, L3T3, L3T3h, L3T3_KEY, S2T1, S2T1h, S2T2, S2T2h, S2T3, S2T3h, S3T1, S3T1h, S3T2, S3T2h, S3T3, S3T3h]
[13636:14992:0416/150901.382:INFO:sdp_video_format.cc(292)] Matched SdpVideoFormat Codec name: vp9, parameters: { } with Codec name: VP9, parameters: { profile-id=0 }, scalability_modes: [L1T1, L1T2, L1T3, L2T1, L2T1h, L2T1_KEY, L2T2, L2T2h, L2T2_KEY, L2T2_KEY_SHIFT, L2T3, L2T3h, L2T3_KEY, L3T1, L3T1h, L3T1_KEY, L3T2, L3T2h, L3T2_KEY, L3T3, L3T3h, L3T3_KEY, S2T1, S2T1h, S2T2, S2T2h, S2T3, S2T3h, S3T1, S3T1h, S3T2, S3T2h, S3T3, S3T3h]
[13636:14992:0416/150901.385:INFO:sdp_video_format.cc(292)] Matched SdpVideoFormat Codec name: vp8, parameters: { } with Codec name: VP8, parameters: { }, scalability_modes: [L1T1, L1T2, L1T3]
[13636:14992:0416/150901.385:INFO:sdp_video_format.cc(292)] Matched SdpVideoFormat Codec name: vp8, parameters: { } with Codec name: VP8, parameters: { }, scalability_modes: [L1T1, L1T2, L1T3]
[13636:14992:0416/150901.385:INFO:sdp_video_format.cc(292)] Matched SdpVideoFormat Codec name: vp8, parameters: { } with Codec name: VP8, parameters: { }, scalability_modes: [L1T1, L1T2, L1T3]
[13636:14992:0416/150901.385:INFO:sdp_video_format.cc(292)] Matched SdpVideoFormat Codec name: h264, parameters: { } with Codec name: H264, parameters: { level-asymmetry-allowed=1 packetization-mode=1 profile-level-id=42001f }, scalability_modes: [L1T1, L1T2, L1T3]
[13636:14992:0416/150901.385:INFO:sdp_video_format.cc(290)] Failed to match SdpVideoFormat Codec name: h265, parameters: { }
[13636:14992:0416/150901.385:INFO:sdp_video_format.cc(290)] Failed to match SdpVideoFormat Codec name: h265, parameters: { }
[13636:14992:0416/150901.385:INFO:sdp_video_format.cc(290)] Failed to match SdpVideoFormat Codec name: h265, parameters: { }
[13636:14992:0416/150901.385:INFO:sdp_video_format.cc(292)] Matched SdpVideoFormat Codec name: av1, parameters: { } with Codec name: AV1, parameters: { level-idx=5 profile=0 tier=0 }, scalability_modes: [L1T1, L1T2, L1T3, L2T1, L2T1h, L2T1_KEY, L2T2, L2T2h, L2T2_KEY, L2T2_KEY_SHIFT, L2T3, L2T3h, L2T3_KEY, L3T1, L3T1h, L3T1_KEY, L3T2, L3T2h, L3T2_KEY, L3T3, L3T3h, L3T3_KEY, S2T1, S2T1h, S2T2, S2T2h, S2T3, S2T3h, S3T1, S3T1h, S3T2, S3T2h, S3T3, S3T3h]
[13636:12472:0416/150901.658:INFO:sdp_video_format.cc(292)] Matched SdpVideoFormat Codec name: VP9, parameters: { } with Codec name: VP9, parameters: { profile-id=0 }, scalability_modes: [L1T1, L1T2, L1T3, L2T1, L2T1h, L2T1_KEY, L2T2, L2T2h, L2T2_KEY, L2T2_KEY_SHIFT, L2T3, L2T3h, L2T3_KEY, L3T1, L3T1h, L3T1_KEY, L3T2, L3T2h, L3T2_KEY, L3T3, L3T3h, L3T3_KEY, S2T1, S2T1h, S2T2, S2T2h, S2T3, S2T3h, S3T1, S3T1h, S3T2, S3T2h, S3T3, S3T3h]
[13636:12472:0416/150901.658:INFO:sdp_video_format.cc(292)] Matched SdpVideoFormat Codec name: AV1, parameters: { } with Codec name: AV1, parameters: { level-idx=5 profile=0 tier=0 }, scalability_modes: [L1T1, L1T2, L1T3, L2T1, L2T1h, L2T1_KEY, L2T2, L2T2h, L2T2_KEY, L2T2_KEY_SHIFT, L2T3, L2T3h, L2T3_KEY, L3T1, L3T1h, L3T1_KEY, L3T2, L3T2h, L3T2_KEY, L3T3, L3T3h, L3T3_KEY, S2T1, S2T1h, S2T2, S2T2h, S2T3, S2T3h, S3T1, S3T1h, S3T2, S3T2h, S3T3, S3T3h]
[13636:12472:0416/150901.658:INFO:sdp_video_format.cc(290)] Failed to match SdpVideoFormat Codec name: H265, parameters: { }
[13636:12472:0416/150901.658:INFO:peer_connection_dependency_factory.cc(802)] Running WebRTC with a combined Network and Worker thread.
[13636:12472:0416/150901.658:INFO:webrtc_voice_engine.cc(475)] WebRtcVoiceEngine::WebRtcVoiceEngine
[13636:22788:0416/150901.658:INFO:webrtc_voice_engine.cc(497)] WebRtcVoiceEngine::Init
[13636:22788:0416/150901.658:INFO:webrtc_voice_engine.cc(603)] WebRtcVoiceEngine::ApplyOptions: AudioOptions {aec: 1, agc: 1, ns: 1, hf: 1, swap: 0, audio_jitter_buffer_max_packets: 200, audio_jitter_buffer_fast_accelerate: 0, audio_jitter_buffer_min_delay_ms: 0, }
[13636:22788:0416/150901.658:INFO:peer_connection_factory.cc(380)] Using default network controller factory
[13636:22788:0416/150901.658:INFO:bitrate_prober.cc(54)] Bandwidth probing enabled, set to inactive
[13636:22788:0416/150901.658:INFO:transport_sequence_number_feedback_generator.cc(52)] Maximum interval between transport feedback RTCP messages: 250 ms
[13636:22788:0416/150901.658:INFO:aimd_rate_control.cc(87)] Using aimd rate control with back off factor 0.85
[13636:22788:0416/150901.658:INFO:remote_bitrate_estimator_single_stream.cc(53)] RemoteBitrateEstimatorSingleStream: Instantiating.
[13636:22788:0416/150901.663:INFO:openssl_key_pair.cc(40)] Making key pair
[13636:22788:0416/150901.663:INFO:openssl_key_pair.cc(93)] Returning key pair
[13636:22788:0416/150901.663:INFO:boringssl_certificate.cc(189)] Making certificate for WebRTC
[13636:22788:0416/150901.667:INFO:boringssl_certificate.cc(245)] Returning certificate
[13636:12472:0416/150901.667:INFO:peer_connection.cc(1101)] Adding video transceiver in response to a call to AddTransceiver.
[13636:12472:0416/150901.673:INFO:sdp_offer_answer.cc(2996)] Session: 8661946446356227541 Old state: stable New state: closed
[17224:16668:0416/150901.888:WARNING:capture_device_ranking.h(255)] Can't initialize the value of media.audio_input.user_preference_ranking because media.default_audio_capture_device isn't registered or is empty
[17224:16668:0416/150901.888:WARNING:capture_device_ranking.h(255)] Can't initialize the value of media.video_input.user_preference_ranking because media.default_video_capture_Device isn't registered or is empty
[17224:16668:0416/150901.888:WARNING:capture_device_ranking.h(255)] Can't initialize the value of media.audio_input.user_preference_ranking because media.default_audio_capture_device isn't registered or is empty
[17224:16668:0416/150901.888:WARNING:capture_device_ranking.h(255)] Can't initialize the value of media.video_input.user_preference_ranking because media.default_video_capture_Device isn't registered or is empty
[21988:18932:0416/150902.380:ERROR:gles2_cmd_decoder_passthrough.cc(956)] ContextResult::kFatalFailure: fail_if_major_perf_caveat + swiftshader
[17224:16668:0416/150903.031:WARNING:capture_device_ranking.h(255)] Can't initialize the value of media.audio_input.user_preference_ranking because media.default_audio_capture_device isn't registered or is empty
[17224:16668:0416/150903.031:WARNING:capture_device_ranking.h(255)] Can't initialize the value of media.video_input.user_preference_ranking because media.default_video_capture_Device isn't registered or is empty
[17224:16668:0416/150903.540:WARNING:capture_device_ranking.h(255)] Can't initialize the value of media.audio_input.user_preference_ranking because media.default_audio_capture_device isn't registered or is empty
[17224:16668:0416/150903.540:WARNING:capture_device_ranking.h(255)] Can't initialize the value of media.video_input.user_preference_ranking because media.default_video_capture_Device isn't registered or is empty
[17224:16668:0416/150903.834:INFO:CONSOLE(613)] "Uncaught (in promise) ConnectError: startupCode: 200, error = {
  statusCode = 403
  status = {
    Yj = {
      0 = 7
      1 = "The caller does not have permission"
      closure_uid_272284759 = 17
    }
    closure_uid_272284759 = 16
    wc = "v3Bbmc"
  }
  extraData = {
    Axb = 39
    PQa = undefined
    closure_uid_272284759 = 18
  }
  name = "GrpcErrorResponse"
  headers = {
    alt-svc = "h3=":443"; ma=2592000,h3-29=":443"; ma=2592000"
    content-encoding = "gzip"
    content-length = "59"
    content-type = "application/x-protobuf"
    date = "Wed, 16 Apr 2025 08:09:02 GMT"
    server = "ESF"
    vary = "Origin, X-Origin, Referer"
    x-content-type-options = "nosniff"
    x-frame-options = "SAMEORIGIN"
    x-l2-request-path = "l2-managed-9"
    x-xss-protection = "0"
    closure_uid_272284759 = 19
  }
  closure_uid_272284759 = 15
}", source: https://meet.google.com/_/scs/mss-static/_/js/k=boq-rtc.MeetingsUi.en_US.gaPuSYD7VvY.2020.O/ck=boq-rtc.MeetingsUi.fty8OhQoEVQ.L.B1.O/am=xroLIJBGAwQAYwEDlAACAASAMgAgUgCBAwEGAHlwAAhgAAAAEICighgDAADgBgAEgY5-AO4yIcUBDA/d=1/exm=A4UTCb,A5iG7e,A7fCU,ALJJub,Af18Qe,Af2VCc,AqUZy,BVgquf,CDstLe,CJeEuc,CrPWbe,DqbA0b,EFQ78c,EmRN4e,FSOnAf,FU117c,Fl2dbf,GJVpQd,GkRiKb,H9H6ie,I4aMuc,IHpeje,INwHbf,IZT63,Ivl8bd,J9PVmc,JGjVRe,JNoxi,JceZD,K4NgS,KMpyYe,KUM7Z,L1AAkb,LBaJxb,LEikZe,LvGhrf,MH0hJe,MI6k7c,MVkoYc,MdUzUe,MpJwZc,NwH0H,O1Gjze,O626Fe,O6y8ed,OMHQQd,OTA3Ae,Ot0YQ,P6sQOc,PAXA6c,PkooVe,PrPYRd,QIBHcd,QIhFr,QOUFuc,QQnX0,QcfBve,Qx89kd,R1C50e,RMhBfe,RiINWe,RqjULd,RwrTe,RyEXJc,RyvaUb,SdcwHb,SpsfSb,UUJqVe,Uas9Hd,UcUJif,Ulmmrd,V3dDOb,VXdfxd,W4c4Lb,WO9ee,WdGZAb,XCoqFe,XU5LFb,XVMNvd,XhPxYe,Z5uLle,ZDZcre,Zj6VZd,ZwDk9d,_b,_tp,aCBidb,aW3pY,byfTOb,cQllkb,ceF0cf,cfcnLe,d8M4Mc,dtQcwe,dyDNGc,e5qFLc,en2VH,fjbyL,g9HNd,gJzDyc,gychg,hIO81e,hItSFb,hKCjub,hKSk3e,hS0dzd,hc6Ubd,hl,i8oNZb,ix2CXc,kRDR8c,keNb9b,kgMFLe,kjKdXe,lazG7b,lfpdyf,lsjVmc,lwddkf,m9oV,mI3LFb,mSX26d,mdR7q,mzzZzc,n73qwf,ncpZGe,nokbA,o72XM,oJz28e,oL8w7b,oNfeAd,oSEAfc,oc9Zo,ohjZze,p3hmRc,pA398e,pjICDe,pvxRAf,pw70Gc,q0xTif,q54pYe,qUYJve,rCcCxc,rGxly,rm2zn,s39S4,sOXFj,sszRX,tLr4ud,texUgd,uHu91b,v3i0Z,vcMNpd,vyDpFd,w4Dafe,w9hDv,wdAvhd,wmnU7d,ws9Tlc,xQtZb,xUdipf,xXfMPe,yf5KH,zH4D3d,zbML3c,zj6ZKd,zr1jrb/excm=_b,_tp,calldesktoppageview/ed=1/br=1/wt=2/ujg=1/rs=AL5CKSHFqr-K3Aw3cRjdqhiQqGak3QsI0Q/ee=AM9HZd:vCak4b;BjCzpe:Yvr34d;Bnf5Lc:iPDrZd;CDC4qf:q6fE0e;CMRktf:sGrqec;DGWCxb:CgYiQ;E1tgbf:hMxPK;EAoUvb:aKikzb;EVNhjf:pw70Gc;EfKZq:QO2YB;EmZ2Bf:zr1jrb;GKUnZb:WNRENb;GmdGTd:Ct4wsb;IXc14:VZgraf;J9XQCb:ojlpPe;JLGZx:oSnDHf;JsINff:yeaFZ;JsbNhc:Xd8iUd;K5nYTd:ZDZcre;KKym4b:dTTbnb;KNpT6b:iSCite;KgXQpf:pQJdrb;LBgRLc:SdcwHb;LQJKcd:WuS5Ye;MJ6mxb:ubdYZ;Me32dd:MEeYgc;N8ehxe:AKukpf;NAHCGe:mxiOOb;NPKaK:SdcwHb;NSEoX:lazG7b;OOoYAb:Oj9pPe;PRDQhf:ux3mLc;PgXDBd:dm1dhc;Pjplud:EEDORb;QGR0gd:Mlhmy;QhhnXd:UqJYYe;RRwdt:gGRuRe;RYWUUc:anescc;Rh5nIc:JScXmc;SIjcAd:jrKD8b;SL22ab:CBRamd;SNUn3:ZwDk9d;SVOR2e:RqS4qe;SVvzme:BPB8ib;ScI3Yc:e7Hzgb;Szy1cf:nBpGQ;TB8xhd:AGa58c;ULs67c:bdUBJc;Up9aO:kY43Sc;Uvc8o:VDovNc;V7j7Sb:stsTjb;VJwZIe:q5U1uf;X6zUkd:u0z0vd;XSYl9e:GNVVIb;YBlgBf:LMo5Id;YIZmRd:A1yn5d;Ycdno:rkQZze;YfZO5c:CVuqWd;ZE1Tgd:kZF9ne;ZGeKvd:rb5w8b;ZT1aHd:g7FNPe;ZaFVgc:wOWhl;ZjyI3e:W2v6fc;a56pNe:JEfCwb;aPdIxb:F52gIc;bS8oAe:Kimhwf;brg6Gd:TlvL3b;cEt90b:ws9Tlc;cFl0Ie:PWJipc;cJj1Kd:A5k23d;cYTQve:GhXhl;cgbTHc:G8ycZ;dDPGef:IiQq4e;dIoSBb:SpsfSb;dYFttf:ZRxAzc;dowIGb:ebZ3mb;eBAeSb:zbML3c;esl3oe:Qz2vJf;fh9ycc:gHNvKb;g2wfV:DcDVld;gAClPb:ghdkwd;hgud7d:GNh0Qc;hoquJe:EjBUIf;iFQyKf:QIhFr;iKsOgb:cWjcJb;jRrT5d:EHUI2d;jg0vue:iItGlf;jtBjNe:dWHZee;kNqx7b:gzp7wb;kqpyR:qIJF2;l4RAwd:h5Fnie;l6twR:Fvyyad;lJ7cgb:Erp0q;lOO0Vd:OTA3Ae;lx9iFf:nVFiIc;m4bwx:htQxyf;nAFL3:s39S4;oFd48c:l7VM1e;oGtAuc:sOXFj;oJejCf:u1kdYb;p0iB4:VQhtq;pXdRYb:MdUzUe;qSBODf:H8X5pc;qafBPd:yDVVkb;qddgKe:xQtZb;qgOdad:vko54d;rWx8Cc:DxgUF;rarsed:Mb2qyd;rpiri:tZyrxe;sgnAWd:HkSoT;ssiZFc:BhQ85d;vKM7Jb:cWjcJb;w1T0Td:xpWMVc;wR5FRb:O1Gjze;x2i2de:zeWni;x4CZme:lCtfC;xbOSgd:e5G55;xqZiqf:wmnU7d;ye9FMd:KC9GA;yxTchf:KUM7Z;zBvUNc:fT8Mbb;zJxI2:kxz7Nb;zxnPse:GkRiKb/m=yEk6Te,xbDtq,CqZKyc,IC29Ne,FNEVwb,EbM8gf,gJHvUb,FH3f2d,JTBQeb,c4XQ6d?wli=MeetingsUi.CNUHYC6SC00.loadAudioAnalyzer.O%3A%3BMeetingsUi.xii40Mq5ps0.loadAudioEncoder.O%3A%3BMeetingsUi.H1nLoDTpHoA.loadNetEqLyraWrapper.O%3A%3BMeetingsUi.BgSaBhM4mEg.loadNetEqWrapper.O%3A%3B (613)
[17224:16668:0416/150903.834:INFO:CONSOLE(536)] "Uncaught (in promise) ConnectError: startupCode: 200, error = {
  statusCode = 403
  status = {
    Yj = {
      0 = 7
      1 = "The caller does not have permission"
      closure_uid_272284759 = 17
    }
    closure_uid_272284759 = 16
    wc = "v3Bbmc"
  }
  extraData = {
    Axb = 39
    PQa = undefined
    closure_uid_272284759 = 18
  }
  name = "GrpcErrorResponse"
  headers = {
    alt-svc = "h3=":443"; ma=2592000,h3-29=":443"; ma=2592000"
    content-encoding = "gzip"
    content-length = "59"
    content-type = "application/x-protobuf"
    date = "Wed, 16 Apr 2025 08:09:02 GMT"
    server = "ESF"
    vary = "Origin, X-Origin, Referer"
    x-content-type-options = "nosniff"
    x-frame-options = "SAMEORIGIN"
    x-l2-request-path = "l2-managed-9"
    x-xss-protection = "0"
    closure_uid_272284759 = 19
  }
  closure_uid_272284759 = 15
}", source: https://meet.google.com/_/scs/mss-static/_/js/k=boq-rtc.MeetingsUi.en_US.gaPuSYD7VvY.2020.O/ck=boq-rtc.MeetingsUi.fty8OhQoEVQ.L.B1.O/am=xroLIJBGAwQAYwEDlAACAASAMgAgUgCBAwEGAHlwAAhgAAAAEICighgDAADgBgAEgY5-AO4yIcUBDA/d=1/exm=A4UTCb,A5iG7e,A7fCU,ALJJub,Af18Qe,Af2VCc,AqUZy,BVgquf,CDstLe,CJeEuc,CrPWbe,DqbA0b,EFQ78c,EmRN4e,FSOnAf,FU117c,Fl2dbf,GJVpQd,GkRiKb,H9H6ie,I4aMuc,IHpeje,INwHbf,IZT63,Ivl8bd,J9PVmc,JGjVRe,JNoxi,JceZD,K4NgS,KMpyYe,KUM7Z,L1AAkb,LBaJxb,LEikZe,LvGhrf,MH0hJe,MI6k7c,MVkoYc,MdUzUe,MpJwZc,NwH0H,O1Gjze,O626Fe,O6y8ed,OMHQQd,OTA3Ae,Ot0YQ,P6sQOc,PAXA6c,PkooVe,PrPYRd,QIBHcd,QIhFr,QOUFuc,QQnX0,QcfBve,Qx89kd,R1C50e,RMhBfe,RiINWe,RqjULd,RwrTe,RyEXJc,RyvaUb,SdcwHb,SpsfSb,UUJqVe,Uas9Hd,UcUJif,Ulmmrd,V3dDOb,VXdfxd,W4c4Lb,WO9ee,WdGZAb,XCoqFe,XU5LFb,XVMNvd,XhPxYe,Z5uLle,ZDZcre,Zj6VZd,ZwDk9d,_b,_tp,aCBidb,aW3pY,byfTOb,cQllkb,ceF0cf,cfcnLe,d8M4Mc,dtQcwe,dyDNGc,e5qFLc,en2VH,fjbyL,g9HNd,gJzDyc,gychg,hIO81e,hItSFb,hKCjub,hKSk3e,hS0dzd,hc6Ubd,hl,i8oNZb,ix2CXc,kRDR8c,keNb9b,kgMFLe,kjKdXe,lazG7b,lfpdyf,lsjVmc,lwddkf,m9oV,mI3LFb,mSX26d,mdR7q,mzzZzc,n73qwf,ncpZGe,nokbA,o72XM,oJz28e,oL8w7b,oNfeAd,oSEAfc,oc9Zo,ohjZze,p3hmRc,pA398e,pjICDe,pvxRAf,pw70Gc,q0xTif,q54pYe,qUYJve,rCcCxc,rGxly,rm2zn,s39S4,sOXFj,sszRX,tLr4ud,texUgd,uHu91b,v3i0Z,vcMNpd,vyDpFd,w4Dafe,w9hDv,wdAvhd,wmnU7d,ws9Tlc,xQtZb,xUdipf,xXfMPe,yf5KH,zH4D3d,zbML3c,zj6ZKd,zr1jrb/excm=_b,_tp,calldesktoppageview/ed=1/br=1/wt=2/ujg=1/rs=AL5CKSHFqr-K3Aw3cRjdqhiQqGak3QsI0Q/ee=AM9HZd:vCak4b;BjCzpe:Yvr34d;Bnf5Lc:iPDrZd;CDC4qf:q6fE0e;CMRktf:sGrqec;DGWCxb:CgYiQ;E1tgbf:hMxPK;EAoUvb:aKikzb;EVNhjf:pw70Gc;EfKZq:QO2YB;EmZ2Bf:zr1jrb;GKUnZb:WNRENb;GmdGTd:Ct4wsb;IXc14:VZgraf;J9XQCb:ojlpPe;JLGZx:oSnDHf;JsINff:yeaFZ;JsbNhc:Xd8iUd;K5nYTd:ZDZcre;KKym4b:dTTbnb;KNpT6b:iSCite;KgXQpf:pQJdrb;LBgRLc:SdcwHb;LQJKcd:WuS5Ye;MJ6mxb:ubdYZ;Me32dd:MEeYgc;N8ehxe:AKukpf;NAHCGe:mxiOOb;NPKaK:SdcwHb;NSEoX:lazG7b;OOoYAb:Oj9pPe;PRDQhf:ux3mLc;PgXDBd:dm1dhc;Pjplud:EEDORb;QGR0gd:Mlhmy;QhhnXd:UqJYYe;RRwdt:gGRuRe;RYWUUc:anescc;Rh5nIc:JScXmc;SIjcAd:jrKD8b;SL22ab:CBRamd;SNUn3:ZwDk9d;SVOR2e:RqS4qe;SVvzme:BPB8ib;ScI3Yc:e7Hzgb;Szy1cf:nBpGQ;TB8xhd:AGa58c;ULs67c:bdUBJc;Up9aO:kY43Sc;Uvc8o:VDovNc;V7j7Sb:stsTjb;VJwZIe:q5U1uf;X6zUkd:u0z0vd;XSYl9e:GNVVIb;YBlgBf:LMo5Id;YIZmRd:A1yn5d;Ycdno:rkQZze;YfZO5c:CVuqWd;ZE1Tgd:kZF9ne;ZGeKvd:rb5w8b;ZT1aHd:g7FNPe;ZaFVgc:wOWhl;ZjyI3e:W2v6fc;a56pNe:JEfCwb;aPdIxb:F52gIc;bS8oAe:Kimhwf;brg6Gd:TlvL3b;cEt90b:ws9Tlc;cFl0Ie:PWJipc;cJj1Kd:A5k23d;cYTQve:GhXhl;cgbTHc:G8ycZ;dDPGef:IiQq4e;dIoSBb:SpsfSb;dYFttf:ZRxAzc;dowIGb:ebZ3mb;eBAeSb:zbML3c;esl3oe:Qz2vJf;fh9ycc:gHNvKb;g2wfV:DcDVld;gAClPb:ghdkwd;hgud7d:GNh0Qc;hoquJe:EjBUIf;iFQyKf:QIhFr;iKsOgb:cWjcJb;jRrT5d:EHUI2d;jg0vue:iItGlf;jtBjNe:dWHZee;kNqx7b:gzp7wb;kqpyR:qIJF2;l4RAwd:h5Fnie;l6twR:Fvyyad;lJ7cgb:Erp0q;lOO0Vd:OTA3Ae;lx9iFf:nVFiIc;m4bwx:htQxyf;nAFL3:s39S4;oFd48c:l7VM1e;oGtAuc:sOXFj;oJejCf:u1kdYb;p0iB4:VQhtq;pXdRYb:MdUzUe;qSBODf:H8X5pc;qafBPd:yDVVkb;qddgKe:xQtZb;qgOdad:vko54d;rWx8Cc:DxgUF;rarsed:Mb2qyd;rpiri:tZyrxe;sgnAWd:HkSoT;ssiZFc:BhQ85d;vKM7Jb:cWjcJb;w1T0Td:xpWMVc;wR5FRb:O1Gjze;x2i2de:zeWni;x4CZme:lCtfC;xbOSgd:e5G55;xqZiqf:wmnU7d;ye9FMd:KC9GA;yxTchf:KUM7Z;zBvUNc:fT8Mbb;zJxI2:kxz7Nb;zxnPse:GkRiKb/m=yEk6Te,xbDtq,CqZKyc,IC29Ne,FNEVwb,EbM8gf,gJHvUb,FH3f2d,JTBQeb,c4XQ6d?wli=MeetingsUi.CNUHYC6SC00.loadAudioAnalyzer.O%3A%3BMeetingsUi.xii40Mq5ps0.loadAudioEncoder.O%3A%3BMeetingsUi.H1nLoDTpHoA.loadNetEqLyraWrapper.O%3A%3BMeetingsUi.BgSaBhM4mEg.loadNetEqWrapper.O%3A%3B (536)
[17224:16668:0416/150903.834:INFO:CONSOLE(2679)] "Uncaught (in promise) CustomError: oh", source: https://meet.google.com/_/scs/mss-static/_/js/k=boq-rtc.MeetingsUi.en_US.gaPuSYD7VvY.2020.O/ck=boq-rtc.MeetingsUi.fty8OhQoEVQ.L.B1.O/am=xroLIJBGAwQAYwEDlAACAASAMgAgUgCBAwEGAHlwAAhgAAAAEICighgDAADgBgAEgY5-AO4yIcUBDA/d=1/exm=LEikZe,_b,_tp,byfTOb,lsjVmc/excm=_b,_tp,calldesktoppageview/ed=1/br=1/wt=2/ujg=1/rs=AL5CKSHFqr-K3Aw3cRjdqhiQqGak3QsI0Q/ee=AM9HZd:vCak4b;BjCzpe:Yvr34d;Bnf5Lc:iPDrZd;CDC4qf:q6fE0e;CMRktf:sGrqec;DGWCxb:CgYiQ;E1tgbf:hMxPK;EAoUvb:aKikzb;EVNhjf:pw70Gc;EfKZq:QO2YB;EmZ2Bf:zr1jrb;GKUnZb:WNRENb;GmdGTd:Ct4wsb;IXc14:VZgraf;J9XQCb:ojlpPe;JLGZx:oSnDHf;JsINff:yeaFZ;JsbNhc:Xd8iUd;K5nYTd:ZDZcre;KKym4b:dTTbnb;KNpT6b:iSCite;KgXQpf:pQJdrb;LBgRLc:SdcwHb;LQJKcd:WuS5Ye;MJ6mxb:ubdYZ;Me32dd:MEeYgc;N8ehxe:AKukpf;NAHCGe:mxiOOb;NPKaK:SdcwHb;NSEoX:lazG7b;OOoYAb:Oj9pPe;PRDQhf:ux3mLc;PgXDBd:dm1dhc;Pjplud:EEDORb;QGR0gd:Mlhmy;QhhnXd:UqJYYe;RRwdt:gGRuRe;RYWUUc:anescc;Rh5nIc:JScXmc;SIjcAd:jrKD8b;SL22ab:CBRamd;SNUn3:ZwDk9d;SVOR2e:RqS4qe;SVvzme:BPB8ib;ScI3Yc:e7Hzgb;Szy1cf:nBpGQ;TB8xhd:AGa58c;ULs67c:bdUBJc;Up9aO:kY43Sc;Uvc8o:VDovNc;V7j7Sb:stsTjb;VJwZIe:q5U1uf;X6zUkd:u0z0vd;XSYl9e:GNVVIb;YBlgBf:LMo5Id;YIZmRd:A1yn5d;Ycdno:rkQZze;YfZO5c:CVuqWd;ZE1Tgd:kZF9ne;ZGeKvd:rb5w8b;ZT1aHd:g7FNPe;ZaFVgc:wOWhl;ZjyI3e:W2v6fc;a56pNe:JEfCwb;aPdIxb:F52gIc;bS8oAe:Kimhwf;brg6Gd:TlvL3b;cEt90b:ws9Tlc;cFl0Ie:PWJipc;cJj1Kd:A5k23d;cYTQve:GhXhl;cgbTHc:G8ycZ;dDPGef:IiQq4e;dIoSBb:SpsfSb;dYFttf:ZRxAzc;dowIGb:ebZ3mb;eBAeSb:zbML3c;esl3oe:Qz2vJf;fh9ycc:gHNvKb;g2wfV:DcDVld;gAClPb:ghdkwd;hgud7d:GNh0Qc;hoquJe:EjBUIf;iFQyKf:QIhFr;iKsOgb:cWjcJb;jRrT5d:EHUI2d;jg0vue:iItGlf;jtBjNe:dWHZee;kNqx7b:gzp7wb;kqpyR:qIJF2;l4RAwd:h5Fnie;l6twR:Fvyyad;lJ7cgb:Erp0q;lOO0Vd:OTA3Ae;lx9iFf:nVFiIc;m4bwx:htQxyf;nAFL3:s39S4;oFd48c:l7VM1e;oGtAuc:sOXFj;oJejCf:u1kdYb;p0iB4:VQhtq;pXdRYb:MdUzUe;qSBODf:H8X5pc;qafBPd:yDVVkb;qddgKe:xQtZb;qgOdad:vko54d;rWx8Cc:DxgUF;rarsed:Mb2qyd;rpiri:tZyrxe;sgnAWd:HkSoT;ssiZFc:BhQ85d;vKM7Jb:cWjcJb;w1T0Td:xpWMVc;wR5FRb:O1Gjze;x2i2de:zeWni;x4CZme:lCtfC;xbOSgd:e5G55;xqZiqf:wmnU7d;ye9FMd:KC9GA;yxTchf:KUM7Z;zBvUNc:fT8Mbb;zJxI2:kxz7Nb;zxnPse:GkRiKb/m=ws9Tlc,n73qwf,GkRiKb,e5qFLc,IZT63,UUJqVe,O1Gjze,xUdipf,ZDZcre,OTA3Ae,ZwDk9d,RyvaUb,mI3LFb,XU5LFb,m9oV,hl,P6sQOc,QcfBve,mzzZzc,rCcCxc,mSX26d,WO9ee,JGjVRe,ncpZGe,CJeEuc,en2VH,ALJJub,kRDR8c,H9H6ie,sszRX,FU117c,QQnX0,uHu91b,kgMFLe,hKCjub,O6y8ed,PrPYRd,MpJwZc,NwH0H,V3dDOb,lazG7b,Ivl8bd,g9HNd,XVMNvd,L1AAkb,KUM7Z,Fl2dbf,s39S4,lwddkf,gychg,w9hDv,RMhBfe,SdcwHb,aW3pY,texUgd,pw70Gc,EFQ78c,Ulmmrd,A7fCU,mdR7q,wmnU7d,xQtZb,FSOnAf,gJzDyc,JNoxi,MI6k7c,kjKdXe,BVgquf,QIhFr,lfpdyf,hKSk3e,hc6Ubd,SpsfSb,Z5uLle,MdUzUe,zbML3c,zr1jrb,Uas9Hd,pjICDe?wli=MeetingsUi.CNUHYC6SC00.loadAudioAnalyzer.O%3A%3BMeetingsUi.xii40Mq5ps0.loadAudioEncoder.O%3A%3BMeetingsUi.H1nLoDTpHoA.loadNetEqLyraWrapper.O%3A%3BMeetingsUi.BgSaBhM4mEg.loadNetEqWrapper.O%3A%3B (2679)
[17224:16668:0416/150903.834:INFO:CONSOLE(4342)] "Uncaught (in promise) DisconnectedError: DisconnectedError, EndCause = 72", source: https://meet.google.com/_/scs/mss-static/_/js/k=boq-rtc.MeetingsUi.en_US.gaPuSYD7VvY.2020.O/ck=boq-rtc.MeetingsUi.fty8OhQoEVQ.L.B1.O/am=xroLIJBGAwQAYwEDlAACAASAMgAgUgCBAwEGAHlwAAhgAAAAEICighgDAADgBgAEgY5-AO4yIcUBDA/d=1/exm=LEikZe,_b,_tp,byfTOb,lsjVmc/excm=_b,_tp,calldesktoppageview/ed=1/br=1/wt=2/ujg=1/rs=AL5CKSHFqr-K3Aw3cRjdqhiQqGak3QsI0Q/ee=AM9HZd:vCak4b;BjCzpe:Yvr34d;Bnf5Lc:iPDrZd;CDC4qf:q6fE0e;CMRktf:sGrqec;DGWCxb:CgYiQ;E1tgbf:hMxPK;EAoUvb:aKikzb;EVNhjf:pw70Gc;EfKZq:QO2YB;EmZ2Bf:zr1jrb;GKUnZb:WNRENb;GmdGTd:Ct4wsb;IXc14:VZgraf;J9XQCb:ojlpPe;JLGZx:oSnDHf;JsINff:yeaFZ;JsbNhc:Xd8iUd;K5nYTd:ZDZcre;KKym4b:dTTbnb;KNpT6b:iSCite;KgXQpf:pQJdrb;LBgRLc:SdcwHb;LQJKcd:WuS5Ye;MJ6mxb:ubdYZ;Me32dd:MEeYgc;N8ehxe:AKukpf;NAHCGe:mxiOOb;NPKaK:SdcwHb;NSEoX:lazG7b;OOoYAb:Oj9pPe;PRDQhf:ux3mLc;PgXDBd:dm1dhc;Pjplud:EEDORb;QGR0gd:Mlhmy;QhhnXd:UqJYYe;RRwdt:gGRuRe;RYWUUc:anescc;Rh5nIc:JScXmc;SIjcAd:jrKD8b;SL22ab:CBRamd;SNUn3:ZwDk9d;SVOR2e:RqS4qe;SVvzme:BPB8ib;ScI3Yc:e7Hzgb;Szy1cf:nBpGQ;TB8xhd:AGa58c;ULs67c:bdUBJc;Up9aO:kY43Sc;Uvc8o:VDovNc;V7j7Sb:stsTjb;VJwZIe:q5U1uf;X6zUkd:u0z0vd;XSYl9e:GNVVIb;YBlgBf:LMo5Id;YIZmRd:A1yn5d;Ycdno:rkQZze;YfZO5c:CVuqWd;ZE1Tgd:kZF9ne;ZGeKvd:rb5w8b;ZT1aHd:g7FNPe;ZaFVgc:wOWhl;ZjyI3e:W2v6fc;a56pNe:JEfCwb;aPdIxb:F52gIc;bS8oAe:Kimhwf;brg6Gd:TlvL3b;cEt90b:ws9Tlc;cFl0Ie:PWJipc;cJj1Kd:A5k23d;cYTQve:GhXhl;cgbTHc:G8ycZ;dDPGef:IiQq4e;dIoSBb:SpsfSb;dYFttf:ZRxAzc;dowIGb:ebZ3mb;eBAeSb:zbML3c;esl3oe:Qz2vJf;fh9ycc:gHNvKb;g2wfV:DcDVld;gAClPb:ghdkwd;hgud7d:GNh0Qc;hoquJe:EjBUIf;iFQyKf:QIhFr;iKsOgb:cWjcJb;jRrT5d:EHUI2d;jg0vue:iItGlf;jtBjNe:dWHZee;kNqx7b:gzp7wb;kqpyR:qIJF2;l4RAwd:h5Fnie;l6twR:Fvyyad;lJ7cgb:Erp0q;lOO0Vd:OTA3Ae;lx9iFf:nVFiIc;m4bwx:htQxyf;nAFL3:s39S4;oFd48c:l7VM1e;oGtAuc:sOXFj;oJejCf:u1kdYb;p0iB4:VQhtq;pXdRYb:MdUzUe;qSBODf:H8X5pc;qafBPd:yDVVkb;qddgKe:xQtZb;qgOdad:vko54d;rWx8Cc:DxgUF;rarsed:Mb2qyd;rpiri:tZyrxe;sgnAWd:HkSoT;ssiZFc:BhQ85d;vKM7Jb:cWjcJb;w1T0Td:xpWMVc;wR5FRb:O1Gjze;x2i2de:zeWni;x4CZme:lCtfC;xbOSgd:e5G55;xqZiqf:wmnU7d;ye9FMd:KC9GA;yxTchf:KUM7Z;zBvUNc:fT8Mbb;zJxI2:kxz7Nb;zxnPse:GkRiKb/m=ws9Tlc,n73qwf,GkRiKb,e5qFLc,IZT63,UUJqVe,O1Gjze,xUdipf,ZDZcre,OTA3Ae,ZwDk9d,RyvaUb,mI3LFb,XU5LFb,m9oV,hl,P6sQOc,QcfBve,mzzZzc,rCcCxc,mSX26d,WO9ee,JGjVRe,ncpZGe,CJeEuc,en2VH,ALJJub,kRDR8c,H9H6ie,sszRX,FU117c,QQnX0,uHu91b,kgMFLe,hKCjub,O6y8ed,PrPYRd,MpJwZc,NwH0H,V3dDOb,lazG7b,Ivl8bd,g9HNd,XVMNvd,L1AAkb,KUM7Z,Fl2dbf,s39S4,lwddkf,gychg,w9hDv,RMhBfe,SdcwHb,aW3pY,texUgd,pw70Gc,EFQ78c,Ulmmrd,A7fCU,mdR7q,wmnU7d,xQtZb,FSOnAf,gJzDyc,JNoxi,MI6k7c,kjKdXe,BVgquf,QIhFr,lfpdyf,hKSk3e,hc6Ubd,SpsfSb,Z5uLle,MdUzUe,zbML3c,zr1jrb,Uas9Hd,pjICDe?wli=MeetingsUi.CNUHYC6SC00.loadAudioAnalyzer.O%3A%3BMeetingsUi.xii40Mq5ps0.loadAudioEncoder.O%3A%3BMeetingsUi.H1nLoDTpHoA.loadNetEqLyraWrapper.O%3A%3BMeetingsUi.BgSaBhM4mEg.loadNetEqWrapper.O%3A%3B (4342)
[17224:16668:0416/150903.842:INFO:CONSOLE(4342)] "Uncaught (in promise) DisconnectedError: DisconnectedError, EndCause = 72", source: https://meet.google.com/_/scs/mss-static/_/js/k=boq-rtc.MeetingsUi.en_US.gaPuSYD7VvY.2020.O/ck=boq-rtc.MeetingsUi.fty8OhQoEVQ.L.B1.O/am=xroLIJBGAwQAYwEDlAACAASAMgAgUgCBAwEGAHlwAAhgAAAAEICighgDAADgBgAEgY5-AO4yIcUBDA/d=1/exm=LEikZe,_b,_tp,byfTOb,lsjVmc/excm=_b,_tp,calldesktoppageview/ed=1/br=1/wt=2/ujg=1/rs=AL5CKSHFqr-K3Aw3cRjdqhiQqGak3QsI0Q/ee=AM9HZd:vCak4b;BjCzpe:Yvr34d;Bnf5Lc:iPDrZd;CDC4qf:q6fE0e;CMRktf:sGrqec;DGWCxb:CgYiQ;E1tgbf:hMxPK;EAoUvb:aKikzb;EVNhjf:pw70Gc;EfKZq:QO2YB;EmZ2Bf:zr1jrb;GKUnZb:WNRENb;GmdGTd:Ct4wsb;IXc14:VZgraf;J9XQCb:ojlpPe;JLGZx:oSnDHf;JsINff:yeaFZ;JsbNhc:Xd8iUd;K5nYTd:ZDZcre;KKym4b:dTTbnb;KNpT6b:iSCite;KgXQpf:pQJdrb;LBgRLc:SdcwHb;LQJKcd:WuS5Ye;MJ6mxb:ubdYZ;Me32dd:MEeYgc;N8ehxe:AKukpf;NAHCGe:mxiOOb;NPKaK:SdcwHb;NSEoX:lazG7b;OOoYAb:Oj9pPe;PRDQhf:ux3mLc;PgXDBd:dm1dhc;Pjplud:EEDORb;QGR0gd:Mlhmy;QhhnXd:UqJYYe;RRwdt:gGRuRe;RYWUUc:anescc;Rh5nIc:JScXmc;SIjcAd:jrKD8b;SL22ab:CBRamd;SNUn3:ZwDk9d;SVOR2e:RqS4qe;SVvzme:BPB8ib;ScI3Yc:e7Hzgb;Szy1cf:nBpGQ;TB8xhd:AGa58c;ULs67c:bdUBJc;Up9aO:kY43Sc;Uvc8o:VDovNc;V7j7Sb:stsTjb;VJwZIe:q5U1uf;X6zUkd:u0z0vd;XSYl9e:GNVVIb;YBlgBf:LMo5Id;YIZmRd:A1yn5d;Ycdno:rkQZze;YfZO5c:CVuqWd;ZE1Tgd:kZF9ne;ZGeKvd:rb5w8b;ZT1aHd:g7FNPe;ZaFVgc:wOWhl;ZjyI3e:W2v6fc;a56pNe:JEfCwb;aPdIxb:F52gIc;bS8oAe:Kimhwf;brg6Gd:TlvL3b;cEt90b:ws9Tlc;cFl0Ie:PWJipc;cJj1Kd:A5k23d;cYTQve:GhXhl;cgbTHc:G8ycZ;dDPGef:IiQq4e;dIoSBb:SpsfSb;dYFttf:ZRxAzc;dowIGb:ebZ3mb;eBAeSb:zbML3c;esl3oe:Qz2vJf;fh9ycc:gHNvKb;g2wfV:DcDVld;gAClPb:ghdkwd;hgud7d:GNh0Qc;hoquJe:EjBUIf;iFQyKf:QIhFr;iKsOgb:cWjcJb;jRrT5d:EHUI2d;jg0vue:iItGlf;jtBjNe:dWHZee;kNqx7b:gzp7wb;kqpyR:qIJF2;l4RAwd:h5Fnie;l6twR:Fvyyad;lJ7cgb:Erp0q;lOO0Vd:OTA3Ae;lx9iFf:nVFiIc;m4bwx:htQxyf;nAFL3:s39S4;oFd48c:l7VM1e;oGtAuc:sOXFj;oJejCf:u1kdYb;p0iB4:VQhtq;pXdRYb:MdUzUe;qSBODf:H8X5pc;qafBPd:yDVVkb;qddgKe:xQtZb;qgOdad:vko54d;rWx8Cc:DxgUF;rarsed:Mb2qyd;rpiri:tZyrxe;sgnAWd:HkSoT;ssiZFc:BhQ85d;vKM7Jb:cWjcJb;w1T0Td:xpWMVc;wR5FRb:O1Gjze;x2i2de:zeWni;x4CZme:lCtfC;xbOSgd:e5G55;xqZiqf:wmnU7d;ye9FMd:KC9GA;yxTchf:KUM7Z;zBvUNc:fT8Mbb;zJxI2:kxz7Nb;zxnPse:GkRiKb/m=ws9Tlc,n73qwf,GkRiKb,e5qFLc,IZT63,UUJqVe,O1Gjze,xUdipf,ZDZcre,OTA3Ae,ZwDk9d,RyvaUb,mI3LFb,XU5LFb,m9oV,hl,P6sQOc,QcfBve,mzzZzc,rCcCxc,mSX26d,WO9ee,JGjVRe,ncpZGe,CJeEuc,en2VH,ALJJub,kRDR8c,H9H6ie,sszRX,FU117c,QQnX0,uHu91b,kgMFLe,hKCjub,O6y8ed,PrPYRd,MpJwZc,NwH0H,V3dDOb,lazG7b,Ivl8bd,g9HNd,XVMNvd,L1AAkb,KUM7Z,Fl2dbf,s39S4,lwddkf,gychg,w9hDv,RMhBfe,SdcwHb,aW3pY,texUgd,pw70Gc,EFQ78c,Ulmmrd,A7fCU,mdR7q,wmnU7d,xQtZb,FSOnAf,gJzDyc,JNoxi,MI6k7c,kjKdXe,BVgquf,QIhFr,lfpdyf,hKSk3e,hc6Ubd,SpsfSb,Z5uLle,MdUzUe,zbML3c,zr1jrb,Uas9Hd,pjICDe?wli=MeetingsUi.CNUHYC6SC00.loadAudioAnalyzer.O%3A%3BMeetingsUi.xii40Mq5ps0.loadAudioEncoder.O%3A%3BMeetingsUi.H1nLoDTpHoA.loadNetEqLyraWrapper.O%3A%3BMeetingsUi.BgSaBhM4mEg.loadNetEqWrapper.O%3A%3B (4342)
[17224:16668:0416/150903.844:INFO:CONSOLE(4342)] "Uncaught (in promise) DisconnectedError: DisconnectedError, EndCause = 72", source: https://meet.google.com/_/scs/mss-static/_/js/k=boq-rtc.MeetingsUi.en_US.gaPuSYD7VvY.2020.O/ck=boq-rtc.MeetingsUi.fty8OhQoEVQ.L.B1.O/am=xroLIJBGAwQAYwEDlAACAASAMgAgUgCBAwEGAHlwAAhgAAAAEICighgDAADgBgAEgY5-AO4yIcUBDA/d=1/exm=LEikZe,_b,_tp,byfTOb,lsjVmc/excm=_b,_tp,calldesktoppageview/ed=1/br=1/wt=2/ujg=1/rs=AL5CKSHFqr-K3Aw3cRjdqhiQqGak3QsI0Q/ee=AM9HZd:vCak4b;BjCzpe:Yvr34d;Bnf5Lc:iPDrZd;CDC4qf:q6fE0e;CMRktf:sGrqec;DGWCxb:CgYiQ;E1tgbf:hMxPK;EAoUvb:aKikzb;EVNhjf:pw70Gc;EfKZq:QO2YB;EmZ2Bf:zr1jrb;GKUnZb:WNRENb;GmdGTd:Ct4wsb;IXc14:VZgraf;J9XQCb:ojlpPe;JLGZx:oSnDHf;JsINff:yeaFZ;JsbNhc:Xd8iUd;K5nYTd:ZDZcre;KKym4b:dTTbnb;KNpT6b:iSCite;KgXQpf:pQJdrb;LBgRLc:SdcwHb;LQJKcd:WuS5Ye;MJ6mxb:ubdYZ;Me32dd:MEeYgc;N8ehxe:AKukpf;NAHCGe:mxiOOb;NPKaK:SdcwHb;NSEoX:lazG7b;OOoYAb:Oj9pPe;PRDQhf:ux3mLc;PgXDBd:dm1dhc;Pjplud:EEDORb;QGR0gd:Mlhmy;QhhnXd:UqJYYe;RRwdt:gGRuRe;RYWUUc:anescc;Rh5nIc:JScXmc;SIjcAd:jrKD8b;SL22ab:CBRamd;SNUn3:ZwDk9d;SVOR2e:RqS4qe;SVvzme:BPB8ib;ScI3Yc:e7Hzgb;Szy1cf:nBpGQ;TB8xhd:AGa58c;ULs67c:bdUBJc;Up9aO:kY43Sc;Uvc8o:VDovNc;V7j7Sb:stsTjb;VJwZIe:q5U1uf;X6zUkd:u0z0vd;XSYl9e:GNVVIb;YBlgBf:LMo5Id;YIZmRd:A1yn5d;Ycdno:rkQZze;YfZO5c:CVuqWd;ZE1Tgd:kZF9ne;ZGeKvd:rb5w8b;ZT1aHd:g7FNPe;ZaFVgc:wOWhl;ZjyI3e:W2v6fc;a56pNe:JEfCwb;aPdIxb:F52gIc;bS8oAe:Kimhwf;brg6Gd:TlvL3b;cEt90b:ws9Tlc;cFl0Ie:PWJipc;cJj1Kd:A5k23d;cYTQve:GhXhl;cgbTHc:G8ycZ;dDPGef:IiQq4e;dIoSBb:SpsfSb;dYFttf:ZRxAzc;dowIGb:ebZ3mb;eBAeSb:zbML3c;esl3oe:Qz2vJf;fh9ycc:gHNvKb;g2wfV:DcDVld;gAClPb:ghdkwd;hgud7d:GNh0Qc;hoquJe:EjBUIf;iFQyKf:QIhFr;iKsOgb:cWjcJb;jRrT5d:EHUI2d;jg0vue:iItGlf;jtBjNe:dWHZee;kNqx7b:gzp7wb;kqpyR:qIJF2;l4RAwd:h5Fnie;l6twR:Fvyyad;lJ7cgb:Erp0q;lOO0Vd:OTA3Ae;lx9iFf:nVFiIc;m4bwx:htQxyf;nAFL3:s39S4;oFd48c:l7VM1e;oGtAuc:sOXFj;oJejCf:u1kdYb;p0iB4:VQhtq;pXdRYb:MdUzUe;qSBODf:H8X5pc;qafBPd:yDVVkb;qddgKe:xQtZb;qgOdad:vko54d;rWx8Cc:DxgUF;rarsed:Mb2qyd;rpiri:tZyrxe;sgnAWd:HkSoT;ssiZFc:BhQ85d;vKM7Jb:cWjcJb;w1T0Td:xpWMVc;wR5FRb:O1Gjze;x2i2de:zeWni;x4CZme:lCtfC;xbOSgd:e5G55;xqZiqf:wmnU7d;ye9FMd:KC9GA;yxTchf:KUM7Z;zBvUNc:fT8Mbb;zJxI2:kxz7Nb;zxnPse:GkRiKb/m=ws9Tlc,n73qwf,GkRiKb,e5qFLc,IZT63,UUJqVe,O1Gjze,xUdipf,ZDZcre,OTA3Ae,ZwDk9d,RyvaUb,mI3LFb,XU5LFb,m9oV,hl,P6sQOc,QcfBve,mzzZzc,rCcCxc,mSX26d,WO9ee,JGjVRe,ncpZGe,CJeEuc,en2VH,ALJJub,kRDR8c,H9H6ie,sszRX,FU117c,QQnX0,uHu91b,kgMFLe,hKCjub,O6y8ed,PrPYRd,MpJwZc,NwH0H,V3dDOb,lazG7b,Ivl8bd,g9HNd,XVMNvd,L1AAkb,KUM7Z,Fl2dbf,s39S4,lwddkf,gychg,w9hDv,RMhBfe,SdcwHb,aW3pY,texUgd,pw70Gc,EFQ78c,Ulmmrd,A7fCU,mdR7q,wmnU7d,xQtZb,FSOnAf,gJzDyc,JNoxi,MI6k7c,kjKdXe,BVgquf,QIhFr,lfpdyf,hKSk3e,hc6Ubd,SpsfSb,Z5uLle,MdUzUe,zbML3c,zr1jrb,Uas9Hd,pjICDe?wli=MeetingsUi.CNUHYC6SC00.loadAudioAnalyzer.O%3A%3BMeetingsUi.xii40Mq5ps0.loadAudioEncoder.O%3A%3BMeetingsUi.H1nLoDTpHoA.loadNetEqLyraWrapper.O%3A%3BMeetingsUi.BgSaBhM4mEg.loadNetEqWrapper.O%3A%3B (4342)
[17224:16668:0416/150903.844:INFO:CONSOLE(294)] "Uncaught (in promise) cancel: Disposed before init", source: https://meet.google.com/_/scs/mss-static/_/js/k=boq-rtc.MeetingsUi.en_US.gaPuSYD7VvY.2020.O/am=xroLIJBGAwQAYwEDlAACAASAMgAgUgCBAwEGAHlwAAhgAAAAEICighgDAADgBgAEgY5-AO4yIcUBDA/d=1/excm=_b,_tp,calldesktoppageview/ed=1/dg=0/br=1/wt=2/ujg=1/rs=AL5CKSFM3c0D_Kolug_nqc-y9Njfvbi7Nw/m=_b,_tp?wli=MeetingsUi.CNUHYC6SC00.loadAudioAnalyzer.O%3A%3BMeetingsUi.xii40Mq5ps0.loadAudioEncoder.O%3A%3BMeetingsUi.H1nLoDTpHoA.loadNetEqLyraWrapper.O%3A%3BMeetingsUi.BgSaBhM4mEg.loadNetEqWrapper.O%3A%3B (294)
[17224:16668:0416/150903.849:INFO:CONSOLE(294)] "Uncaught (in promise) cancel: Disposed before init", source: https://meet.google.com/_/scs/mss-static/_/js/k=boq-rtc.MeetingsUi.en_US.gaPuSYD7VvY.2020.O/am=xroLIJBGAwQAYwEDlAACAASAMgAgUgCBAwEGAHlwAAhgAAAAEICighgDAADgBgAEgY5-AO4yIcUBDA/d=1/excm=_b,_tp,calldesktoppageview/ed=1/dg=0/br=1/wt=2/ujg=1/rs=AL5CKSFM3c0D_Kolug_nqc-y9Njfvbi7Nw/m=_b,_tp?wli=MeetingsUi.CNUHYC6SC00.loadAudioAnalyzer.O%3A%3BMeetingsUi.xii40Mq5ps0.loadAudioEncoder.O%3A%3BMeetingsUi.H1nLoDTpHoA.loadNetEqLyraWrapper.O%3A%3BMeetingsUi.BgSaBhM4mEg.loadNetEqWrapper.O%3A%3B (294)
[17224:16668:0416/150903.851:INFO:CONSOLE(294)] "Uncaught (in promise) cancel: Disposed before init", source: https://meet.google.com/_/scs/mss-static/_/js/k=boq-rtc.MeetingsUi.en_US.gaPuSYD7VvY.2020.O/am=xroLIJBGAwQAYwEDlAACAASAMgAgUgCBAwEGAHlwAAhgAAAAEICighgDAADgBgAEgY5-AO4yIcUBDA/d=1/excm=_b,_tp,calldesktoppageview/ed=1/dg=0/br=1/wt=2/ujg=1/rs=AL5CKSFM3c0D_Kolug_nqc-y9Njfvbi7Nw/m=_b,_tp?wli=MeetingsUi.CNUHYC6SC00.loadAudioAnalyzer.O%3A%3BMeetingsUi.xii40Mq5ps0.loadAudioEncoder.O%3A%3BMeetingsUi.H1nLoDTpHoA.loadNetEqLyraWrapper.O%3A%3BMeetingsUi.BgSaBhM4mEg.loadNetEqWrapper.O%3A%3B (294)
[17224:16668:0416/150903.851:INFO:CONSOLE(294)] "Uncaught (in promise) cancel: Disposed before init", source: https://meet.google.com/_/scs/mss-static/_/js/k=boq-rtc.MeetingsUi.en_US.gaPuSYD7VvY.2020.O/am=xroLIJBGAwQAYwEDlAACAASAMgAgUgCBAwEGAHlwAAhgAAAAEICighgDAADgBgAEgY5-AO4yIcUBDA/d=1/excm=_b,_tp,calldesktoppageview/ed=1/dg=0/br=1/wt=2/ujg=1/rs=AL5CKSFM3c0D_Kolug_nqc-y9Njfvbi7Nw/m=_b,_tp?wli=MeetingsUi.CNUHYC6SC00.loadAudioAnalyzer.O%3A%3BMeetingsUi.xii40Mq5ps0.loadAudioEncoder.O%3A%3BMeetingsUi.H1nLoDTpHoA.loadNetEqLyraWrapper.O%3A%3BMeetingsUi.BgSaBhM4mEg.loadNetEqWrapper.O%3A%3B (294)
[17224:16668:0416/150903.851:INFO:CONSOLE(294)] "Uncaught (in promise) cancel: Signal asynchronously disposed", source: https://meet.google.com/_/scs/mss-static/_/js/k=boq-rtc.MeetingsUi.en_US.gaPuSYD7VvY.2020.O/am=xroLIJBGAwQAYwEDlAACAASAMgAgUgCBAwEGAHlwAAhgAAAAEICighgDAADgBgAEgY5-AO4yIcUBDA/d=1/excm=_b,_tp,calldesktoppageview/ed=1/dg=0/br=1/wt=2/ujg=1/rs=AL5CKSFM3c0D_Kolug_nqc-y9Njfvbi7Nw/m=_b,_tp?wli=MeetingsUi.CNUHYC6SC00.loadAudioAnalyzer.O%3A%3BMeetingsUi.xii40Mq5ps0.loadAudioEncoder.O%3A%3BMeetingsUi.H1nLoDTpHoA.loadNetEqLyraWrapper.O%3A%3BMeetingsUi.BgSaBhM4mEg.loadNetEqWrapper.O%3A%3B (294)
[17224:16668:0416/150903.851:INFO:CONSOLE(294)] "Uncaught (in promise) cancel: Signal asynchronously disposed", source: https://meet.google.com/_/scs/mss-static/_/js/k=boq-rtc.MeetingsUi.en_US.gaPuSYD7VvY.2020.O/am=xroLIJBGAwQAYwEDlAACAASAMgAgUgCBAwEGAHlwAAhgAAAAEICighgDAADgBgAEgY5-AO4yIcUBDA/d=1/excm=_b,_tp,calldesktoppageview/ed=1/dg=0/br=1/wt=2/ujg=1/rs=AL5CKSFM3c0D_Kolug_nqc-y9Njfvbi7Nw/m=_b,_tp?wli=MeetingsUi.CNUHYC6SC00.loadAudioAnalyzer.O%3A%3BMeetingsUi.xii40Mq5ps0.loadAudioEncoder.O%3A%3BMeetingsUi.H1nLoDTpHoA.loadNetEqLyraWrapper.O%3A%3BMeetingsUi.BgSaBhM4mEg.loadNetEqWrapper.O%3A%3B (294)
[17224:16668:0416/150903.851:INFO:CONSOLE(294)] "Uncaught (in promise) cancel: Signal asynchronously disposed", source: https://meet.google.com/_/scs/mss-static/_/js/k=boq-rtc.MeetingsUi.en_US.gaPuSYD7VvY.2020.O/am=xroLIJBGAwQAYwEDlAACAASAMgAgUgCBAwEGAHlwAAhgAAAAEICighgDAADgBgAEgY5-AO4yIcUBDA/d=1/excm=_b,_tp,calldesktoppageview/ed=1/dg=0/br=1/wt=2/ujg=1/rs=AL5CKSFM3c0D_Kolug_nqc-y9Njfvbi7Nw/m=_b,_tp?wli=MeetingsUi.CNUHYC6SC00.loadAudioAnalyzer.O%3A%3BMeetingsUi.xii40Mq5ps0.loadAudioEncoder.O%3A%3BMeetingsUi.H1nLoDTpHoA.loadNetEqLyraWrapper.O%3A%3BMeetingsUi.BgSaBhM4mEg.loadNetEqWrapper.O%3A%3B (294)
[17224:16668:0416/150903.851:INFO:CONSOLE(294)] "Uncaught (in promise) cancel: Signal asynchronously disposed", source: https://meet.google.com/_/scs/mss-static/_/js/k=boq-rtc.MeetingsUi.en_US.gaPuSYD7VvY.2020.O/am=xroLIJBGAwQAYwEDlAACAASAMgAgUgCBAwEGAHlwAAhgAAAAEICighgDAADgBgAEgY5-AO4yIcUBDA/d=1/excm=_b,_tp,calldesktoppageview/ed=1/dg=0/br=1/wt=2/ujg=1/rs=AL5CKSFM3c0D_Kolug_nqc-y9Njfvbi7Nw/m=_b,_tp?wli=MeetingsUi.CNUHYC6SC00.loadAudioAnalyzer.O%3A%3BMeetingsUi.xii40Mq5ps0.loadAudioEncoder.O%3A%3BMeetingsUi.H1nLoDTpHoA.loadNetEqLyraWrapper.O%3A%3BMeetingsUi.BgSaBhM4mEg.loadNetEqWrapper.O%3A%3B (294)
[17224:16668:0416/150903.851:INFO:CONSOLE(294)] "Uncaught (in promise) cancel: Signal asynchronously disposed", source: https://meet.google.com/_/scs/mss-static/_/js/k=boq-rtc.MeetingsUi.en_US.gaPuSYD7VvY.2020.O/am=xroLIJBGAwQAYwEDlAACAASAMgAgUgCBAwEGAHlwAAhgAAAAEICighgDAADgBgAEgY5-AO4yIcUBDA/d=1/excm=_b,_tp,calldesktoppageview/ed=1/dg=0/br=1/wt=2/ujg=1/rs=AL5CKSFM3c0D_Kolug_nqc-y9Njfvbi7Nw/m=_b,_tp?wli=MeetingsUi.CNUHYC6SC00.loadAudioAnalyzer.O%3A%3BMeetingsUi.xii40Mq5ps0.loadAudioEncoder.O%3A%3BMeetingsUi.H1nLoDTpHoA.loadNetEqLyraWrapper.O%3A%3BMeetingsUi.BgSaBhM4mEg.loadNetEqWrapper.O%3A%3B (294)
[17224:16668:0416/150903.858:INFO:CONSOLE(294)] "Uncaught (in promise) cancel: Signal asynchronously disposed", source: https://meet.google.com/_/scs/mss-static/_/js/k=boq-rtc.MeetingsUi.en_US.gaPuSYD7VvY.2020.O/am=xroLIJBGAwQAYwEDlAACAASAMgAgUgCBAwEGAHlwAAhgAAAAEICighgDAADgBgAEgY5-AO4yIcUBDA/d=1/excm=_b,_tp,calldesktoppageview/ed=1/dg=0/br=1/wt=2/ujg=1/rs=AL5CKSFM3c0D_Kolug_nqc-y9Njfvbi7Nw/m=_b,_tp?wli=MeetingsUi.CNUHYC6SC00.loadAudioAnalyzer.O%3A%3BMeetingsUi.xii40Mq5ps0.loadAudioEncoder.O%3A%3BMeetingsUi.H1nLoDTpHoA.loadNetEqLyraWrapper.O%3A%3BMeetingsUi.BgSaBhM4mEg.loadNetEqWrapper.O%3A%3B (294)
[17224:16668:0416/150903.859:INFO:CONSOLE(294)] "Uncaught (in promise) cancel: Disposed before init", source: https://meet.google.com/_/scs/mss-static/_/js/k=boq-rtc.MeetingsUi.en_US.gaPuSYD7VvY.2020.O/am=xroLIJBGAwQAYwEDlAACAASAMgAgUgCBAwEGAHlwAAhgAAAAEICighgDAADgBgAEgY5-AO4yIcUBDA/d=1/excm=_b,_tp,calldesktoppageview/ed=1/dg=0/br=1/wt=2/ujg=1/rs=AL5CKSFM3c0D_Kolug_nqc-y9Njfvbi7Nw/m=_b,_tp?wli=MeetingsUi.CNUHYC6SC00.loadAudioAnalyzer.O%3A%3BMeetingsUi.xii40Mq5ps0.loadAudioEncoder.O%3A%3BMeetingsUi.H1nLoDTpHoA.loadNetEqLyraWrapper.O%3A%3BMeetingsUi.BgSaBhM4mEg.loadNetEqWrapper.O%3A%3B (294)
[17224:16668:0416/150903.860:INFO:CONSOLE(4342)] "Uncaught (in promise) DisconnectedError: DisconnectedError, EndCause = 72", source: https://meet.google.com/_/scs/mss-static/_/js/k=boq-rtc.MeetingsUi.en_US.gaPuSYD7VvY.2020.O/ck=boq-rtc.MeetingsUi.fty8OhQoEVQ.L.B1.O/am=xroLIJBGAwQAYwEDlAACAASAMgAgUgCBAwEGAHlwAAhgAAAAEICighgDAADgBgAEgY5-AO4yIcUBDA/d=1/exm=LEikZe,_b,_tp,byfTOb,lsjVmc/excm=_b,_tp,calldesktoppageview/ed=1/br=1/wt=2/ujg=1/rs=AL5CKSHFqr-K3Aw3cRjdqhiQqGak3QsI0Q/ee=AM9HZd:vCak4b;BjCzpe:Yvr34d;Bnf5Lc:iPDrZd;CDC4qf:q6fE0e;CMRktf:sGrqec;DGWCxb:CgYiQ;E1tgbf:hMxPK;EAoUvb:aKikzb;EVNhjf:pw70Gc;EfKZq:QO2YB;EmZ2Bf:zr1jrb;GKUnZb:WNRENb;GmdGTd:Ct4wsb;IXc14:VZgraf;J9XQCb:ojlpPe;JLGZx:oSnDHf;JsINff:yeaFZ;JsbNhc:Xd8iUd;K5nYTd:ZDZcre;KKym4b:dTTbnb;KNpT6b:iSCite;KgXQpf:pQJdrb;LBgRLc:SdcwHb;LQJKcd:WuS5Ye;MJ6mxb:ubdYZ;Me32dd:MEeYgc;N8ehxe:AKukpf;NAHCGe:mxiOOb;NPKaK:SdcwHb;NSEoX:lazG7b;OOoYAb:Oj9pPe;PRDQhf:ux3mLc;PgXDBd:dm1dhc;Pjplud:EEDORb;QGR0gd:Mlhmy;QhhnXd:UqJYYe;RRwdt:gGRuRe;RYWUUc:anescc;Rh5nIc:JScXmc;SIjcAd:jrKD8b;SL22ab:CBRamd;SNUn3:ZwDk9d;SVOR2e:RqS4qe;SVvzme:BPB8ib;ScI3Yc:e7Hzgb;Szy1cf:nBpGQ;TB8xhd:AGa58c;ULs67c:bdUBJc;Up9aO:kY43Sc;Uvc8o:VDovNc;V7j7Sb:stsTjb;VJwZIe:q5U1uf;X6zUkd:u0z0vd;XSYl9e:GNVVIb;YBlgBf:LMo5Id;YIZmRd:A1yn5d;Ycdno:rkQZze;YfZO5c:CVuqWd;ZE1Tgd:kZF9ne;ZGeKvd:rb5w8b;ZT1aHd:g7FNPe;ZaFVgc:wOWhl;ZjyI3e:W2v6fc;a56pNe:JEfCwb;aPdIxb:F52gIc;bS8oAe:Kimhwf;brg6Gd:TlvL3b;cEt90b:ws9Tlc;cFl0Ie:PWJipc;cJj1Kd:A5k23d;cYTQve:GhXhl;cgbTHc:G8ycZ;dDPGef:IiQq4e;dIoSBb:SpsfSb;dYFttf:ZRxAzc;dowIGb:ebZ3mb;eBAeSb:zbML3c;esl3oe:Qz2vJf;fh9ycc:gHNvKb;g2wfV:DcDVld;gAClPb:ghdkwd;hgud7d:GNh0Qc;hoquJe:EjBUIf;iFQyKf:QIhFr;iKsOgb:cWjcJb;jRrT5d:EHUI2d;jg0vue:iItGlf;jtBjNe:dWHZee;kNqx7b:gzp7wb;kqpyR:qIJF2;l4RAwd:h5Fnie;l6twR:Fvyyad;lJ7cgb:Erp0q;lOO0Vd:OTA3Ae;lx9iFf:nVFiIc;m4bwx:htQxyf;nAFL3:s39S4;oFd48c:l7VM1e;oGtAuc:sOXFj;oJejCf:u1kdYb;p0iB4:VQhtq;pXdRYb:MdUzUe;qSBODf:H8X5pc;qafBPd:yDVVkb;qddgKe:xQtZb;qgOdad:vko54d;rWx8Cc:DxgUF;rarsed:Mb2qyd;rpiri:tZyrxe;sgnAWd:HkSoT;ssiZFc:BhQ85d;vKM7Jb:cWjcJb;w1T0Td:xpWMVc;wR5FRb:O1Gjze;x2i2de:zeWni;x4CZme:lCtfC;xbOSgd:e5G55;xqZiqf:wmnU7d;ye9FMd:KC9GA;yxTchf:KUM7Z;zBvUNc:fT8Mbb;zJxI2:kxz7Nb;zxnPse:GkRiKb/m=ws9Tlc,n73qwf,GkRiKb,e5qFLc,IZT63,UUJqVe,O1Gjze,xUdipf,ZDZcre,OTA3Ae,ZwDk9d,RyvaUb,mI3LFb,XU5LFb,m9oV,hl,P6sQOc,QcfBve,mzzZzc,rCcCxc,mSX26d,WO9ee,JGjVRe,ncpZGe,CJeEuc,en2VH,ALJJub,kRDR8c,H9H6ie,sszRX,FU117c,QQnX0,uHu91b,kgMFLe,hKCjub,O6y8ed,PrPYRd,MpJwZc,NwH0H,V3dDOb,lazG7b,Ivl8bd,g9HNd,XVMNvd,L1AAkb,KUM7Z,Fl2dbf,s39S4,lwddkf,gychg,w9hDv,RMhBfe,SdcwHb,aW3pY,texUgd,pw70Gc,EFQ78c,Ulmmrd,A7fCU,mdR7q,wmnU7d,xQtZb,FSOnAf,gJzDyc,JNoxi,MI6k7c,kjKdXe,BVgquf,QIhFr,lfpdyf,hKSk3e,hc6Ubd,SpsfSb,Z5uLle,MdUzUe,zbML3c,zr1jrb,Uas9Hd,pjICDe?wli=MeetingsUi.CNUHYC6SC00.loadAudioAnalyzer.O%3A%3BMeetingsUi.xii40Mq5ps0.loadAudioEncoder.O%3A%3BMeetingsUi.H1nLoDTpHoA.loadNetEqLyraWrapper.O%3A%3BMeetingsUi.BgSaBhM4mEg.loadNetEqWrapper.O%3A%3B (4342)
[17224:16668:0416/150903.860:INFO:CONSOLE(4342)] "Uncaught (in promise) DisconnectedError: DisconnectedError, EndCause = 72", source: https://meet.google.com/_/scs/mss-static/_/js/k=boq-rtc.MeetingsUi.en_US.gaPuSYD7VvY.2020.O/ck=boq-rtc.MeetingsUi.fty8OhQoEVQ.L.B1.O/am=xroLIJBGAwQAYwEDlAACAASAMgAgUgCBAwEGAHlwAAhgAAAAEICighgDAADgBgAEgY5-AO4yIcUBDA/d=1/exm=LEikZe,_b,_tp,byfTOb,lsjVmc/excm=_b,_tp,calldesktoppageview/ed=1/br=1/wt=2/ujg=1/rs=AL5CKSHFqr-K3Aw3cRjdqhiQqGak3QsI0Q/ee=AM9HZd:vCak4b;BjCzpe:Yvr34d;Bnf5Lc:iPDrZd;CDC4qf:q6fE0e;CMRktf:sGrqec;DGWCxb:CgYiQ;E1tgbf:hMxPK;EAoUvb:aKikzb;EVNhjf:pw70Gc;EfKZq:QO2YB;EmZ2Bf:zr1jrb;GKUnZb:WNRENb;GmdGTd:Ct4wsb;IXc14:VZgraf;J9XQCb:ojlpPe;JLGZx:oSnDHf;JsINff:yeaFZ;JsbNhc:Xd8iUd;K5nYTd:ZDZcre;KKym4b:dTTbnb;KNpT6b:iSCite;KgXQpf:pQJdrb;LBgRLc:SdcwHb;LQJKcd:WuS5Ye;MJ6mxb:ubdYZ;Me32dd:MEeYgc;N8ehxe:AKukpf;NAHCGe:mxiOOb;NPKaK:SdcwHb;NSEoX:lazG7b;OOoYAb:Oj9pPe;PRDQhf:ux3mLc;PgXDBd:dm1dhc;Pjplud:EEDORb;QGR0gd:Mlhmy;QhhnXd:UqJYYe;RRwdt:gGRuRe;RYWUUc:anescc;Rh5nIc:JScXmc;SIjcAd:jrKD8b;SL22ab:CBRamd;SNUn3:ZwDk9d;SVOR2e:RqS4qe;SVvzme:BPB8ib;ScI3Yc:e7Hzgb;Szy1cf:nBpGQ;TB8xhd:AGa58c;ULs67c:bdUBJc;Up9aO:kY43Sc;Uvc8o:VDovNc;V7j7Sb:stsTjb;VJwZIe:q5U1uf;X6zUkd:u0z0vd;XSYl9e:GNVVIb;YBlgBf:LMo5Id;YIZmRd:A1yn5d;Ycdno:rkQZze;YfZO5c:CVuqWd;ZE1Tgd:kZF9ne;ZGeKvd:rb5w8b;ZT1aHd:g7FNPe;ZaFVgc:wOWhl;ZjyI3e:W2v6fc;a56pNe:JEfCwb;aPdIxb:F52gIc;bS8oAe:Kimhwf;brg6Gd:TlvL3b;cEt90b:ws9Tlc;cFl0Ie:PWJipc;cJj1Kd:A5k23d;cYTQve:GhXhl;cgbTHc:G8ycZ;dDPGef:IiQq4e;dIoSBb:SpsfSb;dYFttf:ZRxAzc;dowIGb:ebZ3mb;eBAeSb:zbML3c;esl3oe:Qz2vJf;fh9ycc:gHNvKb;g2wfV:DcDVld;gAClPb:ghdkwd;hgud7d:GNh0Qc;hoquJe:EjBUIf;iFQyKf:QIhFr;iKsOgb:cWjcJb;jRrT5d:EHUI2d;jg0vue:iItGlf;jtBjNe:dWHZee;kNqx7b:gzp7wb;kqpyR:qIJF2;l4RAwd:h5Fnie;l6twR:Fvyyad;lJ7cgb:Erp0q;lOO0Vd:OTA3Ae;lx9iFf:nVFiIc;m4bwx:htQxyf;nAFL3:s39S4;oFd48c:l7VM1e;oGtAuc:sOXFj;oJejCf:u1kdYb;p0iB4:VQhtq;pXdRYb:MdUzUe;qSBODf:H8X5pc;qafBPd:yDVVkb;qddgKe:xQtZb;qgOdad:vko54d;rWx8Cc:DxgUF;rarsed:Mb2qyd;rpiri:tZyrxe;sgnAWd:HkSoT;ssiZFc:BhQ85d;vKM7Jb:cWjcJb;w1T0Td:xpWMVc;wR5FRb:O1Gjze;x2i2de:zeWni;x4CZme:lCtfC;xbOSgd:e5G55;xqZiqf:wmnU7d;ye9FMd:KC9GA;yxTchf:KUM7Z;zBvUNc:fT8Mbb;zJxI2:kxz7Nb;zxnPse:GkRiKb/m=ws9Tlc,n73qwf,GkRiKb,e5qFLc,IZT63,UUJqVe,O1Gjze,xUdipf,ZDZcre,OTA3Ae,ZwDk9d,RyvaUb,mI3LFb,XU5LFb,m9oV,hl,P6sQOc,QcfBve,mzzZzc,rCcCxc,mSX26d,WO9ee,JGjVRe,ncpZGe,CJeEuc,en2VH,ALJJub,kRDR8c,H9H6ie,sszRX,FU117c,QQnX0,uHu91b,kgMFLe,hKCjub,O6y8ed,PrPYRd,MpJwZc,NwH0H,V3dDOb,lazG7b,Ivl8bd,g9HNd,XVMNvd,L1AAkb,KUM7Z,Fl2dbf,s39S4,lwddkf,gychg,w9hDv,RMhBfe,SdcwHb,aW3pY,texUgd,pw70Gc,EFQ78c,Ulmmrd,A7fCU,mdR7q,wmnU7d,xQtZb,FSOnAf,gJzDyc,JNoxi,MI6k7c,kjKdXe,BVgquf,QIhFr,lfpdyf,hKSk3e,hc6Ubd,SpsfSb,Z5uLle,MdUzUe,zbML3c,zr1jrb,Uas9Hd,pjICDe?wli=MeetingsUi.CNUHYC6SC00.loadAudioAnalyzer.O%3A%3BMeetingsUi.xii40Mq5ps0.loadAudioEncoder.O%3A%3BMeetingsUi.H1nLoDTpHoA.loadNetEqLyraWrapper.O%3A%3BMeetingsUi.BgSaBhM4mEg.loadNetEqWrapper.O%3A%3B (4342)
[17224:16668:0416/150903.876:INFO:CONSOLE(4342)] "Uncaught (in promise) DisconnectedError: DisconnectedError, EndCause = 72", source: https://meet.google.com/_/scs/mss-static/_/js/k=boq-rtc.MeetingsUi.en_US.gaPuSYD7VvY.2020.O/ck=boq-rtc.MeetingsUi.fty8OhQoEVQ.L.B1.O/am=xroLIJBGAwQAYwEDlAACAASAMgAgUgCBAwEGAHlwAAhgAAAAEICighgDAADgBgAEgY5-AO4yIcUBDA/d=1/exm=LEikZe,_b,_tp,byfTOb,lsjVmc/excm=_b,_tp,calldesktoppageview/ed=1/br=1/wt=2/ujg=1/rs=AL5CKSHFqr-K3Aw3cRjdqhiQqGak3QsI0Q/ee=AM9HZd:vCak4b;BjCzpe:Yvr34d;Bnf5Lc:iPDrZd;CDC4qf:q6fE0e;CMRktf:sGrqec;DGWCxb:CgYiQ;E1tgbf:hMxPK;EAoUvb:aKikzb;EVNhjf:pw70Gc;EfKZq:QO2YB;EmZ2Bf:zr1jrb;GKUnZb:WNRENb;GmdGTd:Ct4wsb;IXc14:VZgraf;J9XQCb:ojlpPe;JLGZx:oSnDHf;JsINff:yeaFZ;JsbNhc:Xd8iUd;K5nYTd:ZDZcre;KKym4b:dTTbnb;KNpT6b:iSCite;KgXQpf:pQJdrb;LBgRLc:SdcwHb;LQJKcd:WuS5Ye;MJ6mxb:ubdYZ;Me32dd:MEeYgc;N8ehxe:AKukpf;NAHCGe:mxiOOb;NPKaK:SdcwHb;NSEoX:lazG7b;OOoYAb:Oj9pPe;PRDQhf:ux3mLc;PgXDBd:dm1dhc;Pjplud:EEDORb;QGR0gd:Mlhmy;QhhnXd:UqJYYe;RRwdt:gGRuRe;RYWUUc:anescc;Rh5nIc:JScXmc;SIjcAd:jrKD8b;SL22ab:CBRamd;SNUn3:ZwDk9d;SVOR2e:RqS4qe;SVvzme:BPB8ib;ScI3Yc:e7Hzgb;Szy1cf:nBpGQ;TB8xhd:AGa58c;ULs67c:bdUBJc;Up9aO:kY43Sc;Uvc8o:VDovNc;V7j7Sb:stsTjb;VJwZIe:q5U1uf;X6zUkd:u0z0vd;XSYl9e:GNVVIb;YBlgBf:LMo5Id;YIZmRd:A1yn5d;Ycdno:rkQZze;YfZO5c:CVuqWd;ZE1Tgd:kZF9ne;ZGeKvd:rb5w8b;ZT1aHd:g7FNPe;ZaFVgc:wOWhl;ZjyI3e:W2v6fc;a56pNe:JEfCwb;aPdIxb:F52gIc;bS8oAe:Kimhwf;brg6Gd:TlvL3b;cEt90b:ws9Tlc;cFl0Ie:PWJipc;cJj1Kd:A5k23d;cYTQve:GhXhl;cgbTHc:G8ycZ;dDPGef:IiQq4e;dIoSBb:SpsfSb;dYFttf:ZRxAzc;dowIGb:ebZ3mb;eBAeSb:zbML3c;esl3oe:Qz2vJf;fh9ycc:gHNvKb;g2wfV:DcDVld;gAClPb:ghdkwd;hgud7d:GNh0Qc;hoquJe:EjBUIf;iFQyKf:QIhFr;iKsOgb:cWjcJb;jRrT5d:EHUI2d;jg0vue:iItGlf;jtBjNe:dWHZee;kNqx7b:gzp7wb;kqpyR:qIJF2;l4RAwd:h5Fnie;l6twR:Fvyyad;lJ7cgb:Erp0q;lOO0Vd:OTA3Ae;lx9iFf:nVFiIc;m4bwx:htQxyf;nAFL3:s39S4;oFd48c:l7VM1e;oGtAuc:sOXFj;oJejCf:u1kdYb;p0iB4:VQhtq;pXdRYb:MdUzUe;qSBODf:H8X5pc;qafBPd:yDVVkb;qddgKe:xQtZb;qgOdad:vko54d;rWx8Cc:DxgUF;rarsed:Mb2qyd;rpiri:tZyrxe;sgnAWd:HkSoT;ssiZFc:BhQ85d;vKM7Jb:cWjcJb;w1T0Td:xpWMVc;wR5FRb:O1Gjze;x2i2de:zeWni;x4CZme:lCtfC;xbOSgd:e5G55;xqZiqf:wmnU7d;ye9FMd:KC9GA;yxTchf:KUM7Z;zBvUNc:fT8Mbb;zJxI2:kxz7Nb;zxnPse:GkRiKb/m=ws9Tlc,n73qwf,GkRiKb,e5qFLc,IZT63,UUJqVe,O1Gjze,xUdipf,ZDZcre,OTA3Ae,ZwDk9d,RyvaUb,mI3LFb,XU5LFb,m9oV,hl,P6sQOc,QcfBve,mzzZzc,rCcCxc,mSX26d,WO9ee,JGjVRe,ncpZGe,CJeEuc,en2VH,ALJJub,kRDR8c,H9H6ie,sszRX,FU117c,QQnX0,uHu91b,kgMFLe,hKCjub,O6y8ed,PrPYRd,MpJwZc,NwH0H,V3dDOb,lazG7b,Ivl8bd,g9HNd,XVMNvd,L1AAkb,KUM7Z,Fl2dbf,s39S4,lwddkf,gychg,w9hDv,RMhBfe,SdcwHb,aW3pY,texUgd,pw70Gc,EFQ78c,Ulmmrd,A7fCU,mdR7q,wmnU7d,xQtZb,FSOnAf,gJzDyc,JNoxi,MI6k7c,kjKdXe,BVgquf,QIhFr,lfpdyf,hKSk3e,hc6Ubd,SpsfSb,Z5uLle,MdUzUe,zbML3c,zr1jrb,Uas9Hd,pjICDe?wli=MeetingsUi.CNUHYC6SC00.loadAudioAnalyzer.O%3A%3BMeetingsUi.xii40Mq5ps0.loadAudioEncoder.O%3A%3BMeetingsUi.H1nLoDTpHoA.loadNetEqLyraWrapper.O%3A%3BMeetingsUi.BgSaBhM4mEg.loadNetEqWrapper.O%3A%3B (4342)
[17224:16668:0416/150903.880:WARNING:capture_device_ranking.h(255)] Can't initialize the value of media.audio_input.user_preference_ranking because media.default_audio_capture_device isn't registered or is empty
[17224:16668:0416/150903.880:WARNING:capture_device_ranking.h(255)] Can't initialize the value of media.video_input.user_preference_ranking because media.default_video_capture_Device isn't registered or is empty
[17224:16668:0416/150903.933:WARNING:capture_device_ranking.h(255)] Can't initialize the value of media.audio_input.user_preference_ranking because media.default_audio_capture_device isn't registered or is empty
[17224:16668:0416/150903.933:WARNING:capture_device_ranking.h(255)] Can't initialize the value of media.video_input.user_preference_ranking because media.default_video_capture_Device isn't registered or is empty
[17224:16668:0416/150903.933:INFO:CONSOLE(294)] "Uncaught (in promise) cancel: Signal asynchronously disposed", source: https://meet.google.com/_/scs/mss-static/_/js/k=boq-rtc.MeetingsUi.en_US.gaPuSYD7VvY.2020.O/am=xroLIJBGAwQAYwEDlAACAASAMgAgUgCBAwEGAHlwAAhgAAAAEICighgDAADgBgAEgY5-AO4yIcUBDA/d=1/excm=_b,_tp,calldesktoppageview/ed=1/dg=0/br=1/wt=2/ujg=1/rs=AL5CKSFM3c0D_Kolug_nqc-y9Njfvbi7Nw/m=_b,_tp?wli=MeetingsUi.CNUHYC6SC00.loadAudioAnalyzer.O%3A%3BMeetingsUi.xii40Mq5ps0.loadAudioEncoder.O%3A%3BMeetingsUi.H1nLoDTpHoA.loadNetEqLyraWrapper.O%3A%3BMeetingsUi.BgSaBhM4mEg.loadNetEqWrapper.O%3A%3B (294)
[17224:16668:0416/150903.961:WARNING:capture_device_ranking.h(255)] Can't initialize the value of media.audio_input.user_preference_ranking because media.default_audio_capture_device isn't registered or is empty
[17224:16668:0416/150903.961:WARNING:capture_device_ranking.h(255)] Can't initialize the value of media.video_input.user_preference_ranking because media.default_video_capture_Device isn't registered or is empty
[17224:16668:0416/150904.064:WARNING:capture_device_ranking.h(255)] Can't initialize the value of media.audio_input.user_preference_ranking because media.default_audio_capture_device isn't registered or is empty
[8432:15148:0416/150904.420:INFO:audio_processing_impl.cc(463)] Injected APM submodules:
Echo control factory: 0
Echo detector: 0
Capture analyzer: 0
Capture post processor: 0
Render pre processor: 0
[8432:15148:0416/150904.420:INFO:audio_processing_impl.cc(476)] AudioProcessing: AudioProcessing::Config{ pipeline: { maximum_internal_processing_rate: 48000, multi_channel_render: 1, multi_channel_capture: 0 }, pre_amplifier: { enabled: 0, fixed_gain_factor: 1 },capture_level_adjustment: { enabled: 0, pre_gain_factor: 1, post_gain_factor: 1, analog_mic_gain_emulation: { enabled: 0, initial_level: 255 }}, high_pass_filter: { enabled: 0 }, echo_canceller: { enabled: 1, mobile_mode: 0, enforce_high_pass_filtering: 1 }, noise_suppression: { enabled: 1, level: High }, transient_suppression: { enabled: 0 }, gain_controller1: { enabled: 0, mode: AdaptiveAnalog, target_level_dbfs: 3, compression_gain_db: 9, enable_limiter: 1, analog_gain_controller { enabled: 0, startup_min_volume: 0, clipped_level_min: 70, enable_digital_adaptive: 0, clipped_level_step: 15, clipped_ratio_threshold: 0.1, clipped_wait_frames: 300, clipping_predictor:  { enabled: 0, mode: 0, window_length: 5, reference_window_length: 5, reference_window_delay: 5, clipping_threshold: -1, crest_factor_margin: 3, use_predicted_step: 1 }}}, gain_controller2: { enabled: 1, fixed_digital: { gain_db: 0 }, adaptive_digital: { enabled: 1, headroom_db: 5, max_gain_db: 50, initial_gain_db: 15, max_gain_change_db_per_second: 6, max_output_noise_level_dbfs: -50 }, input_volume_control : { enabled 1}}
[8432:15148:0416/150904.420:INFO:transparent_mode.cc(243)] AEC3 Transparent Mode: Legacy
[8432:15148:0416/150904.420:INFO:echo_canceller3.cc(806)] AEC3 created with sample rate: 16000 Hz, num render channels: 1, num capture channels: 1
[8432:15148:0416/150904.420:INFO:clipping_predictor.cc(361)] [AGC2] Clipping prediction enabled.
[8432:15148:0416/150904.420:INFO:input_volume_controller.cc(375)] [AGC2] Input volume controller enabled. Minimum input volume: 20
[8432:11464:0416/150904.444:INFO:transparent_mode.cc(243)] AEC3 Transparent Mode: Legacy
[8432:11464:0416/150904.444:INFO:echo_canceller3.cc(806)] AEC3 created with sample rate: 48000 Hz, num render channels: 1, num capture channels: 1
[8432:11464:0416/150904.444:INFO:clipping_predictor.cc(361)] [AGC2] Clipping prediction enabled.
[8432:11464:0416/150904.444:INFO:input_volume_controller.cc(375)] [AGC2] Input volume controller enabled. Minimum input volume: 20
[17224:16668:0416/150904.452:WARNING:capture_device_ranking.h(255)] Can't initialize the value of media.video_input.user_preference_ranking because media.default_video_capture_Device isn't registered or is empty
[17224:16668:0416/150904.575:WARNING:capture_device_ranking.h(255)] Can't initialize the value of media.audio_input.user_preference_ranking because media.default_audio_capture_device isn't registered or is empty
[17224:16668:0416/150904.575:WARNING:capture_device_ranking.h(255)] Can't initialize the value of media.video_input.user_preference_ranking because media.default_video_capture_Device isn't registered or is empty
[17224:16668:0416/150904.592:WARNING:capture_device_ranking.h(255)] Can't initialize the value of media.video_input.user_preference_ranking because media.default_video_capture_Device isn't registered or is empty
[17224:16668:0416/150904.611:WARNING:capture_device_ranking.h(255)] Can't initialize the value of media.audio_input.user_preference_ranking because media.default_audio_capture_device isn't registered or is empty
[17224:16668:0416/150904.611:WARNING:capture_device_ranking.h(255)] Can't initialize the value of media.video_input.user_preference_ranking because media.default_video_capture_Device isn't registered or is empty
[5576:16548:0416/150906.112:INFO:cpu_info.cc(53)] Available number of cores: 4
[17224:16668:0416/150910.945:INFO:CONSOLE(50)] "Found button by class: .VfPpkd-LgbsSe-OWXEXe-dgl2Hf:not([aria-label*="learn"])", source:  (50)
[17224:16668:0416/150912.076:WARNING:controller_impl.cc(1187)] Background download complete, client: 6, completion type: 0, file size:265059
[17224:16668:0416/150912.737:WARNING:controller_impl.cc(1187)] Background download complete, client: 6, completion type: 0, file size:883094
[17224:16668:0416/150913.322:WARNING:controller_impl.cc(1187)] Background download complete, client: 6, completion type: 0, file size:2200227
[17224:16668:0416/150913.562:WARNING:controller_impl.cc(1187)] Background download complete, client: 6, completion type: 0, file size:45148
[17224:16668:0416/150913.987:WARNING:controller_impl.cc(1187)] Background download complete, client: 6, completion type: 0, file size:5152
[17224:16668:0416/150914.293:WARNING:controller_impl.cc(1187)] Background download complete, client: 6, completion type: 0, file size:2992963
[8432:11464:0416/150914.440:INFO:adaptive_digital_gain_controller.cc(208)] AGC2 adaptive digital | speech_dbfs: -40 | noise_dbfs: -63.3009 | headroom_db: 20 | gain_db: 3.96905
[17224:16668:0416/150914.882:WARNING:controller_impl.cc(1187)] Background download complete, client: 6, completion type: 0, file size:4680
[17224:16668:0416/150915.032:WARNING:controller_impl.cc(1187)] Background download complete, client: 6, completion type: 0, file size:2747169
[17224:16668:0416/150915.228:WARNING:controller_impl.cc(1187)] Background download complete, client: 6, completion type: 0, file size:118577
[8432:11464:0416/150924.438:INFO:adaptive_digital_gain_controller.cc(208)] AGC2 adaptive digital | speech_dbfs: -40 | noise_dbfs: -63.3009 | headroom_db: 20 | gain_db: 2.72507
[13636:12472:0416/150929.184:INFO:peer_connection.cc(626)] Session: 8661946446356227541 is destroyed.
[8432:11464:0416/150934.438:INFO:input_volume_controller.cc(101)] [AGC2] Input clipping rate: 0%
[8432:11464:0416/150934.438:INFO:adaptive_digital_gain_controller.cc(208)] AGC2 adaptive digital | speech_dbfs: -40 | noise_dbfs: -63.3009 | headroom_db: 20 | gain_db: 2.72507
[8432:11464:0416/150934.438:INFO:gain_controller2.cc(270)] [AGC2] limiter stats | identity: 56311 | knee: 1077 | limiter: 613 | saturation: 1999
[8432:11464:0416/150944.435:INFO:adaptive_digital_gain_controller.cc(208)] AGC2 adaptive digital | speech_dbfs: -40 | noise_dbfs: -63.3009 | headroom_db: 20 | gain_db: 2.72507
[8432:11464:0416/150954.439:INFO:adaptive_digital_gain_controller.cc(208)] AGC2 adaptive digital | speech_dbfs: -40 | noise_dbfs: -63.3009 | headroom_db: 20 | gain_db: 2.72507
[8432:11464:0416/151004.439:INFO:input_volume_controller.cc(101)] [AGC2] Input clipping rate: 0%
[8432:11464:0416/151004.439:INFO:adaptive_digital_gain_controller.cc(208)] AGC2 adaptive digital | speech_dbfs: -40 | noise_dbfs: -63.3009 | headroom_db: 20 | gain_db: 2.72507
[8432:11464:0416/151004.439:INFO:gain_controller2.cc(270)] [AGC2] limiter stats | identity: 116311 | knee: 1077 | limiter: 613 | saturation: 1999
[8432:11464:0416/151014.437:INFO:adaptive_digital_gain_controller.cc(208)] AGC2 adaptive digital | speech_dbfs: -40 | noise_dbfs: -63.3009 | headroom_db: 20 | gain_db: 2.72507
[8432:11464:0416/151024.442:INFO:adaptive_digital_gain_controller.cc(208)] AGC2 adaptive digital | speech_dbfs: -40 | noise_dbfs: -63.3009 | headroom_db: 20 | gain_db: 2.72507
[8432:11464:0416/151034.437:INFO:input_volume_controller.cc(101)] [AGC2] Input clipping rate: 0%
[8432:11464:0416/151034.437:INFO:adaptive_digital_gain_controller.cc(208)] AGC2 adaptive digital | speech_dbfs: -40 | noise_dbfs: -63.3009 | headroom_db: 20 | gain_db: 2.72507
[8432:11464:0416/151034.437:INFO:gain_controller2.cc(270)] [AGC2] limiter stats | identity: 176311 | knee: 1077 | limiter: 613 | saturation: 1999
[8432:11464:0416/151044.440:INFO:adaptive_digital_gain_controller.cc(208)] AGC2 adaptive digital | speech_dbfs: -40 | noise_dbfs: -63.3009 | headroom_db: 20 | gain_db: 2.72507
[8432:11464:0416/151054.442:INFO:adaptive_digital_gain_controller.cc(208)] AGC2 adaptive digital | speech_dbfs: -40 | noise_dbfs: -51.3528 | headroom_db: 20 | gain_db: 1.35281
[8432:11464:0416/151104.440:INFO:input_volume_controller.cc(101)] [AGC2] Input clipping rate: 0%
[8432:11464:0416/151104.440:INFO:adaptive_digital_gain_controller.cc(208)] AGC2 adaptive digital | speech_dbfs: -40 | noise_dbfs: -51.3528 | headroom_db: 20 | gain_db: 1.35281
[8432:11464:0416/151104.440:INFO:gain_controller2.cc(270)] [AGC2] limiter stats | identity: 236311 | knee: 1077 | limiter: 613 | saturation: 1999
[8432:11464:0416/151114.440:INFO:adaptive_digital_gain_controller.cc(208)] AGC2 adaptive digital | speech_dbfs: -40 | noise_dbfs: -51.3528 | headroom_db: 20 | gain_db: 1.35281
[8432:11464:0416/151124.434:INFO:adaptive_digital_gain_controller.cc(208)] AGC2 adaptive digital | speech_dbfs: -40 | noise_dbfs: -51.3528 | headroom_db: 20 | gain_db: 1.35281
[8432:11464:0416/151134.436:INFO:input_volume_controller.cc(101)] [AGC2] Input clipping rate: 0%
[8432:11464:0416/151134.436:INFO:adaptive_digital_gain_controller.cc(208)] AGC2 adaptive digital | speech_dbfs: -40 | noise_dbfs: -51.3528 | headroom_db: 20 | gain_db: 1.35281
[8432:11464:0416/151134.436:INFO:gain_controller2.cc(270)] [AGC2] limiter stats | identity: 296311 | knee: 1077 | limiter: 613 | saturation: 1999
[8432:11464:0416/151144.440:INFO:adaptive_digital_gain_controller.cc(208)] AGC2 adaptive digital | speech_dbfs: -40 | noise_dbfs: -49.685 | headroom_db: 20 | gain_db: 0
[8432:11464:0416/151154.437:INFO:adaptive_digital_gain_controller.cc(208)] AGC2 adaptive digital | speech_dbfs: -40 | noise_dbfs: -49.685 | headroom_db: 20 | gain_db: 0
[8432:11464:0416/151204.439:INFO:input_volume_controller.cc(101)] [AGC2] Input clipping rate: 0%
[8432:11464:0416/151204.439:INFO:adaptive_digital_gain_controller.cc(208)] AGC2 adaptive digital | speech_dbfs: -40 | noise_dbfs: -49.685 | headroom_db: 20 | gain_db: 0
[8432:11464:0416/151204.439:INFO:gain_controller2.cc(270)] [AGC2] limiter stats | identity: 356311 | knee: 1077 | limiter: 613 | saturation: 1999
[8432:11464:0416/151214.434:INFO:adaptive_digital_gain_controller.cc(208)] AGC2 adaptive digital | speech_dbfs: -40 | noise_dbfs: -49.685 | headroom_db: 20 | gain_db: 0
[8432:11464:0416/151224.439:INFO:adaptive_digital_gain_controller.cc(208)] AGC2 adaptive digital | speech_dbfs: -40 | noise_dbfs: -49.685 | headroom_db: 20 | gain_db: 0
[8432:11464:0416/151234.440:INFO:input_volume_controller.cc(101)] [AGC2] Input clipping rate: 0%
[8432:11464:0416/151234.440:INFO:adaptive_digital_gain_controller.cc(208)] AGC2 adaptive digital | speech_dbfs: -40 | noise_dbfs: -49.0424 | headroom_db: 20 | gain_db: 0
[8432:11464:0416/151234.440:INFO:gain_controller2.cc(270)] [AGC2] limiter stats | identity: 416311 | knee: 1077 | limiter: 613 | saturation: 1999
[8432:11464:0416/151244.435:INFO:adaptive_digital_gain_controller.cc(208)] AGC2 adaptive digital | speech_dbfs: -40 | noise_dbfs: -49.0424 | headroom_db: 20 | gain_db: 0
[8432:11464:0416/151254.438:INFO:adaptive_digital_gain_controller.cc(208)] AGC2 adaptive digital | speech_dbfs: -40 | noise_dbfs: -49.0424 | headroom_db: 20 | gain_db: 0
[8432:11464:0416/151304.435:INFO:input_volume_controller.cc(101)] [AGC2] Input clipping rate: 0%
[8432:11464:0416/151304.435:INFO:adaptive_digital_gain_controller.cc(208)] AGC2 adaptive digital | speech_dbfs: -40 | noise_dbfs: -49.0424 | headroom_db: 20 | gain_db: 0
[8432:11464:0416/151304.435:INFO:gain_controller2.cc(270)] [AGC2] limiter stats | identity: 476311 | knee: 1077 | limiter: 613 | saturation: 1999
[8432:11464:0416/151314.441:INFO:adaptive_digital_gain_controller.cc(208)] AGC2 adaptive digital | speech_dbfs: -40 | noise_dbfs: -49.0424 | headroom_db: 20 | gain_db: 0
[8432:11464:0416/151324.441:INFO:adaptive_digital_gain_controller.cc(208)] AGC2 adaptive digital | speech_dbfs: -40 | noise_dbfs: -48.7536 | headroom_db: 20 | gain_db: 0
[8432:11464:0416/151334.441:INFO:input_volume_controller.cc(101)] [AGC2] Input clipping rate: 0%
[8432:11464:0416/151334.441:INFO:adaptive_digital_gain_controller.cc(208)] AGC2 adaptive digital | speech_dbfs: -40 | noise_dbfs: -48.7536 | headroom_db: 20 | gain_db: 0
[8432:11464:0416/151334.441:INFO:gain_controller2.cc(270)] [AGC2] limiter stats | identity: 536311 | knee: 1077 | limiter: 613 | saturation: 1999
[8432:11464:0416/151344.440:INFO:adaptive_digital_gain_controller.cc(208)] AGC2 adaptive digital | speech_dbfs: -40 | noise_dbfs: -48.7536 | headroom_db: 20 | gain_db: 0
[8432:11464:0416/151354.440:INFO:adaptive_digital_gain_controller.cc(208)] AGC2 adaptive digital | speech_dbfs: -40 | noise_dbfs: -48.7536 | headroom_db: 20 | gain_db: 0
[8432:11464:0416/151404.438:INFO:input_volume_controller.cc(101)] [AGC2] Input clipping rate: 0%
[8432:11464:0416/151404.438:INFO:adaptive_digital_gain_controller.cc(208)] AGC2 adaptive digital | speech_dbfs: -40 | noise_dbfs: -48.7536 | headroom_db: 20 | gain_db: 0
[8432:11464:0416/151404.438:INFO:gain_controller2.cc(270)] [AGC2] limiter stats | identity: 596311 | knee: 1077 | limiter: 613 | saturation: 1999
[8432:11464:0416/151414.441:INFO:adaptive_digital_gain_controller.cc(208)] AGC2 adaptive digital | speech_dbfs: -40 | noise_dbfs: -48.6161 | headroom_db: 20 | gain_db: 0
[8432:11464:0416/151424.436:INFO:adaptive_digital_gain_controller.cc(208)] AGC2 adaptive digital | speech_dbfs: -40 | noise_dbfs: -48.6161 | headroom_db: 20 | gain_db: 0
[8432:11464:0416/151434.441:INFO:input_volume_controller.cc(101)] [AGC2] Input clipping rate: 0%
[8432:11464:0416/151434.441:INFO:adaptive_digital_gain_controller.cc(208)] AGC2 adaptive digital | speech_dbfs: -40 | noise_dbfs: -48.6161 | headroom_db: 20 | gain_db: 0
[8432:11464:0416/151434.441:INFO:gain_controller2.cc(270)] [AGC2] limiter stats | identity: 656311 | knee: 1077 | limiter: 613 | saturation: 1999
