[16976:12928:0416/151417.309:INFO:chrome_browser_cloud_management_controller.cc(202)] No machine level policy manager exists.
[16976:12928:0416/151417.377:WARNING:chrome_browser_main_win.cc(745)] Command line too long for RegisterApplicationRestart:  --allow-pre-commit-input --allow-running-insecure-content --autoplay-policy=no-user-gesture-required --disable-background-networking --disable-backgrounding-occluded-windows --disable-blink-features=AutomationControlled --disable-client-side-phishing-detection --disable-default-apps --disable-dev-shm-usage --disable-extensions --disable-features=PreloadMediaEngagementData,AutoplayIgnoreWebAudio,MediaEngagementBypassAutoplayPolicies --disable-gpu --disable-hang-monitor --disable-infobars --disable-popup-blocking --disable-prompt-on-repost --disable-sync --disable-web-security --enable-automation --enable-logging --log-level=0 --no-first-run --no-sandbox --no-service-autorun --password-store=basic --remote-debugging-port=0 --start-maximized --test-type=webdriver --use-fake-device-for-media-stream --use-fake-ui-for-media-stream --use-file-for-fake-video-capture=/dev/null --use-mock-keychain --user-data-dir="D:\Project\notulen.ai\src\chrome-user-data-1744791251049" --window-size=1920,1080 --restore-last-session --restart
[8572:5956:0416/151418.044:VERBOSE1:viz_main_impl.cc(85)] VizNullHypothesis is disabled (not a warning)
[19116:1108:0416/151421.563:INFO:cpu_info.cc(53)] Available number of cores: 4
[16976:12928:0416/151422.288:WARNING:page_discarding_helper.cc(159)] Discarding multiple pages with target (kb): 0, discard_protected_tabs: 0
[18340:19872:0416/151424.673:INFO:cpu_info.cc(53)] Available number of cores: 4
[19924:23008:0416/151432.856:INFO:cpu_info.cc(53)] Available number of cores: 4
[16976:12928:0416/151434.091:INFO:CONSOLE(693)] "%c%s color:teal;font-size:24px Developing an extension for Meet? An add-on would work better.", source: https://meet.google.com/_/scs/mss-static/_/js/k=boq-rtc.MeetingsUi.en_US.gaPuSYD7VvY.2020.O/am=xrgDIJBGQwQAYwEDlAACAASAMgAgUg-DAwEEAHlwAAhgAAAAEICighgDAADiBgAEgI5-AO46IcUBDA/d=1/excm=_b,_tp,calldesktoppageview/ed=1/dg=0/br=1/wt=2/ujg=1/rs=AL5CKSFRrOGeVQcTMKLD5J1UhnQpqouA9Q/m=_b,_tp?wli=MeetingsUi.CNUHYC6SC00.loadAudioAnalyzer.O%3A%3BMeetingsUi.xii40Mq5ps0.loadAudioEncoder.O%3A%3BMeetingsUi.H1nLoDTpHoA.loadNetEqLyraWrapper.O%3A%3BMeetingsUi.BgSaBhM4mEg.loadNetEqWrapper.O%3A%3B (693)
[16976:12928:0416/151434.096:INFO:CONSOLE(693)] "%c%s color:teal;font-size:16px Extensions frequently cause user issues by altering the page.", source: https://meet.google.com/_/scs/mss-static/_/js/k=boq-rtc.MeetingsUi.en_US.gaPuSYD7VvY.2020.O/am=xrgDIJBGQwQAYwEDlAACAASAMgAgUg-DAwEEAHlwAAhgAAAAEICighgDAADiBgAEgI5-AO46IcUBDA/d=1/excm=_b,_tp,calldesktoppageview/ed=1/dg=0/br=1/wt=2/ujg=1/rs=AL5CKSFRrOGeVQcTMKLD5J1UhnQpqouA9Q/m=_b,_tp?wli=MeetingsUi.CNUHYC6SC00.loadAudioAnalyzer.O%3A%3BMeetingsUi.xii40Mq5ps0.loadAudioEncoder.O%3A%3BMeetingsUi.H1nLoDTpHoA.loadNetEqLyraWrapper.O%3A%3BMeetingsUi.BgSaBhM4mEg.loadNetEqWrapper.O%3A%3B (693)
[16976:12928:0416/151434.103:INFO:CONSOLE(694)] "%c%s font-size:16px https://developers.google.com/meet/add-ons", source: https://meet.google.com/_/scs/mss-static/_/js/k=boq-rtc.MeetingsUi.en_US.gaPuSYD7VvY.2020.O/am=xrgDIJBGQwQAYwEDlAACAASAMgAgUg-DAwEEAHlwAAhgAAAAEICighgDAADiBgAEgI5-AO46IcUBDA/d=1/excm=_b,_tp,calldesktoppageview/ed=1/dg=0/br=1/wt=2/ujg=1/rs=AL5CKSFRrOGeVQcTMKLD5J1UhnQpqouA9Q/m=_b,_tp?wli=MeetingsUi.CNUHYC6SC00.loadAudioAnalyzer.O%3A%3BMeetingsUi.xii40Mq5ps0.loadAudioEncoder.O%3A%3BMeetingsUi.H1nLoDTpHoA.loadNetEqLyraWrapper.O%3A%3BMeetingsUi.BgSaBhM4mEg.loadNetEqWrapper.O%3A%3B (694)
[16976:12928:0416/151434.257:INFO:CONSOLE(624)] "%c%s color: red; background: yellow; font-size: 24px; WARNING!", source: https://meet.google.com/_/scs/mss-static/_/js/k=boq-rtc.MeetingsUi.en_US.gaPuSYD7VvY.2020.O/am=xrgDIJBGQwQAYwEDlAACAASAMgAgUg-DAwEEAHlwAAhgAAAAEICighgDAADiBgAEgI5-AO46IcUBDA/d=1/excm=_b,_tp,calldesktoppageview/ed=1/dg=0/br=1/wt=2/ujg=1/rs=AL5CKSFRrOGeVQcTMKLD5J1UhnQpqouA9Q/m=_b,_tp?wli=MeetingsUi.CNUHYC6SC00.loadAudioAnalyzer.O%3A%3BMeetingsUi.xii40Mq5ps0.loadAudioEncoder.O%3A%3BMeetingsUi.H1nLoDTpHoA.loadNetEqLyraWrapper.O%3A%3BMeetingsUi.BgSaBhM4mEg.loadNetEqWrapper.O%3A%3B (624)
[16976:12928:0416/151434.257:INFO:CONSOLE(624)] "%c%s font-size: 18px; Using this console may allow attackers to impersonate you and steal your information using an attack called Self-XSS.
Do not enter or paste code that you do not understand.", source: https://meet.google.com/_/scs/mss-static/_/js/k=boq-rtc.MeetingsUi.en_US.gaPuSYD7VvY.2020.O/am=xrgDIJBGQwQAYwEDlAACAASAMgAgUg-DAwEEAHlwAAhgAAAAEICighgDAADiBgAEgI5-AO46IcUBDA/d=1/excm=_b,_tp,calldesktoppageview/ed=1/dg=0/br=1/wt=2/ujg=1/rs=AL5CKSFRrOGeVQcTMKLD5J1UhnQpqouA9Q/m=_b,_tp?wli=MeetingsUi.CNUHYC6SC00.loadAudioAnalyzer.O%3A%3BMeetingsUi.xii40Mq5ps0.loadAudioEncoder.O%3A%3BMeetingsUi.H1nLoDTpHoA.loadNetEqLyraWrapper.O%3A%3BMeetingsUi.BgSaBhM4mEg.loadNetEqWrapper.O%3A%3B (624)
[8572:5956:0416/151436.595:ERROR:gles2_cmd_decoder_passthrough.cc(1081)] [GroupMarkerNotSet(crbug.com/242999)!:A0E02700B4210000]Automatic fallback to software WebGL has been deprecated. Please use the --enable-unsafe-swiftshader flag to opt in to lower security guarantees for trusted content.
[19924:23008:0416/151436.694:INFO:sdp_video_format.cc(292)] Matched SdpVideoFormat Codec name: vp9, parameters: { } with Codec name: VP9, parameters: { profile-id=0 }, scalability_modes: [L1T1, L1T2, L1T3, L2T1, L2T1h, L2T1_KEY, L2T2, L2T2h, L2T2_KEY, L2T2_KEY_SHIFT, L2T3, L2T3h, L2T3_KEY, L3T1, L3T1h, L3T1_KEY, L3T2, L3T2h, L3T2_KEY, L3T3, L3T3h, L3T3_KEY, S2T1, S2T1h, S2T2, S2T2h, S2T3, S2T3h, S3T1, S3T1h, S3T2, S3T2h, S3T3, S3T3h]
[19924:23008:0416/151436.700:INFO:sdp_video_format.cc(292)] Matched SdpVideoFormat Codec name: vp9, parameters: { } with Codec name: VP9, parameters: { profile-id=0 }, scalability_modes: [L1T1, L1T2, L1T3, L2T1, L2T1h, L2T1_KEY, L2T2, L2T2h, L2T2_KEY, L2T2_KEY_SHIFT, L2T3, L2T3h, L2T3_KEY, L3T1, L3T1h, L3T1_KEY, L3T2, L3T2h, L3T2_KEY, L3T3, L3T3h, L3T3_KEY, S2T1, S2T1h, S2T2, S2T2h, S2T3, S2T3h, S3T1, S3T1h, S3T2, S3T2h, S3T3, S3T3h]
[19924:23008:0416/151436.700:INFO:sdp_video_format.cc(292)] Matched SdpVideoFormat Codec name: vp9, parameters: { } with Codec name: VP9, parameters: { profile-id=0 }, scalability_modes: [L1T1, L1T2, L1T3, L2T1, L2T1h, L2T1_KEY, L2T2, L2T2h, L2T2_KEY, L2T2_KEY_SHIFT, L2T3, L2T3h, L2T3_KEY, L3T1, L3T1h, L3T1_KEY, L3T2, L3T2h, L3T2_KEY, L3T3, L3T3h, L3T3_KEY, S2T1, S2T1h, S2T2, S2T2h, S2T3, S2T3h, S3T1, S3T1h, S3T2, S3T2h, S3T3, S3T3h]
[19924:23008:0416/151436.700:INFO:sdp_video_format.cc(292)] Matched SdpVideoFormat Codec name: vp9, parameters: { } with Codec name: VP9, parameters: { profile-id=0 }, scalability_modes: [L1T1, L1T2, L1T3, L2T1, L2T1h, L2T1_KEY, L2T2, L2T2h, L2T2_KEY, L2T2_KEY_SHIFT, L2T3, L2T3h, L2T3_KEY, L3T1, L3T1h, L3T1_KEY, L3T2, L3T2h, L3T2_KEY, L3T3, L3T3h, L3T3_KEY, S2T1, S2T1h, S2T2, S2T2h, S2T3, S2T3h, S3T1, S3T1h, S3T2, S3T2h, S3T3, S3T3h]
[19924:23008:0416/151436.701:INFO:sdp_video_format.cc(292)] Matched SdpVideoFormat Codec name: vp9, parameters: { } with Codec name: VP9, parameters: { profile-id=0 }, scalability_modes: [L1T1, L1T2, L1T3, L2T1, L2T1h, L2T1_KEY, L2T2, L2T2h, L2T2_KEY, L2T2_KEY_SHIFT, L2T3, L2T3h, L2T3_KEY, L3T1, L3T1h, L3T1_KEY, L3T2, L3T2h, L3T2_KEY, L3T3, L3T3h, L3T3_KEY, S2T1, S2T1h, S2T2, S2T2h, S2T3, S2T3h, S3T1, S3T1h, S3T2, S3T2h, S3T3, S3T3h]
[19924:23008:0416/151436.701:INFO:sdp_video_format.cc(292)] Matched SdpVideoFormat Codec name: vp9, parameters: { } with Codec name: VP9, parameters: { profile-id=0 }, scalability_modes: [L1T1, L1T2, L1T3, L2T1, L2T1h, L2T1_KEY, L2T2, L2T2h, L2T2_KEY, L2T2_KEY_SHIFT, L2T3, L2T3h, L2T3_KEY, L3T1, L3T1h, L3T1_KEY, L3T2, L3T2h, L3T2_KEY, L3T3, L3T3h, L3T3_KEY, S2T1, S2T1h, S2T2, S2T2h, S2T3, S2T3h, S3T1, S3T1h, S3T2, S3T2h, S3T3, S3T3h]
[19924:23008:0416/151436.701:INFO:sdp_video_format.cc(292)] Matched SdpVideoFormat Codec name: vp9, parameters: { } with Codec name: VP9, parameters: { profile-id=0 }, scalability_modes: [L1T1, L1T2, L1T3, L2T1, L2T1h, L2T1_KEY, L2T2, L2T2h, L2T2_KEY, L2T2_KEY_SHIFT, L2T3, L2T3h, L2T3_KEY, L3T1, L3T1h, L3T1_KEY, L3T2, L3T2h, L3T2_KEY, L3T3, L3T3h, L3T3_KEY, S2T1, S2T1h, S2T2, S2T2h, S2T3, S2T3h, S3T1, S3T1h, S3T2, S3T2h, S3T3, S3T3h]
[19924:23008:0416/151436.703:INFO:sdp_video_format.cc(292)] Matched SdpVideoFormat Codec name: vp9, parameters: { } with Codec name: VP9, parameters: { profile-id=0 }, scalability_modes: [L1T1, L1T2, L1T3, L2T1, L2T1h, L2T1_KEY, L2T2, L2T2h, L2T2_KEY, L2T2_KEY_SHIFT, L2T3, L2T3h, L2T3_KEY, L3T1, L3T1h, L3T1_KEY, L3T2, L3T2h, L3T2_KEY, L3T3, L3T3h, L3T3_KEY, S2T1, S2T1h, S2T2, S2T2h, S2T3, S2T3h, S3T1, S3T1h, S3T2, S3T2h, S3T3, S3T3h]
[19924:23008:0416/151436.704:INFO:sdp_video_format.cc(292)] Matched SdpVideoFormat Codec name: vp9, parameters: { } with Codec name: VP9, parameters: { profile-id=0 }, scalability_modes: [L1T1, L1T2, L1T3, L2T1, L2T1h, L2T1_KEY, L2T2, L2T2h, L2T2_KEY, L2T2_KEY_SHIFT, L2T3, L2T3h, L2T3_KEY, L3T1, L3T1h, L3T1_KEY, L3T2, L3T2h, L3T2_KEY, L3T3, L3T3h, L3T3_KEY, S2T1, S2T1h, S2T2, S2T2h, S2T3, S2T3h, S3T1, S3T1h, S3T2, S3T2h, S3T3, S3T3h]
[19924:23008:0416/151436.704:INFO:sdp_video_format.cc(292)] Matched SdpVideoFormat Codec name: vp8, parameters: { } with Codec name: VP8, parameters: { }, scalability_modes: [L1T1, L1T2, L1T3]
[19924:23008:0416/151436.704:INFO:sdp_video_format.cc(292)] Matched SdpVideoFormat Codec name: vp8, parameters: { } with Codec name: VP8, parameters: { }, scalability_modes: [L1T1, L1T2, L1T3]
[19924:23008:0416/151436.704:INFO:sdp_video_format.cc(292)] Matched SdpVideoFormat Codec name: vp8, parameters: { } with Codec name: VP8, parameters: { }, scalability_modes: [L1T1, L1T2, L1T3]
[19924:23008:0416/151436.704:INFO:sdp_video_format.cc(292)] Matched SdpVideoFormat Codec name: h264, parameters: { } with Codec name: H264, parameters: { level-asymmetry-allowed=1 packetization-mode=1 profile-level-id=42001f }, scalability_modes: [L1T1, L1T2, L1T3]
[19924:23008:0416/151436.706:INFO:sdp_video_format.cc(290)] Failed to match SdpVideoFormat Codec name: h265, parameters: { }
[19924:23008:0416/151436.706:INFO:sdp_video_format.cc(290)] Failed to match SdpVideoFormat Codec name: h265, parameters: { }
[19924:23008:0416/151436.706:INFO:sdp_video_format.cc(290)] Failed to match SdpVideoFormat Codec name: h265, parameters: { }
[19924:23008:0416/151436.706:INFO:sdp_video_format.cc(292)] Matched SdpVideoFormat Codec name: av1, parameters: { } with Codec name: AV1, parameters: { level-idx=5 profile=0 tier=0 }, scalability_modes: [L1T1, L1T2, L1T3, L2T1, L2T1h, L2T1_KEY, L2T2, L2T2h, L2T2_KEY, L2T2_KEY_SHIFT, L2T3, L2T3h, L2T3_KEY, L3T1, L3T1h, L3T1_KEY, L3T2, L3T2h, L3T2_KEY, L3T3, L3T3h, L3T3_KEY, S2T1, S2T1h, S2T2, S2T2h, S2T3, S2T3h, S3T1, S3T1h, S3T2, S3T2h, S3T3, S3T3h]
[16976:12928:0416/151437.305:WARNING:page_discarding_helper.cc(159)] Discarding multiple pages with target (kb): 0, discard_protected_tabs: 0
[19924:11424:0416/151437.378:INFO:sdp_video_format.cc(292)] Matched SdpVideoFormat Codec name: VP9, parameters: { } with Codec name: VP9, parameters: { profile-id=0 }, scalability_modes: [L1T1, L1T2, L1T3, L2T1, L2T1h, L2T1_KEY, L2T2, L2T2h, L2T2_KEY, L2T2_KEY_SHIFT, L2T3, L2T3h, L2T3_KEY, L3T1, L3T1h, L3T1_KEY, L3T2, L3T2h, L3T2_KEY, L3T3, L3T3h, L3T3_KEY, S2T1, S2T1h, S2T2, S2T2h, S2T3, S2T3h, S3T1, S3T1h, S3T2, S3T2h, S3T3, S3T3h]
[19924:11424:0416/151437.378:INFO:sdp_video_format.cc(292)] Matched SdpVideoFormat Codec name: AV1, parameters: { } with Codec name: AV1, parameters: { level-idx=5 profile=0 tier=0 }, scalability_modes: [L1T1, L1T2, L1T3, L2T1, L2T1h, L2T1_KEY, L2T2, L2T2h, L2T2_KEY, L2T2_KEY_SHIFT, L2T3, L2T3h, L2T3_KEY, L3T1, L3T1h, L3T1_KEY, L3T2, L3T2h, L3T2_KEY, L3T3, L3T3h, L3T3_KEY, S2T1, S2T1h, S2T2, S2T2h, S2T3, S2T3h, S3T1, S3T1h, S3T2, S3T2h, S3T3, S3T3h]
[19924:11424:0416/151437.378:INFO:sdp_video_format.cc(290)] Failed to match SdpVideoFormat Codec name: H265, parameters: { }
[19924:11424:0416/151437.378:INFO:peer_connection_dependency_factory.cc(802)] Running WebRTC with a combined Network and Worker thread.
[19924:11424:0416/151437.378:INFO:webrtc_voice_engine.cc(475)] WebRtcVoiceEngine::WebRtcVoiceEngine
[19924:828:0416/151437.378:INFO:webrtc_voice_engine.cc(497)] WebRtcVoiceEngine::Init
[19924:828:0416/151437.380:INFO:webrtc_voice_engine.cc(603)] WebRtcVoiceEngine::ApplyOptions: AudioOptions {aec: 1, agc: 1, ns: 1, hf: 1, swap: 0, audio_jitter_buffer_max_packets: 200, audio_jitter_buffer_fast_accelerate: 0, audio_jitter_buffer_min_delay_ms: 0, }
[19924:828:0416/151437.382:INFO:peer_connection_factory.cc(380)] Using default network controller factory
[19924:828:0416/151437.382:INFO:bitrate_prober.cc(54)] Bandwidth probing enabled, set to inactive
[19924:828:0416/151437.382:INFO:transport_sequence_number_feedback_generator.cc(52)] Maximum interval between transport feedback RTCP messages: 250 ms
[19924:828:0416/151437.382:INFO:aimd_rate_control.cc(87)] Using aimd rate control with back off factor 0.85
[19924:828:0416/151437.382:INFO:remote_bitrate_estimator_single_stream.cc(53)] RemoteBitrateEstimatorSingleStream: Instantiating.
[19924:828:0416/151437.389:INFO:openssl_key_pair.cc(40)] Making key pair
[19924:828:0416/151437.389:INFO:openssl_key_pair.cc(93)] Returning key pair
[19924:828:0416/151437.389:INFO:boringssl_certificate.cc(189)] Making certificate for WebRTC
[19924:11424:0416/151437.389:INFO:peer_connection.cc(1101)] Adding video transceiver in response to a call to AddTransceiver.
[19924:828:0416/151437.389:INFO:boringssl_certificate.cc(245)] Returning certificate
[19924:11424:0416/151437.394:INFO:sdp_offer_answer.cc(2996)] Session: 3198946632404633865 Old state: stable New state: closed
[16976:12928:0416/151438.159:INFO:CONSOLE(0)] "[GroupMarkerNotSet(crbug.com/242999)!:A0E02700B4210000]Automatic fallback to software WebGL has been deprecated. Please use the --enable-unsafe-swiftshader flag to opt in to lower security guarantees for trusted content.", source: https://meet.google.com/gpx-qdzm-twm (0)
[8572:5956:0416/151439.151:ERROR:gles2_cmd_decoder_passthrough.cc(956)] ContextResult::kFatalFailure: fail_if_major_perf_caveat + swiftshader
[8572:5956:0416/151439.166:ERROR:gles2_cmd_decoder_passthrough.cc(1081)] [GroupMarkerNotSet(crbug.com/242999)!:A0802700B4210000]Automatic fallback to software WebGL has been deprecated. Please use the --enable-unsafe-swiftshader flag to opt in to lower security guarantees for trusted content.
[19924:828:0416/151439.776:INFO:peer_connection_factory.cc(380)] Using default network controller factory
[19924:828:0416/151439.776:INFO:bitrate_prober.cc(54)] Bandwidth probing enabled, set to inactive
[19924:828:0416/151439.776:INFO:transport_sequence_number_feedback_generator.cc(52)] Maximum interval between transport feedback RTCP messages: 250 ms
[19924:828:0416/151439.776:INFO:aimd_rate_control.cc(87)] Using aimd rate control with back off factor 0.85
[19924:828:0416/151439.776:INFO:remote_bitrate_estimator_single_stream.cc(53)] RemoteBitrateEstimatorSingleStream: Instantiating.
[19924:828:0416/151439.781:INFO:openssl_key_pair.cc(40)] Making key pair
[19924:828:0416/151439.783:INFO:openssl_key_pair.cc(93)] Returning key pair
[19924:828:0416/151439.783:INFO:boringssl_certificate.cc(189)] Making certificate for WebRTC
[19924:828:0416/151439.783:INFO:boringssl_certificate.cc(245)] Returning certificate
[19924:11424:0416/151439.788:INFO:peer_connection.cc(1101)] Adding audio transceiver in response to a call to AddTransceiver.
[19924:11424:0416/151439.788:INFO:remote_audio_source.cc(118)] RAS::SetVolume({volume=0.00})
[19924:11424:0416/151439.791:INFO:peer_connection.cc(1101)] Adding video transceiver in response to a call to AddTransceiver.
