2025-04-16T03:56:59.086Z: No Chrome processes to kill
2025-04-16T03:56:59.096Z: Starting browser...
2025-04-16T03:56:59.104Z: Attempt 1 failed: not a chrome.ServiceBuilder object
2025-04-16T03:56:59.105Z: Retrying in 5 seconds...
2025-04-16T03:57:04.246Z: No Chrome processes to kill
2025-04-16T03:57:04.246Z: Starting browser...
2025-04-16T03:57:04.250Z: Attempt 2 failed: not a chrome.ServiceBuilder object
2025-04-16T03:57:04.251Z: Retrying in 5 seconds...
2025-04-16T03:57:09.385Z: No Chrome processes to kill
2025-04-16T03:57:09.385Z: Starting browser...
2025-04-16T03:57:09.387Z: Attempt 3 failed: not a chrome.ServiceBuilder object
2025-04-16T03:57:09.388Z: Max retries reached, exiting...
2025-04-16T03:58:26.918Z: No Chrome processes to kill
2025-04-16T03:58:26.924Z: Starting browser...
2025-04-16T03:58:26.927Z: Attempt 1 failed: not a chrome.ServiceBuilder object
2025-04-16T03:58:26.928Z: Retrying in 5 seconds...
2025-04-16T03:58:32.059Z: No Chrome processes to kill
2025-04-16T03:58:32.060Z: Starting browser...
2025-04-16T03:58:32.060Z: Attempt 2 failed: not a chrome.ServiceBuilder object
2025-04-16T03:58:32.061Z: Retrying in 5 seconds...
2025-04-16T03:58:37.182Z: No Chrome processes to kill
2025-04-16T03:58:37.183Z: Starting browser...
2025-04-16T03:58:37.184Z: Attempt 3 failed: not a chrome.ServiceBuilder object
2025-04-16T03:58:37.184Z: Max retries reached, exiting...
