[17440:17504:0416/151014.885:INFO:chrome_browser_cloud_management_controller.cc(202)] No machine level policy manager exists.
[22048:4016:0416/151015.218:VERBOSE1:viz_main_impl.cc(85)] VizNullHypothesis is disabled (not a warning)
[22992:7884:0416/151015.920:INFO:cpu_info.cc(53)] Available number of cores: 4
[15968:18012:0416/151016.828:INFO:cpu_info.cc(53)] Available number of cores: 4
[7124:20432:0416/151017.804:INFO:cpu_info.cc(53)] Available number of cores: 4
[17440:17504:0416/151019.443:INFO:CONSOLE(693)] "%c%s color:teal;font-size:24px Developing an extension for Meet? An add-on would work better.", source: https://meet.google.com/_/scs/mss-static/_/js/k=boq-rtc.MeetingsUi.en_US.gaPuSYD7VvY.2020.O/am=xrgDIJBGAwQAYwEDkAACAASAMgAgUgODAwEEAHlwAAhgAAAAEICighgDAADgBgAEiI5-AO4yIcUBDA/d=1/excm=_b,_tp,calldesktoppageview/ed=1/dg=0/br=0/wt=2/ujg=1/rs=AL5CKSGkOXmYOZ1iJMqweFQQmFtrkHmpYA/m=_b,_tp?wli=MeetingsUi.CNUHYC6SC00.loadAudioAnalyzer.O%3A%3BMeetingsUi.xii40Mq5ps0.loadAudioEncoder.O%3A%3BMeetingsUi.H1nLoDTpHoA.loadNetEqLyraWrapper.O%3A%3BMeetingsUi.BgSaBhM4mEg.loadNetEqWrapper.O%3A%3B (693)
[17440:17504:0416/151019.443:INFO:CONSOLE(693)] "%c%s color:teal;font-size:16px Extensions frequently cause user issues by altering the page.", source: https://meet.google.com/_/scs/mss-static/_/js/k=boq-rtc.MeetingsUi.en_US.gaPuSYD7VvY.2020.O/am=xrgDIJBGAwQAYwEDkAACAASAMgAgUgODAwEEAHlwAAhgAAAAEICighgDAADgBgAEiI5-AO4yIcUBDA/d=1/excm=_b,_tp,calldesktoppageview/ed=1/dg=0/br=0/wt=2/ujg=1/rs=AL5CKSGkOXmYOZ1iJMqweFQQmFtrkHmpYA/m=_b,_tp?wli=MeetingsUi.CNUHYC6SC00.loadAudioAnalyzer.O%3A%3BMeetingsUi.xii40Mq5ps0.loadAudioEncoder.O%3A%3BMeetingsUi.H1nLoDTpHoA.loadNetEqLyraWrapper.O%3A%3BMeetingsUi.BgSaBhM4mEg.loadNetEqWrapper.O%3A%3B (693)
[17440:17504:0416/151019.443:INFO:CONSOLE(694)] "%c%s font-size:16px https://developers.google.com/meet/add-ons", source: https://meet.google.com/_/scs/mss-static/_/js/k=boq-rtc.MeetingsUi.en_US.gaPuSYD7VvY.2020.O/am=xrgDIJBGAwQAYwEDkAACAASAMgAgUgODAwEEAHlwAAhgAAAAEICighgDAADgBgAEiI5-AO4yIcUBDA/d=1/excm=_b,_tp,calldesktoppageview/ed=1/dg=0/br=0/wt=2/ujg=1/rs=AL5CKSGkOXmYOZ1iJMqweFQQmFtrkHmpYA/m=_b,_tp?wli=MeetingsUi.CNUHYC6SC00.loadAudioAnalyzer.O%3A%3BMeetingsUi.xii40Mq5ps0.loadAudioEncoder.O%3A%3BMeetingsUi.H1nLoDTpHoA.loadNetEqLyraWrapper.O%3A%3BMeetingsUi.BgSaBhM4mEg.loadNetEqWrapper.O%3A%3B (694)
[17440:17504:0416/151019.502:INFO:CONSOLE(624)] "%c%s color: red; background: yellow; font-size: 24px; WARNING!", source: https://meet.google.com/_/scs/mss-static/_/js/k=boq-rtc.MeetingsUi.en_US.gaPuSYD7VvY.2020.O/am=xrgDIJBGAwQAYwEDkAACAASAMgAgUgODAwEEAHlwAAhgAAAAEICighgDAADgBgAEiI5-AO4yIcUBDA/d=1/excm=_b,_tp,calldesktoppageview/ed=1/dg=0/br=0/wt=2/ujg=1/rs=AL5CKSGkOXmYOZ1iJMqweFQQmFtrkHmpYA/m=_b,_tp?wli=MeetingsUi.CNUHYC6SC00.loadAudioAnalyzer.O%3A%3BMeetingsUi.xii40Mq5ps0.loadAudioEncoder.O%3A%3BMeetingsUi.H1nLoDTpHoA.loadNetEqLyraWrapper.O%3A%3BMeetingsUi.BgSaBhM4mEg.loadNetEqWrapper.O%3A%3B (624)
[17440:17504:0416/151019.502:INFO:CONSOLE(624)] "%c%s font-size: 18px; Using this console may allow attackers to impersonate you and steal your information using an attack called Self-XSS.
Do not enter or paste code that you do not understand.", source: https://meet.google.com/_/scs/mss-static/_/js/k=boq-rtc.MeetingsUi.en_US.gaPuSYD7VvY.2020.O/am=xrgDIJBGAwQAYwEDkAACAASAMgAgUgODAwEEAHlwAAhgAAAAEICighgDAADgBgAEiI5-AO4yIcUBDA/d=1/excm=_b,_tp,calldesktoppageview/ed=1/dg=0/br=0/wt=2/ujg=1/rs=AL5CKSGkOXmYOZ1iJMqweFQQmFtrkHmpYA/m=_b,_tp?wli=MeetingsUi.CNUHYC6SC00.loadAudioAnalyzer.O%3A%3BMeetingsUi.xii40Mq5ps0.loadAudioEncoder.O%3A%3BMeetingsUi.H1nLoDTpHoA.loadNetEqLyraWrapper.O%3A%3BMeetingsUi.BgSaBhM4mEg.loadNetEqWrapper.O%3A%3B (624)
[22048:4016:0416/151021.427:ERROR:gles2_cmd_decoder_passthrough.cc(1081)] [GroupMarkerNotSet(crbug.com/242999)!:A0F0250084290000]Automatic fallback to software WebGL has been deprecated. Please use the --enable-unsafe-swiftshader flag to opt in to lower security guarantees for trusted content.
[7124:20432:0416/151021.503:INFO:sdp_video_format.cc(292)] Matched SdpVideoFormat Codec name: vp9, parameters: { } with Codec name: VP9, parameters: { profile-id=0 }, scalability_modes: [L1T1, L1T2, L1T3, L2T1, L2T1h, L2T1_KEY, L2T2, L2T2h, L2T2_KEY, L2T2_KEY_SHIFT, L2T3, L2T3h, L2T3_KEY, L3T1, L3T1h, L3T1_KEY, L3T2, L3T2h, L3T2_KEY, L3T3, L3T3h, L3T3_KEY, S2T1, S2T1h, S2T2, S2T2h, S2T3, S2T3h, S3T1, S3T1h, S3T2, S3T2h, S3T3, S3T3h]
[7124:20432:0416/151021.503:INFO:sdp_video_format.cc(292)] Matched SdpVideoFormat Codec name: vp9, parameters: { } with Codec name: VP9, parameters: { profile-id=0 }, scalability_modes: [L1T1, L1T2, L1T3, L2T1, L2T1h, L2T1_KEY, L2T2, L2T2h, L2T2_KEY, L2T2_KEY_SHIFT, L2T3, L2T3h, L2T3_KEY, L3T1, L3T1h, L3T1_KEY, L3T2, L3T2h, L3T2_KEY, L3T3, L3T3h, L3T3_KEY, S2T1, S2T1h, S2T2, S2T2h, S2T3, S2T3h, S3T1, S3T1h, S3T2, S3T2h, S3T3, S3T3h]
[7124:20432:0416/151021.503:INFO:sdp_video_format.cc(292)] Matched SdpVideoFormat Codec name: vp9, parameters: { } with Codec name: VP9, parameters: { profile-id=0 }, scalability_modes: [L1T1, L1T2, L1T3, L2T1, L2T1h, L2T1_KEY, L2T2, L2T2h, L2T2_KEY, L2T2_KEY_SHIFT, L2T3, L2T3h, L2T3_KEY, L3T1, L3T1h, L3T1_KEY, L3T2, L3T2h, L3T2_KEY, L3T3, L3T3h, L3T3_KEY, S2T1, S2T1h, S2T2, S2T2h, S2T3, S2T3h, S3T1, S3T1h, S3T2, S3T2h, S3T3, S3T3h]
[7124:20432:0416/151021.503:INFO:sdp_video_format.cc(292)] Matched SdpVideoFormat Codec name: vp9, parameters: { } with Codec name: VP9, parameters: { profile-id=0 }, scalability_modes: [L1T1, L1T2, L1T3, L2T1, L2T1h, L2T1_KEY, L2T2, L2T2h, L2T2_KEY, L2T2_KEY_SHIFT, L2T3, L2T3h, L2T3_KEY, L3T1, L3T1h, L3T1_KEY, L3T2, L3T2h, L3T2_KEY, L3T3, L3T3h, L3T3_KEY, S2T1, S2T1h, S2T2, S2T2h, S2T3, S2T3h, S3T1, S3T1h, S3T2, S3T2h, S3T3, S3T3h]
[7124:20432:0416/151021.503:INFO:sdp_video_format.cc(292)] Matched SdpVideoFormat Codec name: vp9, parameters: { } with Codec name: VP9, parameters: { profile-id=0 }, scalability_modes: [L1T1, L1T2, L1T3, L2T1, L2T1h, L2T1_KEY, L2T2, L2T2h, L2T2_KEY, L2T2_KEY_SHIFT, L2T3, L2T3h, L2T3_KEY, L3T1, L3T1h, L3T1_KEY, L3T2, L3T2h, L3T2_KEY, L3T3, L3T3h, L3T3_KEY, S2T1, S2T1h, S2T2, S2T2h, S2T3, S2T3h, S3T1, S3T1h, S3T2, S3T2h, S3T3, S3T3h]
[7124:20432:0416/151021.503:INFO:sdp_video_format.cc(292)] Matched SdpVideoFormat Codec name: vp9, parameters: { } with Codec name: VP9, parameters: { profile-id=0 }, scalability_modes: [L1T1, L1T2, L1T3, L2T1, L2T1h, L2T1_KEY, L2T2, L2T2h, L2T2_KEY, L2T2_KEY_SHIFT, L2T3, L2T3h, L2T3_KEY, L3T1, L3T1h, L3T1_KEY, L3T2, L3T2h, L3T2_KEY, L3T3, L3T3h, L3T3_KEY, S2T1, S2T1h, S2T2, S2T2h, S2T3, S2T3h, S3T1, S3T1h, S3T2, S3T2h, S3T3, S3T3h]
[7124:20432:0416/151021.503:INFO:sdp_video_format.cc(292)] Matched SdpVideoFormat Codec name: vp9, parameters: { } with Codec name: VP9, parameters: { profile-id=0 }, scalability_modes: [L1T1, L1T2, L1T3, L2T1, L2T1h, L2T1_KEY, L2T2, L2T2h, L2T2_KEY, L2T2_KEY_SHIFT, L2T3, L2T3h, L2T3_KEY, L3T1, L3T1h, L3T1_KEY, L3T2, L3T2h, L3T2_KEY, L3T3, L3T3h, L3T3_KEY, S2T1, S2T1h, S2T2, S2T2h, S2T3, S2T3h, S3T1, S3T1h, S3T2, S3T2h, S3T3, S3T3h]
[7124:20432:0416/151021.503:INFO:sdp_video_format.cc(292)] Matched SdpVideoFormat Codec name: vp9, parameters: { } with Codec name: VP9, parameters: { profile-id=0 }, scalability_modes: [L1T1, L1T2, L1T3, L2T1, L2T1h, L2T1_KEY, L2T2, L2T2h, L2T2_KEY, L2T2_KEY_SHIFT, L2T3, L2T3h, L2T3_KEY, L3T1, L3T1h, L3T1_KEY, L3T2, L3T2h, L3T2_KEY, L3T3, L3T3h, L3T3_KEY, S2T1, S2T1h, S2T2, S2T2h, S2T3, S2T3h, S3T1, S3T1h, S3T2, S3T2h, S3T3, S3T3h]
[7124:20432:0416/151021.512:INFO:sdp_video_format.cc(292)] Matched SdpVideoFormat Codec name: vp9, parameters: { } with Codec name: VP9, parameters: { profile-id=0 }, scalability_modes: [L1T1, L1T2, L1T3, L2T1, L2T1h, L2T1_KEY, L2T2, L2T2h, L2T2_KEY, L2T2_KEY_SHIFT, L2T3, L2T3h, L2T3_KEY, L3T1, L3T1h, L3T1_KEY, L3T2, L3T2h, L3T2_KEY, L3T3, L3T3h, L3T3_KEY, S2T1, S2T1h, S2T2, S2T2h, S2T3, S2T3h, S3T1, S3T1h, S3T2, S3T2h, S3T3, S3T3h]
[7124:20432:0416/151021.512:INFO:sdp_video_format.cc(292)] Matched SdpVideoFormat Codec name: vp8, parameters: { } with Codec name: VP8, parameters: { }, scalability_modes: [L1T1, L1T2, L1T3]
[7124:20432:0416/151021.512:INFO:sdp_video_format.cc(292)] Matched SdpVideoFormat Codec name: vp8, parameters: { } with Codec name: VP8, parameters: { }, scalability_modes: [L1T1, L1T2, L1T3]
[7124:20432:0416/151021.512:INFO:sdp_video_format.cc(292)] Matched SdpVideoFormat Codec name: vp8, parameters: { } with Codec name: VP8, parameters: { }, scalability_modes: [L1T1, L1T2, L1T3]
[7124:20432:0416/151021.517:INFO:sdp_video_format.cc(292)] Matched SdpVideoFormat Codec name: h264, parameters: { } with Codec name: H264, parameters: { level-asymmetry-allowed=1 packetization-mode=1 profile-level-id=42001f }, scalability_modes: [L1T1, L1T2, L1T3]
[7124:20432:0416/151021.517:INFO:sdp_video_format.cc(290)] Failed to match SdpVideoFormat Codec name: h265, parameters: { }
[7124:20432:0416/151021.517:INFO:sdp_video_format.cc(290)] Failed to match SdpVideoFormat Codec name: h265, parameters: { }
[7124:20432:0416/151021.517:INFO:sdp_video_format.cc(290)] Failed to match SdpVideoFormat Codec name: h265, parameters: { }
[7124:20432:0416/151021.517:INFO:sdp_video_format.cc(292)] Matched SdpVideoFormat Codec name: av1, parameters: { } with Codec name: AV1, parameters: { level-idx=5 profile=0 tier=0 }, scalability_modes: [L1T1, L1T2, L1T3, L2T1, L2T1h, L2T1_KEY, L2T2, L2T2h, L2T2_KEY, L2T2_KEY_SHIFT, L2T3, L2T3h, L2T3_KEY, L3T1, L3T1h, L3T1_KEY, L3T2, L3T2h, L3T2_KEY, L3T3, L3T3h, L3T3_KEY, S2T1, S2T1h, S2T2, S2T2h, S2T3, S2T3h, S3T1, S3T1h, S3T2, S3T2h, S3T3, S3T3h]
[7124:9492:0416/151021.788:INFO:sdp_video_format.cc(292)] Matched SdpVideoFormat Codec name: VP9, parameters: { } with Codec name: VP9, parameters: { profile-id=0 }, scalability_modes: [L1T1, L1T2, L1T3, L2T1, L2T1h, L2T1_KEY, L2T2, L2T2h, L2T2_KEY, L2T2_KEY_SHIFT, L2T3, L2T3h, L2T3_KEY, L3T1, L3T1h, L3T1_KEY, L3T2, L3T2h, L3T2_KEY, L3T3, L3T3h, L3T3_KEY, S2T1, S2T1h, S2T2, S2T2h, S2T3, S2T3h, S3T1, S3T1h, S3T2, S3T2h, S3T3, S3T3h]
[7124:9492:0416/151021.788:INFO:sdp_video_format.cc(292)] Matched SdpVideoFormat Codec name: AV1, parameters: { } with Codec name: AV1, parameters: { level-idx=5 profile=0 tier=0 }, scalability_modes: [L1T1, L1T2, L1T3, L2T1, L2T1h, L2T1_KEY, L2T2, L2T2h, L2T2_KEY, L2T2_KEY_SHIFT, L2T3, L2T3h, L2T3_KEY, L3T1, L3T1h, L3T1_KEY, L3T2, L3T2h, L3T2_KEY, L3T3, L3T3h, L3T3_KEY, S2T1, S2T1h, S2T2, S2T2h, S2T3, S2T3h, S3T1, S3T1h, S3T2, S3T2h, S3T3, S3T3h]
[7124:9492:0416/151021.788:INFO:sdp_video_format.cc(290)] Failed to match SdpVideoFormat Codec name: H265, parameters: { }
[7124:9492:0416/151021.788:INFO:peer_connection_dependency_factory.cc(802)] Running WebRTC with a combined Network and Worker thread.
[7124:9492:0416/151021.788:INFO:webrtc_voice_engine.cc(475)] WebRtcVoiceEngine::WebRtcVoiceEngine
[7124:6940:0416/151021.788:INFO:webrtc_voice_engine.cc(497)] WebRtcVoiceEngine::Init
[7124:6940:0416/151021.788:INFO:webrtc_voice_engine.cc(603)] WebRtcVoiceEngine::ApplyOptions: AudioOptions {aec: 1, agc: 1, ns: 1, hf: 1, swap: 0, audio_jitter_buffer_max_packets: 200, audio_jitter_buffer_fast_accelerate: 0, audio_jitter_buffer_min_delay_ms: 0, }
[7124:6940:0416/151021.788:INFO:peer_connection_factory.cc(380)] Using default network controller factory
[7124:6940:0416/151021.788:INFO:bitrate_prober.cc(54)] Bandwidth probing enabled, set to inactive
[7124:6940:0416/151021.788:INFO:transport_sequence_number_feedback_generator.cc(52)] Maximum interval between transport feedback RTCP messages: 250 ms
[7124:6940:0416/151021.788:INFO:aimd_rate_control.cc(87)] Using aimd rate control with back off factor 0.85
[7124:6940:0416/151021.788:INFO:remote_bitrate_estimator_single_stream.cc(53)] RemoteBitrateEstimatorSingleStream: Instantiating.
[7124:6940:0416/151021.792:INFO:openssl_key_pair.cc(40)] Making key pair
[7124:6940:0416/151021.792:INFO:openssl_key_pair.cc(93)] Returning key pair
[7124:6940:0416/151021.792:INFO:boringssl_certificate.cc(189)] Making certificate for WebRTC
[7124:9492:0416/151021.792:INFO:peer_connection.cc(1101)] Adding video transceiver in response to a call to AddTransceiver.
[7124:6940:0416/151021.792:INFO:boringssl_certificate.cc(245)] Returning certificate
[7124:9492:0416/151021.802:INFO:sdp_offer_answer.cc(2996)] Session: 3681282409477876558 Old state: stable New state: closed
[17440:17504:0416/151021.877:WARNING:capture_device_ranking.h(255)] Can't initialize the value of media.audio_input.user_preference_ranking because media.default_audio_capture_device isn't registered or is empty
[17440:17504:0416/151021.877:WARNING:capture_device_ranking.h(255)] Can't initialize the value of media.video_input.user_preference_ranking because media.default_video_capture_Device isn't registered or is empty
[17440:17504:0416/151021.877:WARNING:capture_device_ranking.h(255)] Can't initialize the value of media.audio_input.user_preference_ranking because media.default_audio_capture_device isn't registered or is empty
[17440:17504:0416/151021.877:WARNING:capture_device_ranking.h(255)] Can't initialize the value of media.video_input.user_preference_ranking because media.default_video_capture_Device isn't registered or is empty
[17440:17504:0416/151022.057:INFO:CONSOLE(0)] "[GroupMarkerNotSet(crbug.com/242999)!:A0F0250084290000]Automatic fallback to software WebGL has been deprecated. Please use the --enable-unsafe-swiftshader flag to opt in to lower security guarantees for trusted content.", source: https://meet.google.com/gpx-qdzm-twm (0)
[22048:4016:0416/151022.527:ERROR:gles2_cmd_decoder_passthrough.cc(956)] ContextResult::kFatalFailure: fail_if_major_perf_caveat + swiftshader
[22048:4016:0416/151022.538:ERROR:gles2_cmd_decoder_passthrough.cc(1081)] [GroupMarkerNotSet(crbug.com/242999)!:A050260084290000]Automatic fallback to software WebGL has been deprecated. Please use the --enable-unsafe-swiftshader flag to opt in to lower security guarantees for trusted content.
[17440:17504:0416/151023.187:WARNING:capture_device_ranking.h(255)] Can't initialize the value of media.audio_input.user_preference_ranking because media.default_audio_capture_device isn't registered or is empty
[17440:17504:0416/151023.187:WARNING:capture_device_ranking.h(255)] Can't initialize the value of media.video_input.user_preference_ranking because media.default_video_capture_Device isn't registered or is empty
[17440:17504:0416/151023.433:WARNING:capture_device_ranking.h(255)] Can't initialize the value of media.audio_input.user_preference_ranking because media.default_audio_capture_device isn't registered or is empty
[17440:17504:0416/151023.433:WARNING:capture_device_ranking.h(255)] Can't initialize the value of media.video_input.user_preference_ranking because media.default_video_capture_Device isn't registered or is empty
[17440:17504:0416/151024.069:INFO:CONSOLE(613)] "Uncaught (in promise) ConnectError: startupCode: 200, error = {
  statusCode = 403
  status = {
    Yj = {
      0 = 7
      1 = "The caller does not have permission"
      closure_uid_269623295 = 17
    }
    closure_uid_269623295 = 16
    wc = "v3Bbmc"
  }
  extraData = {
    Axb = 39
    PQa = undefined
    closure_uid_269623295 = 18
  }
  name = "GrpcErrorResponse"
  headers = {
    alt-svc = "h3=":443"; ma=2592000,h3-29=":443"; ma=2592000"
    content-encoding = "gzip"
    content-length = "59"
    content-type = "application/x-protobuf"
    date = "Wed, 16 Apr 2025 08:10:23 GMT"
    server = "ESF"
    vary = "Origin, X-Origin, Referer"
    x-content-type-options = "nosniff"
    x-frame-options = "SAMEORIGIN"
    x-l2-request-path = "l2-managed-9"
    x-xss-protection = "0"
    closure_uid_269623295 = 19
  }
  closure_uid_269623295 = 15
}", source: https://meet.google.com/_/scs/mss-static/_/js/k=boq-rtc.MeetingsUi.en_US.gaPuSYD7VvY.2020.O/ck=boq-rtc.MeetingsUi.fty8OhQoEVQ.L.B1.O/am=xrgDIJBGAwQAYwEDkAACAASAMgAgUgODAwEEAHlwAAhgAAAAEICighgDAADgBgAEiI5-AO4yIcUBDA/d=1/exm=A4UTCb,A5iG7e,A7fCU,ALJJub,Af18Qe,Af2VCc,AqUZy,BVgquf,CDstLe,CJeEuc,CrPWbe,DqbA0b,EFQ78c,EmRN4e,FSOnAf,FU117c,Fl2dbf,GJVpQd,GkRiKb,H9H6ie,I4aMuc,IHpeje,INwHbf,IZT63,Ivl8bd,J9PVmc,JGjVRe,JNoxi,JceZD,K4NgS,KMpyYe,KUM7Z,L1AAkb,LBaJxb,LEikZe,LvGhrf,MH0hJe,MI6k7c,MVkoYc,MdUzUe,MpJwZc,NwH0H,O1Gjze,O626Fe,O6y8ed,OMHQQd,OTA3Ae,Ot0YQ,P6sQOc,PAXA6c,PkooVe,PrPYRd,QIBHcd,QIhFr,QOUFuc,QQnX0,QcfBve,Qx89kd,R1C50e,RMhBfe,RiINWe,RqjULd,RwrTe,RyEXJc,RyvaUb,SdcwHb,SpsfSb,UUJqVe,Uas9Hd,UcUJif,Ulmmrd,V3dDOb,VXdfxd,W4c4Lb,WO9ee,WdGZAb,XCoqFe,XU5LFb,XVMNvd,XhPxYe,Z5uLle,ZDZcre,Zj6VZd,ZwDk9d,_b,_tp,aCBidb,aW3pY,byfTOb,cQllkb,ceF0cf,cfcnLe,d8M4Mc,dtQcwe,dyDNGc,e5qFLc,en2VH,fjbyL,g9HNd,gJzDyc,gychg,hIO81e,hItSFb,hKCjub,hKSk3e,hS0dzd,hc6Ubd,hl,i8oNZb,ix2CXc,kRDR8c,keNb9b,kgMFLe,kjKdXe,lazG7b,lfpdyf,lsjVmc,lwddkf,m9oV,mI3LFb,mSX26d,mdR7q,mzzZzc,n73qwf,ncpZGe,nokbA,o72XM,oJz28e,oL8w7b,oNfeAd,oSEAfc,oc9Zo,p3hmRc,pA398e,pjICDe,pvxRAf,pw70Gc,q0xTif,q54pYe,qUYJve,rCcCxc,rGxly,rm2zn,s39S4,sOXFj,sszRX,tLr4ud,texUgd,uHu91b,v3i0Z,vcMNpd,vyDpFd,w4Dafe,w9hDv,wdAvhd,wmnU7d,ws9Tlc,xQtZb,xUdipf,xXfMPe,yf5KH,zH4D3d,zbML3c,zj6ZKd,zr1jrb/excm=_b,_tp,calldesktoppageview/ed=1/br=0/wt=2/ujg=1/rs=AL5CKSFZqD0GUBW9Zp13NTkJGiaTbCvMXQ/ee=AM9HZd:vCak4b;BjCzpe:Yvr34d;Bnf5Lc:iPDrZd;CDC4qf:q6fE0e;CMRktf:sGrqec;DGWCxb:CgYiQ;E1tgbf:hMxPK;EAoUvb:aKikzb;EVNhjf:pw70Gc;EfKZq:QO2YB;EmZ2Bf:zr1jrb;GKUnZb:WNRENb;GmdGTd:Ct4wsb;IXc14:VZgraf;J9XQCb:ojlpPe;JLGZx:oSnDHf;JsINff:yeaFZ;JsbNhc:Xd8iUd;K5nYTd:ZDZcre;KKym4b:dTTbnb;KNpT6b:iSCite;KgXQpf:pQJdrb;LBgRLc:SdcwHb;LQJKcd:WuS5Ye;MJ6mxb:ubdYZ;Me32dd:MEeYgc;N8ehxe:AKukpf;NAHCGe:mxiOOb;NPKaK:SdcwHb;NSEoX:lazG7b;OOoYAb:Oj9pPe;PRDQhf:ux3mLc;PgXDBd:dm1dhc;Pjplud:EEDORb;QGR0gd:Mlhmy;QhhnXd:UqJYYe;RRwdt:gGRuRe;RYWUUc:anescc;Rh5nIc:JScXmc;SIjcAd:jrKD8b;SL22ab:CBRamd;SNUn3:ZwDk9d;SVOR2e:RqS4qe;SVvzme:BPB8ib;ScI3Yc:e7Hzgb;Szy1cf:nBpGQ;TB8xhd:AGa58c;ULs67c:bdUBJc;Up9aO:kY43Sc;Uvc8o:VDovNc;V7j7Sb:stsTjb;VJwZIe:q5U1uf;X6zUkd:u0z0vd;XSYl9e:GNVVIb;YBlgBf:LMo5Id;YIZmRd:A1yn5d;Ycdno:rkQZze;YfZO5c:CVuqWd;ZE1Tgd:kZF9ne;ZGeKvd:rb5w8b;ZT1aHd:g7FNPe;ZaFVgc:wOWhl;ZjyI3e:W2v6fc;a56pNe:JEfCwb;aPdIxb:F52gIc;bS8oAe:Kimhwf;brg6Gd:TlvL3b;cEt90b:ws9Tlc;cFl0Ie:PWJipc;cJj1Kd:A5k23d;cYTQve:GhXhl;cgbTHc:G8ycZ;dDPGef:IiQq4e;dIoSBb:SpsfSb;dYFttf:ZRxAzc;dowIGb:ebZ3mb;eBAeSb:zbML3c;esl3oe:Qz2vJf;fh9ycc:gHNvKb;g2wfV:DcDVld;gAClPb:ghdkwd;hgud7d:GNh0Qc;hoquJe:EjBUIf;iFQyKf:QIhFr;iKsOgb:cWjcJb;jRrT5d:EHUI2d;jg0vue:iItGlf;jtBjNe:dWHZee;kNqx7b:gzp7wb;kqpyR:qIJF2;l4RAwd:h5Fnie;l6twR:Fvyyad;lJ7cgb:Erp0q;lOO0Vd:OTA3Ae;lx9iFf:nVFiIc;m4bwx:htQxyf;nAFL3:s39S4;oFd48c:l7VM1e;oGtAuc:sOXFj;oJejCf:u1kdYb;p0iB4:VQhtq;pXdRYb:MdUzUe;qSBODf:H8X5pc;qafBPd:yDVVkb;qddgKe:xQtZb;qgOdad:vko54d;rWx8Cc:DxgUF;rarsed:Mb2qyd;rpiri:tZyrxe;sgnAWd:HkSoT;ssiZFc:BhQ85d;vKM7Jb:cWjcJb;w1T0Td:xpWMVc;wR5FRb:O1Gjze;x2i2de:zeWni;x4CZme:lCtfC;xbOSgd:e5G55;xqZiqf:wmnU7d;ye9FMd:KC9GA;yxTchf:KUM7Z;zBvUNc:fT8Mbb;zJxI2:kxz7Nb;zxnPse:GkRiKb/m=yEk6Te,xbDtq,CqZKyc,IC29Ne,FNEVwb,EbM8gf,gJHvUb,FH3f2d,JTBQeb,c4XQ6d?wli=MeetingsUi.CNUHYC6SC00.loadAudioAnalyzer.O%3A%3BMeetingsUi.xii40Mq5ps0.loadAudioEncoder.O%3A%3BMeetingsUi.H1nLoDTpHoA.loadNetEqLyraWrapper.O%3A%3BMeetingsUi.BgSaBhM4mEg.loadNetEqWrapper.O%3A%3B (613)
[17440:17504:0416/151024.069:INFO:CONSOLE(536)] "Uncaught (in promise) ConnectError: startupCode: 200, error = {
  statusCode = 403
  status = {
    Yj = {
      0 = 7
      1 = "The caller does not have permission"
      closure_uid_269623295 = 17
    }
    closure_uid_269623295 = 16
    wc = "v3Bbmc"
  }
  extraData = {
    Axb = 39
    PQa = undefined
    closure_uid_269623295 = 18
  }
  name = "GrpcErrorResponse"
  headers = {
    alt-svc = "h3=":443"; ma=2592000,h3-29=":443"; ma=2592000"
    content-encoding = "gzip"
    content-length = "59"
    content-type = "application/x-protobuf"
    date = "Wed, 16 Apr 2025 08:10:23 GMT"
    server = "ESF"
    vary = "Origin, X-Origin, Referer"
    x-content-type-options = "nosniff"
    x-frame-options = "SAMEORIGIN"
    x-l2-request-path = "l2-managed-9"
    x-xss-protection = "0"
    closure_uid_269623295 = 19
  }
  closure_uid_269623295 = 15
}", source: https://meet.google.com/_/scs/mss-static/_/js/k=boq-rtc.MeetingsUi.en_US.gaPuSYD7VvY.2020.O/ck=boq-rtc.MeetingsUi.fty8OhQoEVQ.L.B1.O/am=xrgDIJBGAwQAYwEDkAACAASAMgAgUgODAwEEAHlwAAhgAAAAEICighgDAADgBgAEiI5-AO4yIcUBDA/d=1/exm=A4UTCb,A5iG7e,A7fCU,ALJJub,Af18Qe,Af2VCc,AqUZy,BVgquf,CDstLe,CJeEuc,CrPWbe,DqbA0b,EFQ78c,EmRN4e,FSOnAf,FU117c,Fl2dbf,GJVpQd,GkRiKb,H9H6ie,I4aMuc,IHpeje,INwHbf,IZT63,Ivl8bd,J9PVmc,JGjVRe,JNoxi,JceZD,K4NgS,KMpyYe,KUM7Z,L1AAkb,LBaJxb,LEikZe,LvGhrf,MH0hJe,MI6k7c,MVkoYc,MdUzUe,MpJwZc,NwH0H,O1Gjze,O626Fe,O6y8ed,OMHQQd,OTA3Ae,Ot0YQ,P6sQOc,PAXA6c,PkooVe,PrPYRd,QIBHcd,QIhFr,QOUFuc,QQnX0,QcfBve,Qx89kd,R1C50e,RMhBfe,RiINWe,RqjULd,RwrTe,RyEXJc,RyvaUb,SdcwHb,SpsfSb,UUJqVe,Uas9Hd,UcUJif,Ulmmrd,V3dDOb,VXdfxd,W4c4Lb,WO9ee,WdGZAb,XCoqFe,XU5LFb,XVMNvd,XhPxYe,Z5uLle,ZDZcre,Zj6VZd,ZwDk9d,_b,_tp,aCBidb,aW3pY,byfTOb,cQllkb,ceF0cf,cfcnLe,d8M4Mc,dtQcwe,dyDNGc,e5qFLc,en2VH,fjbyL,g9HNd,gJzDyc,gychg,hIO81e,hItSFb,hKCjub,hKSk3e,hS0dzd,hc6Ubd,hl,i8oNZb,ix2CXc,kRDR8c,keNb9b,kgMFLe,kjKdXe,lazG7b,lfpdyf,lsjVmc,lwddkf,m9oV,mI3LFb,mSX26d,mdR7q,mzzZzc,n73qwf,ncpZGe,nokbA,o72XM,oJz28e,oL8w7b,oNfeAd,oSEAfc,oc9Zo,p3hmRc,pA398e,pjICDe,pvxRAf,pw70Gc,q0xTif,q54pYe,qUYJve,rCcCxc,rGxly,rm2zn,s39S4,sOXFj,sszRX,tLr4ud,texUgd,uHu91b,v3i0Z,vcMNpd,vyDpFd,w4Dafe,w9hDv,wdAvhd,wmnU7d,ws9Tlc,xQtZb,xUdipf,xXfMPe,yf5KH,zH4D3d,zbML3c,zj6ZKd,zr1jrb/excm=_b,_tp,calldesktoppageview/ed=1/br=0/wt=2/ujg=1/rs=AL5CKSFZqD0GUBW9Zp13NTkJGiaTbCvMXQ/ee=AM9HZd:vCak4b;BjCzpe:Yvr34d;Bnf5Lc:iPDrZd;CDC4qf:q6fE0e;CMRktf:sGrqec;DGWCxb:CgYiQ;E1tgbf:hMxPK;EAoUvb:aKikzb;EVNhjf:pw70Gc;EfKZq:QO2YB;EmZ2Bf:zr1jrb;GKUnZb:WNRENb;GmdGTd:Ct4wsb;IXc14:VZgraf;J9XQCb:ojlpPe;JLGZx:oSnDHf;JsINff:yeaFZ;JsbNhc:Xd8iUd;K5nYTd:ZDZcre;KKym4b:dTTbnb;KNpT6b:iSCite;KgXQpf:pQJdrb;LBgRLc:SdcwHb;LQJKcd:WuS5Ye;MJ6mxb:ubdYZ;Me32dd:MEeYgc;N8ehxe:AKukpf;NAHCGe:mxiOOb;NPKaK:SdcwHb;NSEoX:lazG7b;OOoYAb:Oj9pPe;PRDQhf:ux3mLc;PgXDBd:dm1dhc;Pjplud:EEDORb;QGR0gd:Mlhmy;QhhnXd:UqJYYe;RRwdt:gGRuRe;RYWUUc:anescc;Rh5nIc:JScXmc;SIjcAd:jrKD8b;SL22ab:CBRamd;SNUn3:ZwDk9d;SVOR2e:RqS4qe;SVvzme:BPB8ib;ScI3Yc:e7Hzgb;Szy1cf:nBpGQ;TB8xhd:AGa58c;ULs67c:bdUBJc;Up9aO:kY43Sc;Uvc8o:VDovNc;V7j7Sb:stsTjb;VJwZIe:q5U1uf;X6zUkd:u0z0vd;XSYl9e:GNVVIb;YBlgBf:LMo5Id;YIZmRd:A1yn5d;Ycdno:rkQZze;YfZO5c:CVuqWd;ZE1Tgd:kZF9ne;ZGeKvd:rb5w8b;ZT1aHd:g7FNPe;ZaFVgc:wOWhl;ZjyI3e:W2v6fc;a56pNe:JEfCwb;aPdIxb:F52gIc;bS8oAe:Kimhwf;brg6Gd:TlvL3b;cEt90b:ws9Tlc;cFl0Ie:PWJipc;cJj1Kd:A5k23d;cYTQve:GhXhl;cgbTHc:G8ycZ;dDPGef:IiQq4e;dIoSBb:SpsfSb;dYFttf:ZRxAzc;dowIGb:ebZ3mb;eBAeSb:zbML3c;esl3oe:Qz2vJf;fh9ycc:gHNvKb;g2wfV:DcDVld;gAClPb:ghdkwd;hgud7d:GNh0Qc;hoquJe:EjBUIf;iFQyKf:QIhFr;iKsOgb:cWjcJb;jRrT5d:EHUI2d;jg0vue:iItGlf;jtBjNe:dWHZee;kNqx7b:gzp7wb;kqpyR:qIJF2;l4RAwd:h5Fnie;l6twR:Fvyyad;lJ7cgb:Erp0q;lOO0Vd:OTA3Ae;lx9iFf:nVFiIc;m4bwx:htQxyf;nAFL3:s39S4;oFd48c:l7VM1e;oGtAuc:sOXFj;oJejCf:u1kdYb;p0iB4:VQhtq;pXdRYb:MdUzUe;qSBODf:H8X5pc;qafBPd:yDVVkb;qddgKe:xQtZb;qgOdad:vko54d;rWx8Cc:DxgUF;rarsed:Mb2qyd;rpiri:tZyrxe;sgnAWd:HkSoT;ssiZFc:BhQ85d;vKM7Jb:cWjcJb;w1T0Td:xpWMVc;wR5FRb:O1Gjze;x2i2de:zeWni;x4CZme:lCtfC;xbOSgd:e5G55;xqZiqf:wmnU7d;ye9FMd:KC9GA;yxTchf:KUM7Z;zBvUNc:fT8Mbb;zJxI2:kxz7Nb;zxnPse:GkRiKb/m=yEk6Te,xbDtq,CqZKyc,IC29Ne,FNEVwb,EbM8gf,gJHvUb,FH3f2d,JTBQeb,c4XQ6d?wli=MeetingsUi.CNUHYC6SC00.loadAudioAnalyzer.O%3A%3BMeetingsUi.xii40Mq5ps0.loadAudioEncoder.O%3A%3BMeetingsUi.H1nLoDTpHoA.loadNetEqLyraWrapper.O%3A%3BMeetingsUi.BgSaBhM4mEg.loadNetEqWrapper.O%3A%3B (536)
[17440:17504:0416/151024.072:INFO:CONSOLE(2679)] "Uncaught (in promise) CustomError: oh", source: https://meet.google.com/_/scs/mss-static/_/js/k=boq-rtc.MeetingsUi.en_US.gaPuSYD7VvY.2020.O/ck=boq-rtc.MeetingsUi.fty8OhQoEVQ.L.B1.O/am=xrgDIJBGAwQAYwEDkAACAASAMgAgUgODAwEEAHlwAAhgAAAAEICighgDAADgBgAEiI5-AO4yIcUBDA/d=1/exm=LEikZe,_b,_tp,byfTOb,lsjVmc/excm=_b,_tp,calldesktoppageview/ed=1/br=0/wt=2/ujg=1/rs=AL5CKSFZqD0GUBW9Zp13NTkJGiaTbCvMXQ/ee=AM9HZd:vCak4b;BjCzpe:Yvr34d;Bnf5Lc:iPDrZd;CDC4qf:q6fE0e;CMRktf:sGrqec;DGWCxb:CgYiQ;E1tgbf:hMxPK;EAoUvb:aKikzb;EVNhjf:pw70Gc;EfKZq:QO2YB;EmZ2Bf:zr1jrb;GKUnZb:WNRENb;GmdGTd:Ct4wsb;IXc14:VZgraf;J9XQCb:ojlpPe;JLGZx:oSnDHf;JsINff:yeaFZ;JsbNhc:Xd8iUd;K5nYTd:ZDZcre;KKym4b:dTTbnb;KNpT6b:iSCite;KgXQpf:pQJdrb;LBgRLc:SdcwHb;LQJKcd:WuS5Ye;MJ6mxb:ubdYZ;Me32dd:MEeYgc;N8ehxe:AKukpf;NAHCGe:mxiOOb;NPKaK:SdcwHb;NSEoX:lazG7b;OOoYAb:Oj9pPe;PRDQhf:ux3mLc;PgXDBd:dm1dhc;Pjplud:EEDORb;QGR0gd:Mlhmy;QhhnXd:UqJYYe;RRwdt:gGRuRe;RYWUUc:anescc;Rh5nIc:JScXmc;SIjcAd:jrKD8b;SL22ab:CBRamd;SNUn3:ZwDk9d;SVOR2e:RqS4qe;SVvzme:BPB8ib;ScI3Yc:e7Hzgb;Szy1cf:nBpGQ;TB8xhd:AGa58c;ULs67c:bdUBJc;Up9aO:kY43Sc;Uvc8o:VDovNc;V7j7Sb:stsTjb;VJwZIe:q5U1uf;X6zUkd:u0z0vd;XSYl9e:GNVVIb;YBlgBf:LMo5Id;YIZmRd:A1yn5d;Ycdno:rkQZze;YfZO5c:CVuqWd;ZE1Tgd:kZF9ne;ZGeKvd:rb5w8b;ZT1aHd:g7FNPe;ZaFVgc:wOWhl;ZjyI3e:W2v6fc;a56pNe:JEfCwb;aPdIxb:F52gIc;bS8oAe:Kimhwf;brg6Gd:TlvL3b;cEt90b:ws9Tlc;cFl0Ie:PWJipc;cJj1Kd:A5k23d;cYTQve:GhXhl;cgbTHc:G8ycZ;dDPGef:IiQq4e;dIoSBb:SpsfSb;dYFttf:ZRxAzc;dowIGb:ebZ3mb;eBAeSb:zbML3c;esl3oe:Qz2vJf;fh9ycc:gHNvKb;g2wfV:DcDVld;gAClPb:ghdkwd;hgud7d:GNh0Qc;hoquJe:EjBUIf;iFQyKf:QIhFr;iKsOgb:cWjcJb;jRrT5d:EHUI2d;jg0vue:iItGlf;jtBjNe:dWHZee;kNqx7b:gzp7wb;kqpyR:qIJF2;l4RAwd:h5Fnie;l6twR:Fvyyad;lJ7cgb:Erp0q;lOO0Vd:OTA3Ae;lx9iFf:nVFiIc;m4bwx:htQxyf;nAFL3:s39S4;oFd48c:l7VM1e;oGtAuc:sOXFj;oJejCf:u1kdYb;p0iB4:VQhtq;pXdRYb:MdUzUe;qSBODf:H8X5pc;qafBPd:yDVVkb;qddgKe:xQtZb;qgOdad:vko54d;rWx8Cc:DxgUF;rarsed:Mb2qyd;rpiri:tZyrxe;sgnAWd:HkSoT;ssiZFc:BhQ85d;vKM7Jb:cWjcJb;w1T0Td:xpWMVc;wR5FRb:O1Gjze;x2i2de:zeWni;x4CZme:lCtfC;xbOSgd:e5G55;xqZiqf:wmnU7d;ye9FMd:KC9GA;yxTchf:KUM7Z;zBvUNc:fT8Mbb;zJxI2:kxz7Nb;zxnPse:GkRiKb/m=ws9Tlc,n73qwf,GkRiKb,e5qFLc,IZT63,UUJqVe,O1Gjze,xUdipf,ZDZcre,OTA3Ae,ZwDk9d,RyvaUb,mI3LFb,XU5LFb,m9oV,hl,P6sQOc,QcfBve,mzzZzc,rCcCxc,mSX26d,WO9ee,JGjVRe,ncpZGe,CJeEuc,en2VH,ALJJub,kRDR8c,H9H6ie,sszRX,FU117c,QQnX0,uHu91b,kgMFLe,hKCjub,O6y8ed,PrPYRd,MpJwZc,NwH0H,V3dDOb,lazG7b,Ivl8bd,g9HNd,XVMNvd,L1AAkb,KUM7Z,Fl2dbf,s39S4,lwddkf,gychg,w9hDv,RMhBfe,SdcwHb,aW3pY,texUgd,pw70Gc,EFQ78c,Ulmmrd,A7fCU,mdR7q,wmnU7d,xQtZb,FSOnAf,gJzDyc,JNoxi,MI6k7c,kjKdXe,BVgquf,QIhFr,lfpdyf,hKSk3e,hc6Ubd,SpsfSb,Z5uLle,MdUzUe,zbML3c,zr1jrb,Uas9Hd,pjICDe?wli=MeetingsUi.CNUHYC6SC00.loadAudioAnalyzer.O%3A%3BMeetingsUi.xii40Mq5ps0.loadAudioEncoder.O%3A%3BMeetingsUi.H1nLoDTpHoA.loadNetEqLyraWrapper.O%3A%3BMeetingsUi.BgSaBhM4mEg.loadNetEqWrapper.O%3A%3B (2679)
[17440:17504:0416/151024.092:INFO:CONSOLE(4342)] "Uncaught (in promise) DisconnectedError: DisconnectedError, EndCause = 72", source: https://meet.google.com/_/scs/mss-static/_/js/k=boq-rtc.MeetingsUi.en_US.gaPuSYD7VvY.2020.O/ck=boq-rtc.MeetingsUi.fty8OhQoEVQ.L.B1.O/am=xrgDIJBGAwQAYwEDkAACAASAMgAgUgODAwEEAHlwAAhgAAAAEICighgDAADgBgAEiI5-AO4yIcUBDA/d=1/exm=LEikZe,_b,_tp,byfTOb,lsjVmc/excm=_b,_tp,calldesktoppageview/ed=1/br=0/wt=2/ujg=1/rs=AL5CKSFZqD0GUBW9Zp13NTkJGiaTbCvMXQ/ee=AM9HZd:vCak4b;BjCzpe:Yvr34d;Bnf5Lc:iPDrZd;CDC4qf:q6fE0e;CMRktf:sGrqec;DGWCxb:CgYiQ;E1tgbf:hMxPK;EAoUvb:aKikzb;EVNhjf:pw70Gc;EfKZq:QO2YB;EmZ2Bf:zr1jrb;GKUnZb:WNRENb;GmdGTd:Ct4wsb;IXc14:VZgraf;J9XQCb:ojlpPe;JLGZx:oSnDHf;JsINff:yeaFZ;JsbNhc:Xd8iUd;K5nYTd:ZDZcre;KKym4b:dTTbnb;KNpT6b:iSCite;KgXQpf:pQJdrb;LBgRLc:SdcwHb;LQJKcd:WuS5Ye;MJ6mxb:ubdYZ;Me32dd:MEeYgc;N8ehxe:AKukpf;NAHCGe:mxiOOb;NPKaK:SdcwHb;NSEoX:lazG7b;OOoYAb:Oj9pPe;PRDQhf:ux3mLc;PgXDBd:dm1dhc;Pjplud:EEDORb;QGR0gd:Mlhmy;QhhnXd:UqJYYe;RRwdt:gGRuRe;RYWUUc:anescc;Rh5nIc:JScXmc;SIjcAd:jrKD8b;SL22ab:CBRamd;SNUn3:ZwDk9d;SVOR2e:RqS4qe;SVvzme:BPB8ib;ScI3Yc:e7Hzgb;Szy1cf:nBpGQ;TB8xhd:AGa58c;ULs67c:bdUBJc;Up9aO:kY43Sc;Uvc8o:VDovNc;V7j7Sb:stsTjb;VJwZIe:q5U1uf;X6zUkd:u0z0vd;XSYl9e:GNVVIb;YBlgBf:LMo5Id;YIZmRd:A1yn5d;Ycdno:rkQZze;YfZO5c:CVuqWd;ZE1Tgd:kZF9ne;ZGeKvd:rb5w8b;ZT1aHd:g7FNPe;ZaFVgc:wOWhl;ZjyI3e:W2v6fc;a56pNe:JEfCwb;aPdIxb:F52gIc;bS8oAe:Kimhwf;brg6Gd:TlvL3b;cEt90b:ws9Tlc;cFl0Ie:PWJipc;cJj1Kd:A5k23d;cYTQve:GhXhl;cgbTHc:G8ycZ;dDPGef:IiQq4e;dIoSBb:SpsfSb;dYFttf:ZRxAzc;dowIGb:ebZ3mb;eBAeSb:zbML3c;esl3oe:Qz2vJf;fh9ycc:gHNvKb;g2wfV:DcDVld;gAClPb:ghdkwd;hgud7d:GNh0Qc;hoquJe:EjBUIf;iFQyKf:QIhFr;iKsOgb:cWjcJb;jRrT5d:EHUI2d;jg0vue:iItGlf;jtBjNe:dWHZee;kNqx7b:gzp7wb;kqpyR:qIJF2;l4RAwd:h5Fnie;l6twR:Fvyyad;lJ7cgb:Erp0q;lOO0Vd:OTA3Ae;lx9iFf:nVFiIc;m4bwx:htQxyf;nAFL3:s39S4;oFd48c:l7VM1e;oGtAuc:sOXFj;oJejCf:u1kdYb;p0iB4:VQhtq;pXdRYb:MdUzUe;qSBODf:H8X5pc;qafBPd:yDVVkb;qddgKe:xQtZb;qgOdad:vko54d;rWx8Cc:DxgUF;rarsed:Mb2qyd;rpiri:tZyrxe;sgnAWd:HkSoT;ssiZFc:BhQ85d;vKM7Jb:cWjcJb;w1T0Td:xpWMVc;wR5FRb:O1Gjze;x2i2de:zeWni;x4CZme:lCtfC;xbOSgd:e5G55;xqZiqf:wmnU7d;ye9FMd:KC9GA;yxTchf:KUM7Z;zBvUNc:fT8Mbb;zJxI2:kxz7Nb;zxnPse:GkRiKb/m=ws9Tlc,n73qwf,GkRiKb,e5qFLc,IZT63,UUJqVe,O1Gjze,xUdipf,ZDZcre,OTA3Ae,ZwDk9d,RyvaUb,mI3LFb,XU5LFb,m9oV,hl,P6sQOc,QcfBve,mzzZzc,rCcCxc,mSX26d,WO9ee,JGjVRe,ncpZGe,CJeEuc,en2VH,ALJJub,kRDR8c,H9H6ie,sszRX,FU117c,QQnX0,uHu91b,kgMFLe,hKCjub,O6y8ed,PrPYRd,MpJwZc,NwH0H,V3dDOb,lazG7b,Ivl8bd,g9HNd,XVMNvd,L1AAkb,KUM7Z,Fl2dbf,s39S4,lwddkf,gychg,w9hDv,RMhBfe,SdcwHb,aW3pY,texUgd,pw70Gc,EFQ78c,Ulmmrd,A7fCU,mdR7q,wmnU7d,xQtZb,FSOnAf,gJzDyc,JNoxi,MI6k7c,kjKdXe,BVgquf,QIhFr,lfpdyf,hKSk3e,hc6Ubd,SpsfSb,Z5uLle,MdUzUe,zbML3c,zr1jrb,Uas9Hd,pjICDe?wli=MeetingsUi.CNUHYC6SC00.loadAudioAnalyzer.O%3A%3BMeetingsUi.xii40Mq5ps0.loadAudioEncoder.O%3A%3BMeetingsUi.H1nLoDTpHoA.loadNetEqLyraWrapper.O%3A%3BMeetingsUi.BgSaBhM4mEg.loadNetEqWrapper.O%3A%3B (4342)
[17440:17504:0416/151024.102:INFO:CONSOLE(4342)] "Uncaught (in promise) DisconnectedError: DisconnectedError, EndCause = 72", source: https://meet.google.com/_/scs/mss-static/_/js/k=boq-rtc.MeetingsUi.en_US.gaPuSYD7VvY.2020.O/ck=boq-rtc.MeetingsUi.fty8OhQoEVQ.L.B1.O/am=xrgDIJBGAwQAYwEDkAACAASAMgAgUgODAwEEAHlwAAhgAAAAEICighgDAADgBgAEiI5-AO4yIcUBDA/d=1/exm=LEikZe,_b,_tp,byfTOb,lsjVmc/excm=_b,_tp,calldesktoppageview/ed=1/br=0/wt=2/ujg=1/rs=AL5CKSFZqD0GUBW9Zp13NTkJGiaTbCvMXQ/ee=AM9HZd:vCak4b;BjCzpe:Yvr34d;Bnf5Lc:iPDrZd;CDC4qf:q6fE0e;CMRktf:sGrqec;DGWCxb:CgYiQ;E1tgbf:hMxPK;EAoUvb:aKikzb;EVNhjf:pw70Gc;EfKZq:QO2YB;EmZ2Bf:zr1jrb;GKUnZb:WNRENb;GmdGTd:Ct4wsb;IXc14:VZgraf;J9XQCb:ojlpPe;JLGZx:oSnDHf;JsINff:yeaFZ;JsbNhc:Xd8iUd;K5nYTd:ZDZcre;KKym4b:dTTbnb;KNpT6b:iSCite;KgXQpf:pQJdrb;LBgRLc:SdcwHb;LQJKcd:WuS5Ye;MJ6mxb:ubdYZ;Me32dd:MEeYgc;N8ehxe:AKukpf;NAHCGe:mxiOOb;NPKaK:SdcwHb;NSEoX:lazG7b;OOoYAb:Oj9pPe;PRDQhf:ux3mLc;PgXDBd:dm1dhc;Pjplud:EEDORb;QGR0gd:Mlhmy;QhhnXd:UqJYYe;RRwdt:gGRuRe;RYWUUc:anescc;Rh5nIc:JScXmc;SIjcAd:jrKD8b;SL22ab:CBRamd;SNUn3:ZwDk9d;SVOR2e:RqS4qe;SVvzme:BPB8ib;ScI3Yc:e7Hzgb;Szy1cf:nBpGQ;TB8xhd:AGa58c;ULs67c:bdUBJc;Up9aO:kY43Sc;Uvc8o:VDovNc;V7j7Sb:stsTjb;VJwZIe:q5U1uf;X6zUkd:u0z0vd;XSYl9e:GNVVIb;YBlgBf:LMo5Id;YIZmRd:A1yn5d;Ycdno:rkQZze;YfZO5c:CVuqWd;ZE1Tgd:kZF9ne;ZGeKvd:rb5w8b;ZT1aHd:g7FNPe;ZaFVgc:wOWhl;ZjyI3e:W2v6fc;a56pNe:JEfCwb;aPdIxb:F52gIc;bS8oAe:Kimhwf;brg6Gd:TlvL3b;cEt90b:ws9Tlc;cFl0Ie:PWJipc;cJj1Kd:A5k23d;cYTQve:GhXhl;cgbTHc:G8ycZ;dDPGef:IiQq4e;dIoSBb:SpsfSb;dYFttf:ZRxAzc;dowIGb:ebZ3mb;eBAeSb:zbML3c;esl3oe:Qz2vJf;fh9ycc:gHNvKb;g2wfV:DcDVld;gAClPb:ghdkwd;hgud7d:GNh0Qc;hoquJe:EjBUIf;iFQyKf:QIhFr;iKsOgb:cWjcJb;jRrT5d:EHUI2d;jg0vue:iItGlf;jtBjNe:dWHZee;kNqx7b:gzp7wb;kqpyR:qIJF2;l4RAwd:h5Fnie;l6twR:Fvyyad;lJ7cgb:Erp0q;lOO0Vd:OTA3Ae;lx9iFf:nVFiIc;m4bwx:htQxyf;nAFL3:s39S4;oFd48c:l7VM1e;oGtAuc:sOXFj;oJejCf:u1kdYb;p0iB4:VQhtq;pXdRYb:MdUzUe;qSBODf:H8X5pc;qafBPd:yDVVkb;qddgKe:xQtZb;qgOdad:vko54d;rWx8Cc:DxgUF;rarsed:Mb2qyd;rpiri:tZyrxe;sgnAWd:HkSoT;ssiZFc:BhQ85d;vKM7Jb:cWjcJb;w1T0Td:xpWMVc;wR5FRb:O1Gjze;x2i2de:zeWni;x4CZme:lCtfC;xbOSgd:e5G55;xqZiqf:wmnU7d;ye9FMd:KC9GA;yxTchf:KUM7Z;zBvUNc:fT8Mbb;zJxI2:kxz7Nb;zxnPse:GkRiKb/m=ws9Tlc,n73qwf,GkRiKb,e5qFLc,IZT63,UUJqVe,O1Gjze,xUdipf,ZDZcre,OTA3Ae,ZwDk9d,RyvaUb,mI3LFb,XU5LFb,m9oV,hl,P6sQOc,QcfBve,mzzZzc,rCcCxc,mSX26d,WO9ee,JGjVRe,ncpZGe,CJeEuc,en2VH,ALJJub,kRDR8c,H9H6ie,sszRX,FU117c,QQnX0,uHu91b,kgMFLe,hKCjub,O6y8ed,PrPYRd,MpJwZc,NwH0H,V3dDOb,lazG7b,Ivl8bd,g9HNd,XVMNvd,L1AAkb,KUM7Z,Fl2dbf,s39S4,lwddkf,gychg,w9hDv,RMhBfe,SdcwHb,aW3pY,texUgd,pw70Gc,EFQ78c,Ulmmrd,A7fCU,mdR7q,wmnU7d,xQtZb,FSOnAf,gJzDyc,JNoxi,MI6k7c,kjKdXe,BVgquf,QIhFr,lfpdyf,hKSk3e,hc6Ubd,SpsfSb,Z5uLle,MdUzUe,zbML3c,zr1jrb,Uas9Hd,pjICDe?wli=MeetingsUi.CNUHYC6SC00.loadAudioAnalyzer.O%3A%3BMeetingsUi.xii40Mq5ps0.loadAudioEncoder.O%3A%3BMeetingsUi.H1nLoDTpHoA.loadNetEqLyraWrapper.O%3A%3BMeetingsUi.BgSaBhM4mEg.loadNetEqWrapper.O%3A%3B (4342)
[17440:17504:0416/151024.102:INFO:CONSOLE(4342)] "Uncaught (in promise) DisconnectedError: DisconnectedError, EndCause = 72", source: https://meet.google.com/_/scs/mss-static/_/js/k=boq-rtc.MeetingsUi.en_US.gaPuSYD7VvY.2020.O/ck=boq-rtc.MeetingsUi.fty8OhQoEVQ.L.B1.O/am=xrgDIJBGAwQAYwEDkAACAASAMgAgUgODAwEEAHlwAAhgAAAAEICighgDAADgBgAEiI5-AO4yIcUBDA/d=1/exm=LEikZe,_b,_tp,byfTOb,lsjVmc/excm=_b,_tp,calldesktoppageview/ed=1/br=0/wt=2/ujg=1/rs=AL5CKSFZqD0GUBW9Zp13NTkJGiaTbCvMXQ/ee=AM9HZd:vCak4b;BjCzpe:Yvr34d;Bnf5Lc:iPDrZd;CDC4qf:q6fE0e;CMRktf:sGrqec;DGWCxb:CgYiQ;E1tgbf:hMxPK;EAoUvb:aKikzb;EVNhjf:pw70Gc;EfKZq:QO2YB;EmZ2Bf:zr1jrb;GKUnZb:WNRENb;GmdGTd:Ct4wsb;IXc14:VZgraf;J9XQCb:ojlpPe;JLGZx:oSnDHf;JsINff:yeaFZ;JsbNhc:Xd8iUd;K5nYTd:ZDZcre;KKym4b:dTTbnb;KNpT6b:iSCite;KgXQpf:pQJdrb;LBgRLc:SdcwHb;LQJKcd:WuS5Ye;MJ6mxb:ubdYZ;Me32dd:MEeYgc;N8ehxe:AKukpf;NAHCGe:mxiOOb;NPKaK:SdcwHb;NSEoX:lazG7b;OOoYAb:Oj9pPe;PRDQhf:ux3mLc;PgXDBd:dm1dhc;Pjplud:EEDORb;QGR0gd:Mlhmy;QhhnXd:UqJYYe;RRwdt:gGRuRe;RYWUUc:anescc;Rh5nIc:JScXmc;SIjcAd:jrKD8b;SL22ab:CBRamd;SNUn3:ZwDk9d;SVOR2e:RqS4qe;SVvzme:BPB8ib;ScI3Yc:e7Hzgb;Szy1cf:nBpGQ;TB8xhd:AGa58c;ULs67c:bdUBJc;Up9aO:kY43Sc;Uvc8o:VDovNc;V7j7Sb:stsTjb;VJwZIe:q5U1uf;X6zUkd:u0z0vd;XSYl9e:GNVVIb;YBlgBf:LMo5Id;YIZmRd:A1yn5d;Ycdno:rkQZze;YfZO5c:CVuqWd;ZE1Tgd:kZF9ne;ZGeKvd:rb5w8b;ZT1aHd:g7FNPe;ZaFVgc:wOWhl;ZjyI3e:W2v6fc;a56pNe:JEfCwb;aPdIxb:F52gIc;bS8oAe:Kimhwf;brg6Gd:TlvL3b;cEt90b:ws9Tlc;cFl0Ie:PWJipc;cJj1Kd:A5k23d;cYTQve:GhXhl;cgbTHc:G8ycZ;dDPGef:IiQq4e;dIoSBb:SpsfSb;dYFttf:ZRxAzc;dowIGb:ebZ3mb;eBAeSb:zbML3c;esl3oe:Qz2vJf;fh9ycc:gHNvKb;g2wfV:DcDVld;gAClPb:ghdkwd;hgud7d:GNh0Qc;hoquJe:EjBUIf;iFQyKf:QIhFr;iKsOgb:cWjcJb;jRrT5d:EHUI2d;jg0vue:iItGlf;jtBjNe:dWHZee;kNqx7b:gzp7wb;kqpyR:qIJF2;l4RAwd:h5Fnie;l6twR:Fvyyad;lJ7cgb:Erp0q;lOO0Vd:OTA3Ae;lx9iFf:nVFiIc;m4bwx:htQxyf;nAFL3:s39S4;oFd48c:l7VM1e;oGtAuc:sOXFj;oJejCf:u1kdYb;p0iB4:VQhtq;pXdRYb:MdUzUe;qSBODf:H8X5pc;qafBPd:yDVVkb;qddgKe:xQtZb;qgOdad:vko54d;rWx8Cc:DxgUF;rarsed:Mb2qyd;rpiri:tZyrxe;sgnAWd:HkSoT;ssiZFc:BhQ85d;vKM7Jb:cWjcJb;w1T0Td:xpWMVc;wR5FRb:O1Gjze;x2i2de:zeWni;x4CZme:lCtfC;xbOSgd:e5G55;xqZiqf:wmnU7d;ye9FMd:KC9GA;yxTchf:KUM7Z;zBvUNc:fT8Mbb;zJxI2:kxz7Nb;zxnPse:GkRiKb/m=ws9Tlc,n73qwf,GkRiKb,e5qFLc,IZT63,UUJqVe,O1Gjze,xUdipf,ZDZcre,OTA3Ae,ZwDk9d,RyvaUb,mI3LFb,XU5LFb,m9oV,hl,P6sQOc,QcfBve,mzzZzc,rCcCxc,mSX26d,WO9ee,JGjVRe,ncpZGe,CJeEuc,en2VH,ALJJub,kRDR8c,H9H6ie,sszRX,FU117c,QQnX0,uHu91b,kgMFLe,hKCjub,O6y8ed,PrPYRd,MpJwZc,NwH0H,V3dDOb,lazG7b,Ivl8bd,g9HNd,XVMNvd,L1AAkb,KUM7Z,Fl2dbf,s39S4,lwddkf,gychg,w9hDv,RMhBfe,SdcwHb,aW3pY,texUgd,pw70Gc,EFQ78c,Ulmmrd,A7fCU,mdR7q,wmnU7d,xQtZb,FSOnAf,gJzDyc,JNoxi,MI6k7c,kjKdXe,BVgquf,QIhFr,lfpdyf,hKSk3e,hc6Ubd,SpsfSb,Z5uLle,MdUzUe,zbML3c,zr1jrb,Uas9Hd,pjICDe?wli=MeetingsUi.CNUHYC6SC00.loadAudioAnalyzer.O%3A%3BMeetingsUi.xii40Mq5ps0.loadAudioEncoder.O%3A%3BMeetingsUi.H1nLoDTpHoA.loadNetEqLyraWrapper.O%3A%3BMeetingsUi.BgSaBhM4mEg.loadNetEqWrapper.O%3A%3B (4342)
[17440:17504:0416/151024.102:INFO:CONSOLE(294)] "Uncaught (in promise) cancel: Disposed before init", source: https://meet.google.com/_/scs/mss-static/_/js/k=boq-rtc.MeetingsUi.en_US.gaPuSYD7VvY.2020.O/am=xrgDIJBGAwQAYwEDkAACAASAMgAgUgODAwEEAHlwAAhgAAAAEICighgDAADgBgAEiI5-AO4yIcUBDA/d=1/excm=_b,_tp,calldesktoppageview/ed=1/dg=0/br=0/wt=2/ujg=1/rs=AL5CKSGkOXmYOZ1iJMqweFQQmFtrkHmpYA/m=_b,_tp?wli=MeetingsUi.CNUHYC6SC00.loadAudioAnalyzer.O%3A%3BMeetingsUi.xii40Mq5ps0.loadAudioEncoder.O%3A%3BMeetingsUi.H1nLoDTpHoA.loadNetEqLyraWrapper.O%3A%3BMeetingsUi.BgSaBhM4mEg.loadNetEqWrapper.O%3A%3B (294)
[17440:17504:0416/151024.102:INFO:CONSOLE(294)] "Uncaught (in promise) cancel: Disposed before init", source: https://meet.google.com/_/scs/mss-static/_/js/k=boq-rtc.MeetingsUi.en_US.gaPuSYD7VvY.2020.O/am=xrgDIJBGAwQAYwEDkAACAASAMgAgUgODAwEEAHlwAAhgAAAAEICighgDAADgBgAEiI5-AO4yIcUBDA/d=1/excm=_b,_tp,calldesktoppageview/ed=1/dg=0/br=0/wt=2/ujg=1/rs=AL5CKSGkOXmYOZ1iJMqweFQQmFtrkHmpYA/m=_b,_tp?wli=MeetingsUi.CNUHYC6SC00.loadAudioAnalyzer.O%3A%3BMeetingsUi.xii40Mq5ps0.loadAudioEncoder.O%3A%3BMeetingsUi.H1nLoDTpHoA.loadNetEqLyraWrapper.O%3A%3BMeetingsUi.BgSaBhM4mEg.loadNetEqWrapper.O%3A%3B (294)
[17440:17504:0416/151024.107:INFO:CONSOLE(294)] "Uncaught (in promise) cancel: Disposed before init", source: https://meet.google.com/_/scs/mss-static/_/js/k=boq-rtc.MeetingsUi.en_US.gaPuSYD7VvY.2020.O/am=xrgDIJBGAwQAYwEDkAACAASAMgAgUgODAwEEAHlwAAhgAAAAEICighgDAADgBgAEiI5-AO4yIcUBDA/d=1/excm=_b,_tp,calldesktoppageview/ed=1/dg=0/br=0/wt=2/ujg=1/rs=AL5CKSGkOXmYOZ1iJMqweFQQmFtrkHmpYA/m=_b,_tp?wli=MeetingsUi.CNUHYC6SC00.loadAudioAnalyzer.O%3A%3BMeetingsUi.xii40Mq5ps0.loadAudioEncoder.O%3A%3BMeetingsUi.H1nLoDTpHoA.loadNetEqLyraWrapper.O%3A%3BMeetingsUi.BgSaBhM4mEg.loadNetEqWrapper.O%3A%3B (294)
[17440:17504:0416/151024.108:INFO:CONSOLE(294)] "Uncaught (in promise) cancel: Disposed before init", source: https://meet.google.com/_/scs/mss-static/_/js/k=boq-rtc.MeetingsUi.en_US.gaPuSYD7VvY.2020.O/am=xrgDIJBGAwQAYwEDkAACAASAMgAgUgODAwEEAHlwAAhgAAAAEICighgDAADgBgAEiI5-AO4yIcUBDA/d=1/excm=_b,_tp,calldesktoppageview/ed=1/dg=0/br=0/wt=2/ujg=1/rs=AL5CKSGkOXmYOZ1iJMqweFQQmFtrkHmpYA/m=_b,_tp?wli=MeetingsUi.CNUHYC6SC00.loadAudioAnalyzer.O%3A%3BMeetingsUi.xii40Mq5ps0.loadAudioEncoder.O%3A%3BMeetingsUi.H1nLoDTpHoA.loadNetEqLyraWrapper.O%3A%3BMeetingsUi.BgSaBhM4mEg.loadNetEqWrapper.O%3A%3B (294)
[17440:17504:0416/151024.108:INFO:CONSOLE(294)] "Uncaught (in promise) cancel: Signal asynchronously disposed", source: https://meet.google.com/_/scs/mss-static/_/js/k=boq-rtc.MeetingsUi.en_US.gaPuSYD7VvY.2020.O/am=xrgDIJBGAwQAYwEDkAACAASAMgAgUgODAwEEAHlwAAhgAAAAEICighgDAADgBgAEiI5-AO4yIcUBDA/d=1/excm=_b,_tp,calldesktoppageview/ed=1/dg=0/br=0/wt=2/ujg=1/rs=AL5CKSGkOXmYOZ1iJMqweFQQmFtrkHmpYA/m=_b,_tp?wli=MeetingsUi.CNUHYC6SC00.loadAudioAnalyzer.O%3A%3BMeetingsUi.xii40Mq5ps0.loadAudioEncoder.O%3A%3BMeetingsUi.H1nLoDTpHoA.loadNetEqLyraWrapper.O%3A%3BMeetingsUi.BgSaBhM4mEg.loadNetEqWrapper.O%3A%3B (294)
[17440:17504:0416/151024.108:INFO:CONSOLE(294)] "Uncaught (in promise) cancel: Signal asynchronously disposed", source: https://meet.google.com/_/scs/mss-static/_/js/k=boq-rtc.MeetingsUi.en_US.gaPuSYD7VvY.2020.O/am=xrgDIJBGAwQAYwEDkAACAASAMgAgUgODAwEEAHlwAAhgAAAAEICighgDAADgBgAEiI5-AO4yIcUBDA/d=1/excm=_b,_tp,calldesktoppageview/ed=1/dg=0/br=0/wt=2/ujg=1/rs=AL5CKSGkOXmYOZ1iJMqweFQQmFtrkHmpYA/m=_b,_tp?wli=MeetingsUi.CNUHYC6SC00.loadAudioAnalyzer.O%3A%3BMeetingsUi.xii40Mq5ps0.loadAudioEncoder.O%3A%3BMeetingsUi.H1nLoDTpHoA.loadNetEqLyraWrapper.O%3A%3BMeetingsUi.BgSaBhM4mEg.loadNetEqWrapper.O%3A%3B (294)
[17440:17504:0416/151024.112:INFO:CONSOLE(294)] "Uncaught (in promise) cancel: Signal asynchronously disposed", source: https://meet.google.com/_/scs/mss-static/_/js/k=boq-rtc.MeetingsUi.en_US.gaPuSYD7VvY.2020.O/am=xrgDIJBGAwQAYwEDkAACAASAMgAgUgODAwEEAHlwAAhgAAAAEICighgDAADgBgAEiI5-AO4yIcUBDA/d=1/excm=_b,_tp,calldesktoppageview/ed=1/dg=0/br=0/wt=2/ujg=1/rs=AL5CKSGkOXmYOZ1iJMqweFQQmFtrkHmpYA/m=_b,_tp?wli=MeetingsUi.CNUHYC6SC00.loadAudioAnalyzer.O%3A%3BMeetingsUi.xii40Mq5ps0.loadAudioEncoder.O%3A%3BMeetingsUi.H1nLoDTpHoA.loadNetEqLyraWrapper.O%3A%3BMeetingsUi.BgSaBhM4mEg.loadNetEqWrapper.O%3A%3B (294)
[17440:17504:0416/151024.125:INFO:CONSOLE(294)] "Uncaught (in promise) cancel: Signal asynchronously disposed", source: https://meet.google.com/_/scs/mss-static/_/js/k=boq-rtc.MeetingsUi.en_US.gaPuSYD7VvY.2020.O/am=xrgDIJBGAwQAYwEDkAACAASAMgAgUgODAwEEAHlwAAhgAAAAEICighgDAADgBgAEiI5-AO4yIcUBDA/d=1/excm=_b,_tp,calldesktoppageview/ed=1/dg=0/br=0/wt=2/ujg=1/rs=AL5CKSGkOXmYOZ1iJMqweFQQmFtrkHmpYA/m=_b,_tp?wli=MeetingsUi.CNUHYC6SC00.loadAudioAnalyzer.O%3A%3BMeetingsUi.xii40Mq5ps0.loadAudioEncoder.O%3A%3BMeetingsUi.H1nLoDTpHoA.loadNetEqLyraWrapper.O%3A%3BMeetingsUi.BgSaBhM4mEg.loadNetEqWrapper.O%3A%3B (294)
[17440:17504:0416/151024.129:INFO:CONSOLE(294)] "Uncaught (in promise) cancel: Signal asynchronously disposed", source: https://meet.google.com/_/scs/mss-static/_/js/k=boq-rtc.MeetingsUi.en_US.gaPuSYD7VvY.2020.O/am=xrgDIJBGAwQAYwEDkAACAASAMgAgUgODAwEEAHlwAAhgAAAAEICighgDAADgBgAEiI5-AO4yIcUBDA/d=1/excm=_b,_tp,calldesktoppageview/ed=1/dg=0/br=0/wt=2/ujg=1/rs=AL5CKSGkOXmYOZ1iJMqweFQQmFtrkHmpYA/m=_b,_tp?wli=MeetingsUi.CNUHYC6SC00.loadAudioAnalyzer.O%3A%3BMeetingsUi.xii40Mq5ps0.loadAudioEncoder.O%3A%3BMeetingsUi.H1nLoDTpHoA.loadNetEqLyraWrapper.O%3A%3BMeetingsUi.BgSaBhM4mEg.loadNetEqWrapper.O%3A%3B (294)
[17440:17504:0416/151024.129:INFO:CONSOLE(294)] "Uncaught (in promise) cancel: Signal asynchronously disposed", source: https://meet.google.com/_/scs/mss-static/_/js/k=boq-rtc.MeetingsUi.en_US.gaPuSYD7VvY.2020.O/am=xrgDIJBGAwQAYwEDkAACAASAMgAgUgODAwEEAHlwAAhgAAAAEICighgDAADgBgAEiI5-AO4yIcUBDA/d=1/excm=_b,_tp,calldesktoppageview/ed=1/dg=0/br=0/wt=2/ujg=1/rs=AL5CKSGkOXmYOZ1iJMqweFQQmFtrkHmpYA/m=_b,_tp?wli=MeetingsUi.CNUHYC6SC00.loadAudioAnalyzer.O%3A%3BMeetingsUi.xii40Mq5ps0.loadAudioEncoder.O%3A%3BMeetingsUi.H1nLoDTpHoA.loadNetEqLyraWrapper.O%3A%3BMeetingsUi.BgSaBhM4mEg.loadNetEqWrapper.O%3A%3B (294)
[17440:17504:0416/151024.133:INFO:CONSOLE(294)] "Uncaught (in promise) cancel: Disposed before init", source: https://meet.google.com/_/scs/mss-static/_/js/k=boq-rtc.MeetingsUi.en_US.gaPuSYD7VvY.2020.O/am=xrgDIJBGAwQAYwEDkAACAASAMgAgUgODAwEEAHlwAAhgAAAAEICighgDAADgBgAEiI5-AO4yIcUBDA/d=1/excm=_b,_tp,calldesktoppageview/ed=1/dg=0/br=0/wt=2/ujg=1/rs=AL5CKSGkOXmYOZ1iJMqweFQQmFtrkHmpYA/m=_b,_tp?wli=MeetingsUi.CNUHYC6SC00.loadAudioAnalyzer.O%3A%3BMeetingsUi.xii40Mq5ps0.loadAudioEncoder.O%3A%3BMeetingsUi.H1nLoDTpHoA.loadNetEqLyraWrapper.O%3A%3BMeetingsUi.BgSaBhM4mEg.loadNetEqWrapper.O%3A%3B (294)
[17440:17504:0416/151024.133:INFO:CONSOLE(4342)] "Uncaught (in promise) DisconnectedError: DisconnectedError, EndCause = 72", source: https://meet.google.com/_/scs/mss-static/_/js/k=boq-rtc.MeetingsUi.en_US.gaPuSYD7VvY.2020.O/ck=boq-rtc.MeetingsUi.fty8OhQoEVQ.L.B1.O/am=xrgDIJBGAwQAYwEDkAACAASAMgAgUgODAwEEAHlwAAhgAAAAEICighgDAADgBgAEiI5-AO4yIcUBDA/d=1/exm=LEikZe,_b,_tp,byfTOb,lsjVmc/excm=_b,_tp,calldesktoppageview/ed=1/br=0/wt=2/ujg=1/rs=AL5CKSFZqD0GUBW9Zp13NTkJGiaTbCvMXQ/ee=AM9HZd:vCak4b;BjCzpe:Yvr34d;Bnf5Lc:iPDrZd;CDC4qf:q6fE0e;CMRktf:sGrqec;DGWCxb:CgYiQ;E1tgbf:hMxPK;EAoUvb:aKikzb;EVNhjf:pw70Gc;EfKZq:QO2YB;EmZ2Bf:zr1jrb;GKUnZb:WNRENb;GmdGTd:Ct4wsb;IXc14:VZgraf;J9XQCb:ojlpPe;JLGZx:oSnDHf;JsINff:yeaFZ;JsbNhc:Xd8iUd;K5nYTd:ZDZcre;KKym4b:dTTbnb;KNpT6b:iSCite;KgXQpf:pQJdrb;LBgRLc:SdcwHb;LQJKcd:WuS5Ye;MJ6mxb:ubdYZ;Me32dd:MEeYgc;N8ehxe:AKukpf;NAHCGe:mxiOOb;NPKaK:SdcwHb;NSEoX:lazG7b;OOoYAb:Oj9pPe;PRDQhf:ux3mLc;PgXDBd:dm1dhc;Pjplud:EEDORb;QGR0gd:Mlhmy;QhhnXd:UqJYYe;RRwdt:gGRuRe;RYWUUc:anescc;Rh5nIc:JScXmc;SIjcAd:jrKD8b;SL22ab:CBRamd;SNUn3:ZwDk9d;SVOR2e:RqS4qe;SVvzme:BPB8ib;ScI3Yc:e7Hzgb;Szy1cf:nBpGQ;TB8xhd:AGa58c;ULs67c:bdUBJc;Up9aO:kY43Sc;Uvc8o:VDovNc;V7j7Sb:stsTjb;VJwZIe:q5U1uf;X6zUkd:u0z0vd;XSYl9e:GNVVIb;YBlgBf:LMo5Id;YIZmRd:A1yn5d;Ycdno:rkQZze;YfZO5c:CVuqWd;ZE1Tgd:kZF9ne;ZGeKvd:rb5w8b;ZT1aHd:g7FNPe;ZaFVgc:wOWhl;ZjyI3e:W2v6fc;a56pNe:JEfCwb;aPdIxb:F52gIc;bS8oAe:Kimhwf;brg6Gd:TlvL3b;cEt90b:ws9Tlc;cFl0Ie:PWJipc;cJj1Kd:A5k23d;cYTQve:GhXhl;cgbTHc:G8ycZ;dDPGef:IiQq4e;dIoSBb:SpsfSb;dYFttf:ZRxAzc;dowIGb:ebZ3mb;eBAeSb:zbML3c;esl3oe:Qz2vJf;fh9ycc:gHNvKb;g2wfV:DcDVld;gAClPb:ghdkwd;hgud7d:GNh0Qc;hoquJe:EjBUIf;iFQyKf:QIhFr;iKsOgb:cWjcJb;jRrT5d:EHUI2d;jg0vue:iItGlf;jtBjNe:dWHZee;kNqx7b:gzp7wb;kqpyR:qIJF2;l4RAwd:h5Fnie;l6twR:Fvyyad;lJ7cgb:Erp0q;lOO0Vd:OTA3Ae;lx9iFf:nVFiIc;m4bwx:htQxyf;nAFL3:s39S4;oFd48c:l7VM1e;oGtAuc:sOXFj;oJejCf:u1kdYb;p0iB4:VQhtq;pXdRYb:MdUzUe;qSBODf:H8X5pc;qafBPd:yDVVkb;qddgKe:xQtZb;qgOdad:vko54d;rWx8Cc:DxgUF;rarsed:Mb2qyd;rpiri:tZyrxe;sgnAWd:HkSoT;ssiZFc:BhQ85d;vKM7Jb:cWjcJb;w1T0Td:xpWMVc;wR5FRb:O1Gjze;x2i2de:zeWni;x4CZme:lCtfC;xbOSgd:e5G55;xqZiqf:wmnU7d;ye9FMd:KC9GA;yxTchf:KUM7Z;zBvUNc:fT8Mbb;zJxI2:kxz7Nb;zxnPse:GkRiKb/m=ws9Tlc,n73qwf,GkRiKb,e5qFLc,IZT63,UUJqVe,O1Gjze,xUdipf,ZDZcre,OTA3Ae,ZwDk9d,RyvaUb,mI3LFb,XU5LFb,m9oV,hl,P6sQOc,QcfBve,mzzZzc,rCcCxc,mSX26d,WO9ee,JGjVRe,ncpZGe,CJeEuc,en2VH,ALJJub,kRDR8c,H9H6ie,sszRX,FU117c,QQnX0,uHu91b,kgMFLe,hKCjub,O6y8ed,PrPYRd,MpJwZc,NwH0H,V3dDOb,lazG7b,Ivl8bd,g9HNd,XVMNvd,L1AAkb,KUM7Z,Fl2dbf,s39S4,lwddkf,gychg,w9hDv,RMhBfe,SdcwHb,aW3pY,texUgd,pw70Gc,EFQ78c,Ulmmrd,A7fCU,mdR7q,wmnU7d,xQtZb,FSOnAf,gJzDyc,JNoxi,MI6k7c,kjKdXe,BVgquf,QIhFr,lfpdyf,hKSk3e,hc6Ubd,SpsfSb,Z5uLle,MdUzUe,zbML3c,zr1jrb,Uas9Hd,pjICDe?wli=MeetingsUi.CNUHYC6SC00.loadAudioAnalyzer.O%3A%3BMeetingsUi.xii40Mq5ps0.loadAudioEncoder.O%3A%3BMeetingsUi.H1nLoDTpHoA.loadNetEqLyraWrapper.O%3A%3BMeetingsUi.BgSaBhM4mEg.loadNetEqWrapper.O%3A%3B (4342)
[17440:17504:0416/151024.137:INFO:CONSOLE(4342)] "Uncaught (in promise) DisconnectedError: DisconnectedError, EndCause = 72", source: https://meet.google.com/_/scs/mss-static/_/js/k=boq-rtc.MeetingsUi.en_US.gaPuSYD7VvY.2020.O/ck=boq-rtc.MeetingsUi.fty8OhQoEVQ.L.B1.O/am=xrgDIJBGAwQAYwEDkAACAASAMgAgUgODAwEEAHlwAAhgAAAAEICighgDAADgBgAEiI5-AO4yIcUBDA/d=1/exm=LEikZe,_b,_tp,byfTOb,lsjVmc/excm=_b,_tp,calldesktoppageview/ed=1/br=0/wt=2/ujg=1/rs=AL5CKSFZqD0GUBW9Zp13NTkJGiaTbCvMXQ/ee=AM9HZd:vCak4b;BjCzpe:Yvr34d;Bnf5Lc:iPDrZd;CDC4qf:q6fE0e;CMRktf:sGrqec;DGWCxb:CgYiQ;E1tgbf:hMxPK;EAoUvb:aKikzb;EVNhjf:pw70Gc;EfKZq:QO2YB;EmZ2Bf:zr1jrb;GKUnZb:WNRENb;GmdGTd:Ct4wsb;IXc14:VZgraf;J9XQCb:ojlpPe;JLGZx:oSnDHf;JsINff:yeaFZ;JsbNhc:Xd8iUd;K5nYTd:ZDZcre;KKym4b:dTTbnb;KNpT6b:iSCite;KgXQpf:pQJdrb;LBgRLc:SdcwHb;LQJKcd:WuS5Ye;MJ6mxb:ubdYZ;Me32dd:MEeYgc;N8ehxe:AKukpf;NAHCGe:mxiOOb;NPKaK:SdcwHb;NSEoX:lazG7b;OOoYAb:Oj9pPe;PRDQhf:ux3mLc;PgXDBd:dm1dhc;Pjplud:EEDORb;QGR0gd:Mlhmy;QhhnXd:UqJYYe;RRwdt:gGRuRe;RYWUUc:anescc;Rh5nIc:JScXmc;SIjcAd:jrKD8b;SL22ab:CBRamd;SNUn3:ZwDk9d;SVOR2e:RqS4qe;SVvzme:BPB8ib;ScI3Yc:e7Hzgb;Szy1cf:nBpGQ;TB8xhd:AGa58c;ULs67c:bdUBJc;Up9aO:kY43Sc;Uvc8o:VDovNc;V7j7Sb:stsTjb;VJwZIe:q5U1uf;X6zUkd:u0z0vd;XSYl9e:GNVVIb;YBlgBf:LMo5Id;YIZmRd:A1yn5d;Ycdno:rkQZze;YfZO5c:CVuqWd;ZE1Tgd:kZF9ne;ZGeKvd:rb5w8b;ZT1aHd:g7FNPe;ZaFVgc:wOWhl;ZjyI3e:W2v6fc;a56pNe:JEfCwb;aPdIxb:F52gIc;bS8oAe:Kimhwf;brg6Gd:TlvL3b;cEt90b:ws9Tlc;cFl0Ie:PWJipc;cJj1Kd:A5k23d;cYTQve:GhXhl;cgbTHc:G8ycZ;dDPGef:IiQq4e;dIoSBb:SpsfSb;dYFttf:ZRxAzc;dowIGb:ebZ3mb;eBAeSb:zbML3c;esl3oe:Qz2vJf;fh9ycc:gHNvKb;g2wfV:DcDVld;gAClPb:ghdkwd;hgud7d:GNh0Qc;hoquJe:EjBUIf;iFQyKf:QIhFr;iKsOgb:cWjcJb;jRrT5d:EHUI2d;jg0vue:iItGlf;jtBjNe:dWHZee;kNqx7b:gzp7wb;kqpyR:qIJF2;l4RAwd:h5Fnie;l6twR:Fvyyad;lJ7cgb:Erp0q;lOO0Vd:OTA3Ae;lx9iFf:nVFiIc;m4bwx:htQxyf;nAFL3:s39S4;oFd48c:l7VM1e;oGtAuc:sOXFj;oJejCf:u1kdYb;p0iB4:VQhtq;pXdRYb:MdUzUe;qSBODf:H8X5pc;qafBPd:yDVVkb;qddgKe:xQtZb;qgOdad:vko54d;rWx8Cc:DxgUF;rarsed:Mb2qyd;rpiri:tZyrxe;sgnAWd:HkSoT;ssiZFc:BhQ85d;vKM7Jb:cWjcJb;w1T0Td:xpWMVc;wR5FRb:O1Gjze;x2i2de:zeWni;x4CZme:lCtfC;xbOSgd:e5G55;xqZiqf:wmnU7d;ye9FMd:KC9GA;yxTchf:KUM7Z;zBvUNc:fT8Mbb;zJxI2:kxz7Nb;zxnPse:GkRiKb/m=ws9Tlc,n73qwf,GkRiKb,e5qFLc,IZT63,UUJqVe,O1Gjze,xUdipf,ZDZcre,OTA3Ae,ZwDk9d,RyvaUb,mI3LFb,XU5LFb,m9oV,hl,P6sQOc,QcfBve,mzzZzc,rCcCxc,mSX26d,WO9ee,JGjVRe,ncpZGe,CJeEuc,en2VH,ALJJub,kRDR8c,H9H6ie,sszRX,FU117c,QQnX0,uHu91b,kgMFLe,hKCjub,O6y8ed,PrPYRd,MpJwZc,NwH0H,V3dDOb,lazG7b,Ivl8bd,g9HNd,XVMNvd,L1AAkb,KUM7Z,Fl2dbf,s39S4,lwddkf,gychg,w9hDv,RMhBfe,SdcwHb,aW3pY,texUgd,pw70Gc,EFQ78c,Ulmmrd,A7fCU,mdR7q,wmnU7d,xQtZb,FSOnAf,gJzDyc,JNoxi,MI6k7c,kjKdXe,BVgquf,QIhFr,lfpdyf,hKSk3e,hc6Ubd,SpsfSb,Z5uLle,MdUzUe,zbML3c,zr1jrb,Uas9Hd,pjICDe?wli=MeetingsUi.CNUHYC6SC00.loadAudioAnalyzer.O%3A%3BMeetingsUi.xii40Mq5ps0.loadAudioEncoder.O%3A%3BMeetingsUi.H1nLoDTpHoA.loadNetEqLyraWrapper.O%3A%3BMeetingsUi.BgSaBhM4mEg.loadNetEqWrapper.O%3A%3B (4342)
[17440:17504:0416/151024.172:WARNING:capture_device_ranking.h(255)] Can't initialize the value of media.audio_input.user_preference_ranking because media.default_audio_capture_device isn't registered or is empty
[17440:17504:0416/151024.172:WARNING:capture_device_ranking.h(255)] Can't initialize the value of media.video_input.user_preference_ranking because media.default_video_capture_Device isn't registered or is empty
[17440:17504:0416/151024.212:INFO:CONSOLE(294)] "Uncaught (in promise) cancel: Signal asynchronously disposed", source: https://meet.google.com/_/scs/mss-static/_/js/k=boq-rtc.MeetingsUi.en_US.gaPuSYD7VvY.2020.O/am=xrgDIJBGAwQAYwEDkAACAASAMgAgUgODAwEEAHlwAAhgAAAAEICighgDAADgBgAEiI5-AO4yIcUBDA/d=1/excm=_b,_tp,calldesktoppageview/ed=1/dg=0/br=0/wt=2/ujg=1/rs=AL5CKSGkOXmYOZ1iJMqweFQQmFtrkHmpYA/m=_b,_tp?wli=MeetingsUi.CNUHYC6SC00.loadAudioAnalyzer.O%3A%3BMeetingsUi.xii40Mq5ps0.loadAudioEncoder.O%3A%3BMeetingsUi.H1nLoDTpHoA.loadNetEqLyraWrapper.O%3A%3BMeetingsUi.BgSaBhM4mEg.loadNetEqWrapper.O%3A%3B (294)
[17440:17504:0416/151024.214:WARNING:capture_device_ranking.h(255)] Can't initialize the value of media.audio_input.user_preference_ranking because media.default_audio_capture_device isn't registered or is empty
[17440:17504:0416/151024.214:WARNING:capture_device_ranking.h(255)] Can't initialize the value of media.video_input.user_preference_ranking because media.default_video_capture_Device isn't registered or is empty
[17440:17504:0416/151024.287:WARNING:capture_device_ranking.h(255)] Can't initialize the value of media.audio_input.user_preference_ranking because media.default_audio_capture_device isn't registered or is empty
[17440:17504:0416/151024.287:WARNING:capture_device_ranking.h(255)] Can't initialize the value of media.video_input.user_preference_ranking because media.default_video_capture_Device isn't registered or is empty
[17440:17504:0416/151024.369:WARNING:capture_device_ranking.h(255)] Can't initialize the value of media.audio_input.user_preference_ranking because media.default_audio_capture_device isn't registered or is empty
[17440:17504:0416/151024.483:INFO:CONSOLE(4342)] "Uncaught (in promise) DisconnectedError: DisconnectedError, EndCause = 72", source: https://meet.google.com/_/scs/mss-static/_/js/k=boq-rtc.MeetingsUi.en_US.gaPuSYD7VvY.2020.O/ck=boq-rtc.MeetingsUi.fty8OhQoEVQ.L.B1.O/am=xrgDIJBGAwQAYwEDkAACAASAMgAgUgODAwEEAHlwAAhgAAAAEICighgDAADgBgAEiI5-AO4yIcUBDA/d=1/exm=LEikZe,_b,_tp,byfTOb,lsjVmc/excm=_b,_tp,calldesktoppageview/ed=1/br=0/wt=2/ujg=1/rs=AL5CKSFZqD0GUBW9Zp13NTkJGiaTbCvMXQ/ee=AM9HZd:vCak4b;BjCzpe:Yvr34d;Bnf5Lc:iPDrZd;CDC4qf:q6fE0e;CMRktf:sGrqec;DGWCxb:CgYiQ;E1tgbf:hMxPK;EAoUvb:aKikzb;EVNhjf:pw70Gc;EfKZq:QO2YB;EmZ2Bf:zr1jrb;GKUnZb:WNRENb;GmdGTd:Ct4wsb;IXc14:VZgraf;J9XQCb:ojlpPe;JLGZx:oSnDHf;JsINff:yeaFZ;JsbNhc:Xd8iUd;K5nYTd:ZDZcre;KKym4b:dTTbnb;KNpT6b:iSCite;KgXQpf:pQJdrb;LBgRLc:SdcwHb;LQJKcd:WuS5Ye;MJ6mxb:ubdYZ;Me32dd:MEeYgc;N8ehxe:AKukpf;NAHCGe:mxiOOb;NPKaK:SdcwHb;NSEoX:lazG7b;OOoYAb:Oj9pPe;PRDQhf:ux3mLc;PgXDBd:dm1dhc;Pjplud:EEDORb;QGR0gd:Mlhmy;QhhnXd:UqJYYe;RRwdt:gGRuRe;RYWUUc:anescc;Rh5nIc:JScXmc;SIjcAd:jrKD8b;SL22ab:CBRamd;SNUn3:ZwDk9d;SVOR2e:RqS4qe;SVvzme:BPB8ib;ScI3Yc:e7Hzgb;Szy1cf:nBpGQ;TB8xhd:AGa58c;ULs67c:bdUBJc;Up9aO:kY43Sc;Uvc8o:VDovNc;V7j7Sb:stsTjb;VJwZIe:q5U1uf;X6zUkd:u0z0vd;XSYl9e:GNVVIb;YBlgBf:LMo5Id;YIZmRd:A1yn5d;Ycdno:rkQZze;YfZO5c:CVuqWd;ZE1Tgd:kZF9ne;ZGeKvd:rb5w8b;ZT1aHd:g7FNPe;ZaFVgc:wOWhl;ZjyI3e:W2v6fc;a56pNe:JEfCwb;aPdIxb:F52gIc;bS8oAe:Kimhwf;brg6Gd:TlvL3b;cEt90b:ws9Tlc;cFl0Ie:PWJipc;cJj1Kd:A5k23d;cYTQve:GhXhl;cgbTHc:G8ycZ;dDPGef:IiQq4e;dIoSBb:SpsfSb;dYFttf:ZRxAzc;dowIGb:ebZ3mb;eBAeSb:zbML3c;esl3oe:Qz2vJf;fh9ycc:gHNvKb;g2wfV:DcDVld;gAClPb:ghdkwd;hgud7d:GNh0Qc;hoquJe:EjBUIf;iFQyKf:QIhFr;iKsOgb:cWjcJb;jRrT5d:EHUI2d;jg0vue:iItGlf;jtBjNe:dWHZee;kNqx7b:gzp7wb;kqpyR:qIJF2;l4RAwd:h5Fnie;l6twR:Fvyyad;lJ7cgb:Erp0q;lOO0Vd:OTA3Ae;lx9iFf:nVFiIc;m4bwx:htQxyf;nAFL3:s39S4;oFd48c:l7VM1e;oGtAuc:sOXFj;oJejCf:u1kdYb;p0iB4:VQhtq;pXdRYb:MdUzUe;qSBODf:H8X5pc;qafBPd:yDVVkb;qddgKe:xQtZb;qgOdad:vko54d;rWx8Cc:DxgUF;rarsed:Mb2qyd;rpiri:tZyrxe;sgnAWd:HkSoT;ssiZFc:BhQ85d;vKM7Jb:cWjcJb;w1T0Td:xpWMVc;wR5FRb:O1Gjze;x2i2de:zeWni;x4CZme:lCtfC;xbOSgd:e5G55;xqZiqf:wmnU7d;ye9FMd:KC9GA;yxTchf:KUM7Z;zBvUNc:fT8Mbb;zJxI2:kxz7Nb;zxnPse:GkRiKb/m=ws9Tlc,n73qwf,GkRiKb,e5qFLc,IZT63,UUJqVe,O1Gjze,xUdipf,ZDZcre,OTA3Ae,ZwDk9d,RyvaUb,mI3LFb,XU5LFb,m9oV,hl,P6sQOc,QcfBve,mzzZzc,rCcCxc,mSX26d,WO9ee,JGjVRe,ncpZGe,CJeEuc,en2VH,ALJJub,kRDR8c,H9H6ie,sszRX,FU117c,QQnX0,uHu91b,kgMFLe,hKCjub,O6y8ed,PrPYRd,MpJwZc,NwH0H,V3dDOb,lazG7b,Ivl8bd,g9HNd,XVMNvd,L1AAkb,KUM7Z,Fl2dbf,s39S4,lwddkf,gychg,w9hDv,RMhBfe,SdcwHb,aW3pY,texUgd,pw70Gc,EFQ78c,Ulmmrd,A7fCU,mdR7q,wmnU7d,xQtZb,FSOnAf,gJzDyc,JNoxi,MI6k7c,kjKdXe,BVgquf,QIhFr,lfpdyf,hKSk3e,hc6Ubd,SpsfSb,Z5uLle,MdUzUe,zbML3c,zr1jrb,Uas9Hd,pjICDe?wli=MeetingsUi.CNUHYC6SC00.loadAudioAnalyzer.O%3A%3BMeetingsUi.xii40Mq5ps0.loadAudioEncoder.O%3A%3BMeetingsUi.H1nLoDTpHoA.loadNetEqLyraWrapper.O%3A%3BMeetingsUi.BgSaBhM4mEg.loadNetEqWrapper.O%3A%3B (4342)
[5536:21972:0416/151024.632:INFO:audio_processing_impl.cc(463)] Injected APM submodules:
Echo control factory: 0
Echo detector: 0
Capture analyzer: 0
Capture post processor: 0
Render pre processor: 0
[5536:21972:0416/151024.632:INFO:audio_processing_impl.cc(476)] AudioProcessing: AudioProcessing::Config{ pipeline: { maximum_internal_processing_rate: 48000, multi_channel_render: 1, multi_channel_capture: 0 }, pre_amplifier: { enabled: 0, fixed_gain_factor: 1 },capture_level_adjustment: { enabled: 0, pre_gain_factor: 1, post_gain_factor: 1, analog_mic_gain_emulation: { enabled: 0, initial_level: 255 }}, high_pass_filter: { enabled: 0 }, echo_canceller: { enabled: 1, mobile_mode: 0, enforce_high_pass_filtering: 1 }, noise_suppression: { enabled: 1, level: High }, transient_suppression: { enabled: 0 }, gain_controller1: { enabled: 0, mode: AdaptiveAnalog, target_level_dbfs: 3, compression_gain_db: 9, enable_limiter: 1, analog_gain_controller { enabled: 0, startup_min_volume: 0, clipped_level_min: 70, enable_digital_adaptive: 0, clipped_level_step: 15, clipped_ratio_threshold: 0.1, clipped_wait_frames: 300, clipping_predictor:  { enabled: 0, mode: 0, window_length: 5, reference_window_length: 5, reference_window_delay: 5, clipping_threshold: -1, crest_factor_margin: 3, use_predicted_step: 1 }}}, gain_controller2: { enabled: 1, fixed_digital: { gain_db: 0 }, adaptive_digital: { enabled: 1, headroom_db: 5, max_gain_db: 50, initial_gain_db: 15, max_gain_change_db_per_second: 6, max_output_noise_level_dbfs: -50 }, input_volume_control : { enabled 1}}
[5536:21972:0416/151024.632:INFO:transparent_mode.cc(243)] AEC3 Transparent Mode: Legacy
[5536:21972:0416/151024.632:INFO:echo_canceller3.cc(806)] AEC3 created with sample rate: 16000 Hz, num render channels: 1, num capture channels: 1
[5536:21972:0416/151024.632:INFO:clipping_predictor.cc(361)] [AGC2] Clipping prediction enabled.
[5536:21972:0416/151024.637:INFO:input_volume_controller.cc(375)] [AGC2] Input volume controller enabled. Minimum input volume: 20
[5536:23468:0416/151024.657:INFO:transparent_mode.cc(243)] AEC3 Transparent Mode: Legacy
[5536:23468:0416/151024.657:INFO:echo_canceller3.cc(806)] AEC3 created with sample rate: 48000 Hz, num render channels: 1, num capture channels: 1
[5536:23468:0416/151024.662:INFO:clipping_predictor.cc(361)] [AGC2] Clipping prediction enabled.
[5536:23468:0416/151024.662:INFO:input_volume_controller.cc(375)] [AGC2] Input volume controller enabled. Minimum input volume: 20
[17440:17504:0416/151024.692:WARNING:capture_device_ranking.h(255)] Can't initialize the value of media.video_input.user_preference_ranking because media.default_video_capture_Device isn't registered or is empty
[17440:17504:0416/151024.734:WARNING:capture_device_ranking.h(255)] Can't initialize the value of media.audio_input.user_preference_ranking because media.default_audio_capture_device isn't registered or is empty
[17440:17504:0416/151024.734:WARNING:capture_device_ranking.h(255)] Can't initialize the value of media.video_input.user_preference_ranking because media.default_video_capture_Device isn't registered or is empty
[17440:17504:0416/151024.772:WARNING:capture_device_ranking.h(255)] Can't initialize the value of media.video_input.user_preference_ranking because media.default_video_capture_Device isn't registered or is empty
[17440:17504:0416/151024.792:WARNING:capture_device_ranking.h(255)] Can't initialize the value of media.audio_input.user_preference_ranking because media.default_audio_capture_device isn't registered or is empty
[17440:17504:0416/151024.792:WARNING:capture_device_ranking.h(255)] Can't initialize the value of media.video_input.user_preference_ranking because media.default_video_capture_Device isn't registered or is empty
[12540:10792:0416/151025.232:INFO:cpu_info.cc(53)] Available number of cores: 4
[17440:17504:0416/151030.924:INFO:CONSOLE(50)] "Found button by class: .VfPpkd-LgbsSe-OWXEXe-dgl2Hf:not([aria-label*="learn"])", source:  (50)
[17440:17504:0416/151031.662:WARNING:controller_impl.cc(1187)] Background download complete, client: 6, completion type: 0, file size:265059
[17440:17504:0416/151031.667:WARNING:controller_impl.cc(1187)] Background download complete, client: 6, completion type: 0, file size:5152
[17440:17504:0416/151033.127:WARNING:controller_impl.cc(1187)] Background download complete, client: 6, completion type: 0, file size:2200227
[17440:17504:0416/151033.272:WARNING:controller_impl.cc(1187)] Background download complete, client: 6, completion type: 0, file size:883094
[5536:23468:0416/151034.652:INFO:adaptive_digital_gain_controller.cc(208)] AGC2 adaptive digital | speech_dbfs: -40 | noise_dbfs: -63.3009 | headroom_db: 20 | gain_db: 3.96905
[17440:17504:0416/151034.734:WARNING:controller_impl.cc(1187)] Background download complete, client: 6, completion type: 0, file size:45148
[17440:17504:0416/151036.892:WARNING:controller_impl.cc(1187)] Background download complete, client: 6, completion type: 0, file size:2992963
[17440:17504:0416/151038.053:WARNING:controller_impl.cc(1187)] Background download complete, client: 6, completion type: 0, file size:4680
[17440:17504:0416/151038.507:WARNING:controller_impl.cc(1187)] Background download complete, client: 6, completion type: 0, file size:2747169
[17440:17504:0416/151038.761:WARNING:controller_impl.cc(1187)] Background download complete, client: 6, completion type: 0, file size:118577
[5536:23468:0416/151044.652:INFO:adaptive_digital_gain_controller.cc(208)] AGC2 adaptive digital | speech_dbfs: -40 | noise_dbfs: -63.3009 | headroom_db: 20 | gain_db: 2.72507
[7124:9492:0416/151049.517:INFO:peer_connection.cc(626)] Session: 3681282409477876558 is destroyed.
[5536:23468:0416/151054.658:INFO:input_volume_controller.cc(101)] [AGC2] Input clipping rate: 0%
[5536:23468:0416/151054.658:INFO:adaptive_digital_gain_controller.cc(208)] AGC2 adaptive digital | speech_dbfs: -40 | noise_dbfs: -63.3009 | headroom_db: 20 | gain_db: 2.72507
[5536:23468:0416/151054.658:INFO:gain_controller2.cc(270)] [AGC2] limiter stats | identity: 56311 | knee: 1077 | limiter: 613 | saturation: 1999
[5536:23468:0416/151104.657:INFO:adaptive_digital_gain_controller.cc(208)] AGC2 adaptive digital | speech_dbfs: -40 | noise_dbfs: -63.3009 | headroom_db: 20 | gain_db: 2.72507
[5536:23468:0416/151114.652:INFO:adaptive_digital_gain_controller.cc(208)] AGC2 adaptive digital | speech_dbfs: -40 | noise_dbfs: -63.3009 | headroom_db: 20 | gain_db: 2.72507
[5536:23468:0416/151124.653:INFO:input_volume_controller.cc(101)] [AGC2] Input clipping rate: 0%
[5536:23468:0416/151124.653:INFO:adaptive_digital_gain_controller.cc(208)] AGC2 adaptive digital | speech_dbfs: -40 | noise_dbfs: -63.3009 | headroom_db: 20 | gain_db: 2.72507
[5536:23468:0416/151124.653:INFO:gain_controller2.cc(270)] [AGC2] limiter stats | identity: 116311 | knee: 1077 | limiter: 613 | saturation: 1999
[5536:23468:0416/151134.657:INFO:adaptive_digital_gain_controller.cc(208)] AGC2 adaptive digital | speech_dbfs: -40 | noise_dbfs: -63.3009 | headroom_db: 20 | gain_db: 2.72507
[5536:23468:0416/151144.654:INFO:adaptive_digital_gain_controller.cc(208)] AGC2 adaptive digital | speech_dbfs: -40 | noise_dbfs: -63.3009 | headroom_db: 20 | gain_db: 2.72507
[5536:23468:0416/151154.657:INFO:input_volume_controller.cc(101)] [AGC2] Input clipping rate: 0%
[5536:23468:0416/151154.657:INFO:adaptive_digital_gain_controller.cc(208)] AGC2 adaptive digital | speech_dbfs: -40 | noise_dbfs: -63.3009 | headroom_db: 20 | gain_db: 2.72507
[5536:23468:0416/151154.657:INFO:gain_controller2.cc(270)] [AGC2] limiter stats | identity: 176311 | knee: 1077 | limiter: 613 | saturation: 1999
[5536:23468:0416/151204.652:INFO:adaptive_digital_gain_controller.cc(208)] AGC2 adaptive digital | speech_dbfs: -40 | noise_dbfs: -63.3009 | headroom_db: 20 | gain_db: 2.72507
[5536:23468:0416/151214.651:INFO:adaptive_digital_gain_controller.cc(208)] AGC2 adaptive digital | speech_dbfs: -40 | noise_dbfs: -51.3528 | headroom_db: 20 | gain_db: 1.35281
[5536:23468:0416/151224.653:INFO:input_volume_controller.cc(101)] [AGC2] Input clipping rate: 0%
[5536:23468:0416/151224.653:INFO:adaptive_digital_gain_controller.cc(208)] AGC2 adaptive digital | speech_dbfs: -40 | noise_dbfs: -51.3528 | headroom_db: 20 | gain_db: 1.35281
[5536:23468:0416/151224.653:INFO:gain_controller2.cc(270)] [AGC2] limiter stats | identity: 236311 | knee: 1077 | limiter: 613 | saturation: 1999
[5536:23468:0416/151234.652:INFO:adaptive_digital_gain_controller.cc(208)] AGC2 adaptive digital | speech_dbfs: -40 | noise_dbfs: -51.3528 | headroom_db: 20 | gain_db: 1.35281
[5536:23468:0416/151244.657:INFO:adaptive_digital_gain_controller.cc(208)] AGC2 adaptive digital | speech_dbfs: -40 | noise_dbfs: -51.3528 | headroom_db: 20 | gain_db: 1.35281
[5536:23468:0416/151254.657:INFO:input_volume_controller.cc(101)] [AGC2] Input clipping rate: 0%
[5536:23468:0416/151254.657:INFO:adaptive_digital_gain_controller.cc(208)] AGC2 adaptive digital | speech_dbfs: -40 | noise_dbfs: -51.3528 | headroom_db: 20 | gain_db: 1.35281
[5536:23468:0416/151254.657:INFO:gain_controller2.cc(270)] [AGC2] limiter stats | identity: 296311 | knee: 1077 | limiter: 613 | saturation: 1999
[5536:23468:0416/151304.657:INFO:adaptive_digital_gain_controller.cc(208)] AGC2 adaptive digital | speech_dbfs: -40 | noise_dbfs: -49.685 | headroom_db: 20 | gain_db: 0
[5536:23468:0416/151314.656:INFO:adaptive_digital_gain_controller.cc(208)] AGC2 adaptive digital | speech_dbfs: -40 | noise_dbfs: -49.685 | headroom_db: 20 | gain_db: 0
[5536:23468:0416/151324.663:INFO:input_volume_controller.cc(101)] [AGC2] Input clipping rate: 0%
[5536:23468:0416/151324.663:INFO:adaptive_digital_gain_controller.cc(208)] AGC2 adaptive digital | speech_dbfs: -40 | noise_dbfs: -49.685 | headroom_db: 20 | gain_db: 0
[5536:23468:0416/151324.663:INFO:gain_controller2.cc(270)] [AGC2] limiter stats | identity: 356311 | knee: 1077 | limiter: 613 | saturation: 1999
[5536:23468:0416/151334.662:INFO:adaptive_digital_gain_controller.cc(208)] AGC2 adaptive digital | speech_dbfs: -40 | noise_dbfs: -49.685 | headroom_db: 20 | gain_db: 0
[5536:23468:0416/151344.663:INFO:adaptive_digital_gain_controller.cc(208)] AGC2 adaptive digital | speech_dbfs: -40 | noise_dbfs: -49.685 | headroom_db: 20 | gain_db: 0
[5536:23468:0416/151354.661:INFO:input_volume_controller.cc(101)] [AGC2] Input clipping rate: 0%
[5536:23468:0416/151354.661:INFO:adaptive_digital_gain_controller.cc(208)] AGC2 adaptive digital | speech_dbfs: -40 | noise_dbfs: -49.0424 | headroom_db: 20 | gain_db: 0
[5536:23468:0416/151354.661:INFO:gain_controller2.cc(270)] [AGC2] limiter stats | identity: 416311 | knee: 1077 | limiter: 613 | saturation: 1999
[5536:23468:0416/151404.665:INFO:adaptive_digital_gain_controller.cc(208)] AGC2 adaptive digital | speech_dbfs: -40 | noise_dbfs: -49.0424 | headroom_db: 20 | gain_db: 0
[5536:23468:0416/151414.661:INFO:adaptive_digital_gain_controller.cc(208)] AGC2 adaptive digital | speech_dbfs: -40 | noise_dbfs: -49.0424 | headroom_db: 20 | gain_db: 0
[5536:23468:0416/151424.665:INFO:input_volume_controller.cc(101)] [AGC2] Input clipping rate: 0%
[5536:23468:0416/151424.665:INFO:adaptive_digital_gain_controller.cc(208)] AGC2 adaptive digital | speech_dbfs: -40 | noise_dbfs: -49.0424 | headroom_db: 20 | gain_db: 0
[5536:23468:0416/151424.665:INFO:gain_controller2.cc(270)] [AGC2] limiter stats | identity: 476311 | knee: 1077 | limiter: 613 | saturation: 1999
[17440:17504:0416/151425.280:WARNING:page_discarding_helper.cc(159)] Discarding multiple pages with target (kb): 0, discard_protected_tabs: 0
[5536:23468:0416/151434.664:INFO:adaptive_digital_gain_controller.cc(208)] AGC2 adaptive digital | speech_dbfs: -40 | noise_dbfs: -49.0424 | headroom_db: 20 | gain_db: 0
